(1749) 2021.06.04-16:13:46.80 - <info> (mqtt)Message_receive: {"CMD":"HAVE A MESSAGE"}
(1749) 2021.06.04-16:13:46.81 - <info> (mqtt)Message_send: HAVE A RSP
(1749) 2021.06.04-16:14:16.84 - <info> (mqtt)Message_receive: {"CMD":"HAVE A MESSAGE"}
(1749) 2021.06.04-16:14:16.85 - <info> (mqtt)Message_send: HAVE A RSP
(1749) 2021.06.04-16:14:46.81 - <info> (mqtt)Message_receive: {"CMD":"HAVE A MESSAGE"}
(1749) 2021.06.04-16:14:46.83 - <info> (mqtt)Message_send: HAVE A RSP
(1748) 2021.06.04-16:14:51.52 - <info> (rsp)91 8f 92 0 1 0 5 7 0 
(1748) 2021.06.04-16:14:51.53 - <info> (mqtt)Message_send:{ "CMD": "STATUS_ONLINE", "DATA": { "DEVICE_UNICAST_ID": 146 } }
(1748) 2021.06.04-16:14:51.55 - <info> (rsp)91 8f 8c 0 1 0 5 7 0 
(1748) 2021.06.04-16:14:51.57 - <info> (mqtt)Message_send:{ "CMD": "STATUS_ONLINE", "DATA": { "DEVICE_UNICAST_ID": 140 } }
(1748) 2021.06.04-16:14:51.58 - <info> (rsp)91 8f 86 0 1 0 5 7 0 
(1748) 2021.06.04-16:14:51.59 - <info> (mqtt)Message_send:{ "CMD": "STATUS_ONLINE", "DATA": { "DEVICE_UNICAST_ID": 134 } }
(1748) 2021.06.04-16:14:51.62 - <info> (rsp)91 8f 68 0 1 0 5 7 0 
(1748) 2021.06.04-16:14:51.63 - <info> (mqtt)Message_send:{ "CMD": "STATUS_ONLINE", "DATA": { "DEVICE_UNICAST_ID": 104 } }
(1748) 2021.06.04-16:14:51.77 - <info> (rsp)91 8f 82 0 1 0 5 7 0 
(1748) 2021.06.04-16:14:51.78 - <info> (mqtt)Message_send:{ "CMD": "STATUS_ONLINE", "DATA": { "DEVICE_UNICAST_ID": 130 } }
(1748) 2021.06.04-16:14:51.79 - <info> (rsp)91 8f 6a 0 1 0 5 7 0 
(1748) 2021.06.04-16:14:51.80 - <info> (mqtt)Message_send:{ "CMD": "STATUS_ONLINE", "DATA": { "DEVICE_UNICAST_ID": 106 } }
(1748) 2021.06.04-16:14:51.81 - <info> (rsp)91 8f 74 0 1 0 5 7 0 
(1748) 2021.06.04-16:14:51.83 - <info> (mqtt)Message_send:{ "CMD": "STATUS_ONLINE", "DATA": { "DEVICE_UNICAST_ID": 116 } }
(1748) 2021.06.04-16:14:51.84 - <info> (rsp)91 8f 90 0 1 0 5 7 0 
(1748) 2021.06.04-16:14:51.85 - <info> (mqtt)Message_send:{ "CMD": "STATUS_ONLINE", "DATA": { "DEVICE_UNICAST_ID": 144 } }
(1748) 2021.06.04-16:14:51.86 - <info> (rsp)91 8f 5d 0 1 0 5 7 0 
(1748) 2021.06.04-16:14:51.87 - <info> (mqtt)Message_send:{ "CMD": "STATUS_ONLINE", "DATA": { "DEVICE_UNICAST_ID": 93 } }
(1748) 2021.06.04-16:14:51.91 - <info> (rsp)91 8f 94 0 1 0 5 7 0 
(1748) 2021.06.04-16:14:51.92 - <info> (mqtt)Message_send:{ "CMD": "STATUS_ONLINE", "DATA": { "DEVICE_UNICAST_ID": 148 } }
(1748) 2021.06.04-16:14:51.93 - <info> (rsp)91 8f 6c 0 1 0 5 7 0 
(1748) 2021.06.04-16:14:51.94 - <info> (mqtt)Message_send:{ "CMD": "STATUS_ONLINE", "DATA": { "DEVICE_UNICAST_ID": 108 } }
(1748) 2021.06.04-16:14:51.95 - <info> (rsp)91 8f 84 0 1 0 5 7 0 
(1748) 2021.06.04-16:14:51.95 - <info> (mqtt)Message_send:{ "CMD": "STATUS_ONLINE", "DATA": { "DEVICE_UNICAST_ID": 132 } }
(1748) 2021.06.04-16:14:51.99 - <info> (rsp)91 8f 72 0 1 0 5 7 0 
(1748) 2021.06.04-16:14:52.00 - <info> (mqtt)Message_send:{ "CMD": "STATUS_ONLINE", "DATA": { "DEVICE_UNICAST_ID": 114 } }
(1748) 2021.06.04-16:14:52.03 - <info> (rsp)91 8f 5a 0 1 0 5 7 0 
(1748) 2021.06.04-16:14:52.04 - <info> (mqtt)Message_send:{ "CMD": "STATUS_ONLINE", "DATA": { "DEVICE_UNICAST_ID": 90 } }
(1748) 2021.06.04-16:14:52.12 - <info> (rsp)91 8f 8a 0 1 0 5 7 0 
(1748) 2021.06.04-16:14:52.13 - <info> (mqtt)Message_send:{ "CMD": "STATUS_ONLINE", "DATA": { "DEVICE_UNICAST_ID": 138 } }
(1748) 2021.06.04-16:14:52.14 - <info> (rsp)91 8f 64 0 1 0 5 7 0 
(1748) 2021.06.04-16:14:52.15 - <info> (mqtt)Message_send:{ "CMD": "STATUS_ONLINE", "DATA": { "DEVICE_UNICAST_ID": 100 } }
(1748) 2021.06.04-16:14:52.15 - <info> (rsp)91 8f 8e 0 1 0 5 7 0 
(1748) 2021.06.04-16:14:52.16 - <info> (mqtt)Message_send:{ "CMD": "STATUS_ONLINE", "DATA": { "DEVICE_UNICAST_ID": 142 } }
(1749) 2021.06.04-16:15:16.82 - <info> (mqtt)Message_receive: {"CMD":"HAVE A MESSAGE"}
(1749) 2021.06.04-16:15:16.83 - <info> (mqtt)Message_send: HAVE A RSP
(1749) 2021.06.04-16:15:46.82 - <info> (mqtt)Message_receive: {"CMD":"HAVE A MESSAGE"}
(1749) 2021.06.04-16:15:46.83 - <info> (mqtt)Message_send: HAVE A RSP
(1749) 2021.06.04-16:16:16.82 - <info> (mqtt)Message_receive: {"CMD":"HAVE A MESSAGE"}
(1749) 2021.06.04-16:16:16.83 - <info> (mqtt)Message_send: HAVE A RSP
(1749) 2021.06.04-16:16:46.83 - <info> (mqtt)Message_receive: {"CMD":"HAVE A MESSAGE"}
(1749) 2021.06.04-16:16:46.84 - <info> (mqtt)Message_send: HAVE A RSP
(1749) 2021.06.04-16:17:16.84 - <info> (mqtt)Message_receive: {"CMD":"HAVE A MESSAGE"}
(1749) 2021.06.04-16:17:16.85 - <info> (mqtt)Message_send: HAVE A RSP
(1749) 2021.06.04-16:17:46.86 - <info> (mqtt)Message_receive: {"CMD":"HAVE A MESSAGE"}
(1749) 2021.06.04-16:17:46.87 - <info> (mqtt)Message_send: HAVE A RSP
(1749) 2021.06.04-16:18:16.99 - <info> (mqtt)Message_receive: {"CMD":"HAVE A MESSAGE"}
(1749) 2021.06.04-16:18:17.00 - <info> (mqtt)Message_send: HAVE A RSP
(1749) 2021.06.04-16:18:46.87 - <info> (mqtt)Message_receive: {"CMD":"HAVE A MESSAGE"}
(1749) 2021.06.04-16:18:46.88 - <info> (mqtt)Message_send: HAVE A RSP
(1749) 2021.06.04-16:19:16.85 - <info> (mqtt)Message_receive: {"CMD":"HAVE A MESSAGE"}
(1749) 2021.06.04-16:19:16.87 - <info> (mqtt)Message_send: HAVE A RSP
(1749) 2021.06.04-16:19:46.87 - <info> (mqtt)Message_receive: {"CMD":"HAVE A MESSAGE"}
(1749) 2021.06.04-16:19:46.88 - <info> (mqtt)Message_send: HAVE A RSP
(1749) 2021.06.04-16:20:16.87 - <info> (mqtt)Message_receive: {"CMD":"HAVE A MESSAGE"}
(1749) 2021.06.04-16:20:16.88 - <info> (mqtt)Message_send: HAVE A RSP
(1749) 2021.06.04-16:20:46.88 - <info> (mqtt)Message_receive: {"CMD":"HAVE A MESSAGE"}
(1749) 2021.06.04-16:20:46.88 - <info> (mqtt)Message_send: HAVE A RSP
(1749) 2021.06.04-16:21:16.88 - <info> (mqtt)Message_receive: {"CMD":"HAVE A MESSAGE"}
(1749) 2021.06.04-16:21:16.90 - <info> (mqtt)Message_send: HAVE A RSP
(1749) 2021.06.04-16:21:46.89 - <info> (mqtt)Message_receive: {"CMD":"HAVE A MESSAGE"}
(1749) 2021.06.04-16:21:46.90 - <info> (mqtt)Message_send: HAVE A RSP
(1749) 2021.06.04-16:22:16.89 - <info> (mqtt)Message_receive: {"CMD":"HAVE A MESSAGE"}
(1749) 2021.06.04-16:22:16.90 - <info> (mqtt)Message_send: HAVE A RSP
(1749) 2021.06.04-16:22:46.89 - <info> (mqtt)Message_receive: {"CMD":"HAVE A MESSAGE"}
(1749) 2021.06.04-16:22:46.90 - <info> (mqtt)Message_send: HAVE A RSP
(1749) 2021.06.04-16:23:16.90 - <info> (mqtt)Message_receive: {"CMD":"HAVE A MESSAGE"}
(1749) 2021.06.04-16:23:16.92 - <info> (mqtt)Message_send: HAVE A RSP
(1749) 2021.06.04-16:23:46.91 - <info> (mqtt)Message_receive: {"CMD":"HAVE A MESSAGE"}
(1749) 2021.06.04-16:23:46.92 - <info> (mqtt)Message_send: HAVE A RSP
(1749) 2021.06.04-16:24:16.92 - <info> (mqtt)Message_receive: {"CMD":"HAVE A MESSAGE"}
(1749) 2021.06.04-16:24:16.93 - <info> (mqtt)Message_send: HAVE A RSP
(1749) 2021.06.04-16:24:46.92 - <info> (mqtt)Message_receive: {"CMD":"HAVE A MESSAGE"}
(1749) 2021.06.04-16:24:46.93 - <info> (mqtt)Message_send: HAVE A RSP
(1749) 2021.06.04-16:25:16.92 - <info> (mqtt)Message_receive: {"CMD":"HAVE A MESSAGE"}
(1749) 2021.06.04-16:25:16.94 - <info> (mqtt)Message_send: HAVE A RSP
(1749) 2021.06.04-16:25:46.92 - <info> (mqtt)Message_receive: {"CMD":"HAVE A MESSAGE"}
(1749) 2021.06.04-16:25:46.93 - <info> (mqtt)Message_send: HAVE A RSP
(1749) 2021.06.04-16:26:16.94 - <info> (mqtt)Message_receive: {"CMD":"HAVE A MESSAGE"}
(1749) 2021.06.04-16:26:16.95 - <info> (mqtt)Message_send: HAVE A RSP
(1749) 2021.06.04-16:26:47.01 - <info> (mqtt)Message_receive: {"CMD":"HAVE A MESSAGE"}
(1749) 2021.06.04-16:26:47.02 - <info> (mqtt)Message_send: HAVE A RSP
(1749) 2021.06.04-16:27:17.50 - <info> (mqtt)Message_receive: {"CMD":"HAVE A MESSAGE"}
(1749) 2021.06.04-16:27:17.51 - <info> (mqtt)Message_send: HAVE A RSP
(1749) 2021.06.04-16:27:47.10 - <info> (mqtt)Message_receive: {"CMD":"HAVE A MESSAGE"}
(1749) 2021.06.04-16:27:47.11 - <info> (mqtt)Message_send: HAVE A RSP
(1749) 2021.06.04-16:28:17.09 - <info> (mqtt)Message_receive: {"CMD":"HAVE A MESSAGE"}
(1749) 2021.06.04-16:28:17.10 - <info> (mqtt)Message_send: HAVE A RSP
(1749) 2021.06.04-16:28:47.02 - <info> (mqtt)Message_receive: {"CMD":"HAVE A MESSAGE"}
(1749) 2021.06.04-16:28:47.02 - <info> (mqtt)Message_send: HAVE A RSP
(1749) 2021.06.04-16:29:16.98 - <info> (mqtt)Message_receive: {"CMD":"HAVE A MESSAGE"}
(1749) 2021.06.04-16:29:16.99 - <info> (mqtt)Message_send: HAVE A RSP
(1749) 2021.06.04-16:29:46.97 - <info> (mqtt)Message_receive: {"CMD":"HAVE A MESSAGE"}
(1749) 2021.06.04-16:29:46.98 - <info> (mqtt)Message_send: HAVE A RSP
(1749) 2021.06.04-16:30:16.97 - <info> (mqtt)Message_receive: {"CMD":"HAVE A MESSAGE"}
(1749) 2021.06.04-16:30:16.98 - <info> (mqtt)Message_send: HAVE A RSP
(1749) 2021.06.04-16:30:46.98 - <info> (mqtt)Message_receive: {"CMD":"HAVE A MESSAGE"}
(1749) 2021.06.04-16:30:47.00 - <info> (mqtt)Message_send: HAVE A RSP
(1749) 2021.06.04-16:31:16.98 - <info> (mqtt)Message_receive: {"CMD":"HAVE A MESSAGE"}
(1749) 2021.06.04-16:31:16.99 - <info> (mqtt)Message_send: HAVE A RSP
(1749) 2021.06.04-16:31:46.98 - <info> (mqtt)Message_receive: {"CMD":"HAVE A MESSAGE"}
(1749) 2021.06.04-16:31:46.99 - <info> (mqtt)Message_send: HAVE A RSP
(1748) 2021.06.04-16:31:55.59 - <info> (rsp)91 8f 94 0 1 0 5 7 0 
(1748) 2021.06.04-16:31:55.60 - <info> (mqtt)Message_send:{ "CMD": "STATUS_ONLINE", "DATA": { "DEVICE_UNICAST_ID": 148 } }
(1748) 2021.06.04-16:31:55.64 - <info> (rsp)91 8f 68 0 1 0 5 7 0 
(1748) 2021.06.04-16:31:55.65 - <info> (mqtt)Message_send:{ "CMD": "STATUS_ONLINE", "DATA": { "DEVICE_UNICAST_ID": 104 } }
(1748) 2021.06.04-16:31:55.66 - <info> (rsp)91 8f 92 0 1 0 5 7 0 
(1748) 2021.06.04-16:31:55.67 - <info> (mqtt)Message_send:{ "CMD": "STATUS_ONLINE", "DATA": { "DEVICE_UNICAST_ID": 146 } }
(1748) 2021.06.04-16:31:55.67 - <info> (rsp)91 8f 8c 0 1 0 5 7 0 
(1748) 2021.06.04-16:31:55.68 - <info> (mqtt)Message_send:{ "CMD": "STATUS_ONLINE", "DATA": { "DEVICE_UNICAST_ID": 140 } }
(1748) 2021.06.04-16:31:55.69 - <info> (rsp)91 8f 84 0 1 0 5 7 0 
(1748) 2021.06.04-16:31:55.70 - <info> (mqtt)Message_send:{ "CMD": "STATUS_ONLINE", "DATA": { "DEVICE_UNICAST_ID": 132 } }
(1748) 2021.06.04-16:31:55.76 - <info> (rsp)91 8f 90 0 1 0 5 7 0 
(1748) 2021.06.04-16:31:55.77 - <info> (mqtt)Message_send:{ "CMD": "STATUS_ONLINE", "DATA": { "DEVICE_UNICAST_ID": 144 } }
(1748) 2021.06.04-16:31:55.86 - <info> (rsp)91 8f 82 0 1 0 5 7 0 
(1748) 2021.06.04-16:31:55.87 - <info> (mqtt)Message_send:{ "CMD": "STATUS_ONLINE", "DATA": { "DEVICE_UNICAST_ID": 130 } }
(1748) 2021.06.04-16:31:55.96 - <info> (rsp)91 8f 5d 0 1 0 5 7 0 
(1748) 2021.06.04-16:31:55.97 - <info> (mqtt)Message_send:{ "CMD": "STATUS_ONLINE", "DATA": { "DEVICE_UNICAST_ID": 93 } }
(1748) 2021.06.04-16:31:56.01 - <info> (rsp)91 8f 8a 0 1 0 5 7 0 
(1748) 2021.06.04-16:31:56.02 - <info> (mqtt)Message_send:{ "CMD": "STATUS_ONLINE", "DATA": { "DEVICE_UNICAST_ID": 138 } }
(1748) 2021.06.04-16:31:56.21 - <info> (rsp)91 8f 6a 0 1 0 5 7 0 
(1748) 2021.06.04-16:31:56.22 - <info> (mqtt)Message_send:{ "CMD": "STATUS_ONLINE", "DATA": { "DEVICE_UNICAST_ID": 106 } }
(1748) 2021.06.04-16:31:56.27 - <info> (rsp)91 8f 86 0 1 0 5 7 0 
(1748) 2021.06.04-16:31:56.28 - <info> (mqtt)Message_send:{ "CMD": "STATUS_ONLINE", "DATA": { "DEVICE_UNICAST_ID": 134 } }
(1748) 2021.06.04-16:31:56.39 - <info> (rsp)91 8f 74 0 1 0 5 7 0 
(1748) 2021.06.04-16:31:56.40 - <info> (mqtt)Message_send:{ "CMD": "STATUS_ONLINE", "DATA": { "DEVICE_UNICAST_ID": 116 } }
(1748) 2021.06.04-16:31:56.44 - <info> (rsp)91 8f 6c 0 1 0 5 7 0 
(1748) 2021.06.04-16:31:56.45 - <info> (mqtt)Message_send:{ "CMD": "STATUS_ONLINE", "DATA": { "DEVICE_UNICAST_ID": 108 } }
(1748) 2021.06.04-16:31:56.46 - <info> (rsp)91 8f 5a 0 1 0 5 7 0 
(1748) 2021.06.04-16:31:56.47 - <info> (mqtt)Message_send:{ "CMD": "STATUS_ONLINE", "DATA": { "DEVICE_UNICAST_ID": 90 } }
(1748) 2021.06.04-16:31:56.55 - <info> (rsp)91 8f 8e 0 1 0 5 7 0 
(1748) 2021.06.04-16:31:56.56 - <info> (mqtt)Message_send:{ "CMD": "STATUS_ONLINE", "DATA": { "DEVICE_UNICAST_ID": 142 } }
(1748) 2021.06.04-16:31:56.57 - <info> (rsp)91 8f 64 0 1 0 5 7 0 
(1748) 2021.06.04-16:31:56.58 - <info> (mqtt)Message_send:{ "CMD": "STATUS_ONLINE", "DATA": { "DEVICE_UNICAST_ID": 100 } }
(1748) 2021.06.04-16:31:56.59 - <info> (rsp)91 8f 72 0 1 0 5 7 0 
(1748) 2021.06.04-16:31:56.60 - <info> (mqtt)Message_send:{ "CMD": "STATUS_ONLINE", "DATA": { "DEVICE_UNICAST_ID": 114 } }
(1749) 2021.06.04-16:32:16.99 - <info> (mqtt)Message_receive: {"CMD":"HAVE A MESSAGE"}
(1749) 2021.06.04-16:32:17.04 - <info> (mqtt)Message_send: HAVE A RSP
(1749) 2021.06.04-16:32:47.14 - <info> (mqtt)Message_receive: {"CMD":"HAVE A MESSAGE"}
(1749) 2021.06.04-16:32:47.15 - <info> (mqtt)Message_send: HAVE A RSP
(1749) 2021.06.04-16:33:17.00 - <info> (mqtt)Message_receive: {"CMD":"HAVE A MESSAGE"}
(1749) 2021.06.04-16:33:17.01 - <info> (mqtt)Message_send: HAVE A RSP
(1749) 2021.06.04-16:33:47.11 - <info> (mqtt)Message_receive: {"CMD":"HAVE A MESSAGE"}
(1749) 2021.06.04-16:33:47.12 - <info> (mqtt)Message_send: HAVE A RSP
(1749) 2021.06.04-16:34:17.08 - <info> (mqtt)Message_receive: {"CMD":"HAVE A MESSAGE"}
(1749) 2021.06.04-16:34:17.09 - <info> (mqtt)Message_send: HAVE A RSP
(1749) 2021.06.04-16:34:47.01 - <info> (mqtt)Message_receive: {"CMD":"HAVE A MESSAGE"}
(1749) 2021.06.04-16:34:47.03 - <info> (mqtt)Message_send: HAVE A RSP
(1749) 2021.06.04-16:35:17.03 - <info> (mqtt)Message_receive: {"CMD":"HAVE A MESSAGE"}
(1749) 2021.06.04-16:35:17.04 - <info> (mqtt)Message_send: HAVE A RSP
(1749) 2021.06.04-16:35:47.03 - <info> (mqtt)Message_receive: {"CMD":"HAVE A MESSAGE"}
(1749) 2021.06.04-16:35:47.04 - <info> (mqtt)Message_send: HAVE A RSP
(1749) 2021.06.04-16:36:17.04 - <info> (mqtt)Message_receive: {"CMD":"HAVE A MESSAGE"}
(1749) 2021.06.04-16:36:17.05 - <info> (mqtt)Message_send: HAVE A RSP
(1749) 2021.06.04-16:36:47.04 - <info> (mqtt)Message_receive: {"CMD":"HAVE A MESSAGE"}
(1749) 2021.06.04-16:36:47.05 - <info> (mqtt)Message_send: HAVE A RSP
(1749) 2021.06.04-16:37:17.05 - <info> (mqtt)Message_receive: {"CMD":"HAVE A MESSAGE"}
(1749) 2021.06.04-16:37:17.06 - <info> (mqtt)Message_send: HAVE A RSP
(1749) 2021.06.04-16:37:47.05 - <info> (mqtt)Message_receive: {"CMD":"HAVE A MESSAGE"}
(1749) 2021.06.04-16:37:47.07 - <info> (mqtt)Message_send: HAVE A RSP
(1749) 2021.06.04-16:38:17.05 - <info> (mqtt)Message_receive: {"CMD":"HAVE A MESSAGE"}
(1749) 2021.06.04-16:38:17.06 - <info> (mqtt)Message_send: HAVE A RSP
(1749) 2021.06.04-16:38:47.10 - <info> (mqtt)Message_receive: {"CMD":"HAVE A MESSAGE"}
(1749) 2021.06.04-16:38:47.11 - <info> (mqtt)Message_send: HAVE A RSP
(1749) 2021.06.04-16:39:17.09 - <info> (mqtt)Message_receive: {"CMD":"HAVE A MESSAGE"}
(1749) 2021.06.04-16:39:17.10 - <info> (mqtt)Message_send: HAVE A RSP
(1749) 2021.06.04-16:39:47.10 - <info> (mqtt)Message_receive: {"CMD":"HAVE A MESSAGE"}
(1749) 2021.06.04-16:39:47.11 - <info> (mqtt)Message_send: HAVE A RSP
(1749) 2021.06.04-16:40:17.11 - <info> (mqtt)Message_receive: {"CMD":"HAVE A MESSAGE"}
(1749) 2021.06.04-16:40:17.12 - <info> (mqtt)Message_send: HAVE A RSP
(1749) 2021.06.04-16:40:47.12 - <info> (mqtt)Message_receive: {"CMD":"HAVE A MESSAGE"}
(1749) 2021.06.04-16:40:47.13 - <info> (mqtt)Message_send: HAVE A RSP
(1749) 2021.06.04-16:41:17.11 - <info> (mqtt)Message_receive: {"CMD":"HAVE A MESSAGE"}
(1749) 2021.06.04-16:41:17.13 - <info> (mqtt)Message_send: HAVE A RSP
(1749) 2021.06.04-16:41:47.13 - <info> (mqtt)Message_receive: {"CMD":"HAVE A MESSAGE"}
(1749) 2021.06.04-16:41:47.14 - <info> (mqtt)Message_send: HAVE A RSP
(1749) 2021.06.04-16:42:17.13 - <info> (mqtt)Message_receive: {"CMD":"HAVE A MESSAGE"}
(1749) 2021.06.04-16:42:17.14 - <info> (mqtt)Message_send: HAVE A RSP
(1749) 2021.06.04-16:42:47.13 - <info> (mqtt)Message_receive: {"CMD":"HAVE A MESSAGE"}
(1749) 2021.06.04-16:42:47.14 - <info> (mqtt)Message_send: HAVE A RSP
(1749) 2021.06.04-16:43:17.14 - <info> (mqtt)Message_receive: {"CMD":"HAVE A MESSAGE"}
(1749) 2021.06.04-16:43:17.15 - <info> (mqtt)Message_send: HAVE A RSP
(1749) 2021.06.04-16:43:47.47 - <info> (mqtt)Message_receive: {"CMD":"HAVE A MESSAGE"}
(1749) 2021.06.04-16:43:47.49 - <info> (mqtt)Message_send: HAVE A RSP
(1749) 2021.06.04-16:44:17.15 - <info> (mqtt)Message_receive: {"CMD":"HAVE A MESSAGE"}
(1749) 2021.06.04-16:44:17.16 - <info> (mqtt)Message_send: HAVE A RSP
(1749) 2021.06.04-16:44:47.16 - <info> (mqtt)Message_receive: {"CMD":"HAVE A MESSAGE"}
(1749) 2021.06.04-16:44:47.18 - <info> (mqtt)Message_send: HAVE A RSP
(1749) 2021.06.04-16:45:17.17 - <info> (mqtt)Message_receive: {"CMD":"HAVE A MESSAGE"}
(1749) 2021.06.04-16:45:17.25 - <info> (mqtt)Message_send: HAVE A RSP
(1749) 2021.06.04-16:45:47.16 - <info> (mqtt)Message_receive: {"CMD":"HAVE A MESSAGE"}
(1749) 2021.06.04-16:45:47.17 - <info> (mqtt)Message_send: HAVE A RSP
(1749) 2021.06.04-16:46:17.17 - <info> (mqtt)Message_receive: {"CMD":"HAVE A MESSAGE"}
(1749) 2021.06.04-16:46:17.18 - <info> (mqtt)Message_send: HAVE A RSP
(1749) 2021.06.04-16:46:47.18 - <info> (mqtt)Message_receive: {"CMD":"HAVE A MESSAGE"}
(1749) 2021.06.04-16:46:47.19 - <info> (mqtt)Message_send: HAVE A RSP
(1749) 2021.06.04-16:47:17.18 - <info> (mqtt)Message_receive: {"CMD":"HAVE A MESSAGE"}
(1749) 2021.06.04-16:47:17.19 - <info> (mqtt)Message_send: HAVE A RSP
(1749) 2021.06.04-16:47:47.19 - <info> (mqtt)Message_receive: {"CMD":"HAVE A MESSAGE"}
(1749) 2021.06.04-16:47:47.19 - <info> (mqtt)Message_send: HAVE A RSP
(1749) 2021.06.04-16:48:17.23 - <info> (mqtt)Message_receive: {"CMD":"HAVE A MESSAGE"}
(1749) 2021.06.04-16:48:17.25 - <info> (mqtt)Message_send: HAVE A RSP
(1749) 2021.06.04-16:48:47.20 - <info> (mqtt)Message_receive: {"CMD":"HAVE A MESSAGE"}
(1749) 2021.06.04-16:48:47.20 - <info> (mqtt)Message_send: HAVE A RSP
(1748) 2021.06.04-16:48:59.72 - <info> (rsp)91 8f 94 0 1 0 5 7 0 
(1748) 2021.06.04-16:48:59.73 - <info> (mqtt)Message_send:{ "CMD": "STATUS_ONLINE", "DATA": { "DEVICE_UNICAST_ID": 148 } }
(1748) 2021.06.04-16:48:59.74 - <info> (rsp)91 8f 92 0 1 0 5 7 0 
(1748) 2021.06.04-16:48:59.75 - <info> (mqtt)Message_send:{ "CMD": "STATUS_ONLINE", "DATA": { "DEVICE_UNICAST_ID": 146 } }
(1748) 2021.06.04-16:48:59.76 - <info> (rsp)91 8f 8c 0 1 0 5 7 0 
(1748) 2021.06.04-16:48:59.78 - <info> (mqtt)Message_send:{ "CMD": "STATUS_ONLINE", "DATA": { "DEVICE_UNICAST_ID": 140 } }
(1748) 2021.06.04-16:48:59.80 - <info> (rsp)91 8f 5d 0 1 0 5 7 0 
(1748) 2021.06.04-16:48:59.81 - <info> (mqtt)Message_send:{ "CMD": "STATUS_ONLINE", "DATA": { "DEVICE_UNICAST_ID": 93 } }
(1748) 2021.06.04-16:48:59.84 - <info> (rsp)91 8f 86 0 1 0 5 7 0 
(1748) 2021.06.04-16:48:59.85 - <info> (mqtt)Message_send:{ "CMD": "STATUS_ONLINE", "DATA": { "DEVICE_UNICAST_ID": 134 } }
(1748) 2021.06.04-16:48:59.88 - <info> (rsp)91 8f 64 0 1 0 5 7 0 
(1748) 2021.06.04-16:48:59.89 - <info> (mqtt)Message_send:{ "CMD": "STATUS_ONLINE", "DATA": { "DEVICE_UNICAST_ID": 100 } }
(1748) 2021.06.04-16:48:59.98 - <info> (rsp)91 8f 90 0 1 0 5 7 0 
(1748) 2021.06.04-16:48:59.99 - <info> (mqtt)Message_send:{ "CMD": "STATUS_ONLINE", "DATA": { "DEVICE_UNICAST_ID": 144 } }
(1748) 2021.06.04-16:49:00.01 - <info> (rsp)91 8f 84 0 1 0 5 7 0 
(1748) 2021.06.04-16:49:00.02 - <info> (mqtt)Message_send:{ "CMD": "STATUS_ONLINE", "DATA": { "DEVICE_UNICAST_ID": 132 } }
(1748) 2021.06.04-16:49:00.04 - <info> (rsp)91 8f 6a 0 1 0 5 7 0 
(1748) 2021.06.04-16:49:00.04 - <info> (mqtt)Message_send:{ "CMD": "STATUS_ONLINE", "DATA": { "DEVICE_UNICAST_ID": 106 } }
(1748) 2021.06.04-16:49:00.08 - <info> (rsp)91 8f 6c 0 1 0 5 7 0 
(1748) 2021.06.04-16:49:00.08 - <info> (mqtt)Message_send:{ "CMD": "STATUS_ONLINE", "DATA": { "DEVICE_UNICAST_ID": 108 } }
(1748) 2021.06.04-16:49:00.11 - <info> (rsp)91 8f 8a 0 1 0 5 7 0 
(1748) 2021.06.04-16:49:00.12 - <info> (mqtt)Message_send:{ "CMD": "STATUS_ONLINE", "DATA": { "DEVICE_UNICAST_ID": 138 } }
(1748) 2021.06.04-16:49:00.13 - <info> (rsp)91 8f 68 0 1 0 5 7 0 
(1748) 2021.06.04-16:49:00.14 - <info> (mqtt)Message_send:{ "CMD": "STATUS_ONLINE", "DATA": { "DEVICE_UNICAST_ID": 104 } }
(1748) 2021.06.04-16:49:00.15 - <info> (rsp)91 8f 82 0 1 0 5 7 0 
(1748) 2021.06.04-16:49:00.16 - <info> (mqtt)Message_send:{ "CMD": "STATUS_ONLINE", "DATA": { "DEVICE_UNICAST_ID": 130 } }
(1748) 2021.06.04-16:49:00.23 - <info> (rsp)91 8f 72 0 1 0 5 7 0 
(1748) 2021.06.04-16:49:00.24 - <info> (mqtt)Message_send:{ "CMD": "STATUS_ONLINE", "DATA": { "DEVICE_UNICAST_ID": 114 } }
(1748) 2021.06.04-16:49:00.30 - <info> (rsp)91 8f 74 0 1 0 5 7 0 
(1748) 2021.06.04-16:49:00.31 - <info> (mqtt)Message_send:{ "CMD": "STATUS_ONLINE", "DATA": { "DEVICE_UNICAST_ID": 116 } }
(1748) 2021.06.04-16:49:00.40 - <info> (rsp)91 8f 8e 0 1 0 5 7 0 
(1748) 2021.06.04-16:49:00.41 - <info> (mqtt)Message_send:{ "CMD": "STATUS_ONLINE", "DATA": { "DEVICE_UNICAST_ID": 142 } }
(1748) 2021.06.04-16:49:00.93 - <info> (rsp)91 8f 5a 0 1 0 5 7 0 
(1748) 2021.06.04-16:49:00.94 - <info> (mqtt)Message_send:{ "CMD": "STATUS_ONLINE", "DATA": { "DEVICE_UNICAST_ID": 90 } }
(1749) 2021.06.04-16:49:17.21 - <info> (mqtt)Message_receive: {"CMD":"HAVE A MESSAGE"}
(1749) 2021.06.04-16:49:17.22 - <info> (mqtt)Message_send: HAVE A RSP
(1749) 2021.06.04-16:49:47.23 - <info> (mqtt)Message_receive: {"CMD":"HAVE A MESSAGE"}
(1749) 2021.06.04-16:49:47.23 - <info> (mqtt)Message_send: HAVE A RSP
(1749) 2021.06.04-16:50:17.21 - <info> (mqtt)Message_receive: {"CMD":"HAVE A MESSAGE"}
(1749) 2021.06.04-16:50:17.22 - <info> (mqtt)Message_send: HAVE A RSP
(1749) 2021.06.04-16:50:47.86 - <info> (mqtt)Message_receive: {"CMD":"HAVE A MESSAGE"}
(1749) 2021.06.04-16:50:47.87 - <info> (mqtt)Message_send: HAVE A RSP
(1749) 2021.06.04-16:51:17.71 - <info> (mqtt)Message_receive: {"CMD":"HAVE A MESSAGE"}
(1749) 2021.06.04-16:51:17.72 - <info> (mqtt)Message_send: HAVE A RSP
(1749) 2021.06.04-16:51:47.24 - <info> (mqtt)Message_receive: {"CMD":"HAVE A MESSAGE"}
(1749) 2021.06.04-16:51:47.25 - <info> (mqtt)Message_send: HAVE A RSP
(1749) 2021.06.04-16:52:17.24 - <info> (mqtt)Message_receive: {"CMD":"HAVE A MESSAGE"}
(1749) 2021.06.04-16:52:17.25 - <info> (mqtt)Message_send: HAVE A RSP
(1749) 2021.06.04-16:52:47.25 - <info> (mqtt)Message_receive: {"CMD":"HAVE A MESSAGE"}
(1749) 2021.06.04-16:52:47.26 - <info> (mqtt)Message_send: HAVE A RSP
(1749) 2021.06.04-16:53:17.25 - <info> (mqtt)Message_receive: {"CMD":"HAVE A MESSAGE"}
(1749) 2021.06.04-16:53:17.26 - <info> (mqtt)Message_send: HAVE A RSP
(1749) 2021.06.04-16:53:47.30 - <info> (mqtt)Message_receive: {"CMD":"HAVE A MESSAGE"}
(1749) 2021.06.04-16:53:47.33 - <info> (mqtt)Message_send: HAVE A RSP
(1749) 2021.06.04-16:54:17.26 - <info> (mqtt)Message_receive: {"CMD":"HAVE A MESSAGE"}
(1749) 2021.06.04-16:54:17.27 - <info> (mqtt)Message_send: HAVE A RSP
(1749) 2021.06.04-16:54:47.26 - <info> (mqtt)Message_receive: {"CMD":"HAVE A MESSAGE"}
(1749) 2021.06.04-16:54:47.27 - <info> (mqtt)Message_send: HAVE A RSP
(1749) 2021.06.04-16:55:17.27 - <info> (mqtt)Message_receive: {"CMD":"HAVE A MESSAGE"}
(1749) 2021.06.04-16:55:17.28 - <info> (mqtt)Message_send: HAVE A RSP
(1749) 2021.06.04-16:55:47.33 - <info> (mqtt)Message_receive: {"CMD":"HAVE A MESSAGE"}
(1749) 2021.06.04-16:55:47.34 - <info> (mqtt)Message_send: HAVE A RSP
(1749) 2021.06.04-16:56:17.31 - <info> (mqtt)Message_receive: {"CMD":"HAVE A MESSAGE"}
(1749) 2021.06.04-16:56:17.32 - <info> (mqtt)Message_send: HAVE A RSP
(1749) 2021.06.04-16:56:47.28 - <info> (mqtt)Message_receive: {"CMD":"HAVE A MESSAGE"}
(1749) 2021.06.04-16:56:47.29 - <info> (mqtt)Message_send: HAVE A RSP
(1749) 2021.06.04-16:57:17.29 - <info> (mqtt)Message_receive: {"CMD":"HAVE A MESSAGE"}
(1749) 2021.06.04-16:57:17.30 - <info> (mqtt)Message_send: HAVE A RSP
(1749) 2021.06.04-16:57:47.29 - <info> (mqtt)Message_receive: {"CMD":"HAVE A MESSAGE"}
(1749) 2021.06.04-16:57:47.30 - <info> (mqtt)Message_send: HAVE A RSP
(1749) 2021.06.04-16:58:17.31 - <info> (mqtt)Message_receive: {"CMD":"HAVE A MESSAGE"}
(1749) 2021.06.04-16:58:17.32 - <info> (mqtt)Message_send: HAVE A RSP
(1749) 2021.06.04-16:58:47.31 - <info> (mqtt)Message_receive: {"CMD":"HAVE A MESSAGE"}
(1749) 2021.06.04-16:58:47.32 - <info> (mqtt)Message_send: HAVE A RSP
(1749) 2021.06.04-16:59:17.32 - <info> (mqtt)Message_receive: {"CMD":"HAVE A MESSAGE"}
(1749) 2021.06.04-16:59:17.33 - <info> (mqtt)Message_send: HAVE A RSP
(1749) 2021.06.04-16:59:47.32 - <info> (mqtt)Message_receive: {"CMD":"HAVE A MESSAGE"}
(1749) 2021.06.04-16:59:47.33 - <info> (mqtt)Message_send: HAVE A RSP
(1749) 2021.06.04-17:00:17.33 - <info> (mqtt)Message_receive: {"CMD":"HAVE A MESSAGE"}
(1749) 2021.06.04-17:00:17.35 - <info> (mqtt)Message_send: HAVE A RSP
(1749) 2021.06.04-17:00:47.33 - <info> (mqtt)Message_receive: {"CMD":"HAVE A MESSAGE"}
(1749) 2021.06.04-17:00:47.33 - <info> (mqtt)Message_send: HAVE A RSP
(1749) 2021.06.04-17:01:17.33 - <info> (mqtt)Message_receive: {"CMD":"HAVE A MESSAGE"}
(1749) 2021.06.04-17:01:17.40 - <info> (mqtt)Message_send: HAVE A RSP
(1749) 2021.06.04-17:01:47.35 - <info> (mqtt)Message_receive: {"CMD":"HAVE A MESSAGE"}
(1749) 2021.06.04-17:01:47.35 - <info> (mqtt)Message_send: HAVE A RSP
(1749) 2021.06.04-17:02:17.34 - <info> (mqtt)Message_receive: {"CMD":"HAVE A MESSAGE"}
(1749) 2021.06.04-17:02:17.35 - <info> (mqtt)Message_send: HAVE A RSP
(1749) 2021.06.04-17:02:47.36 - <info> (mqtt)Message_receive: {"CMD":"HAVE A MESSAGE"}
(1749) 2021.06.04-17:02:47.37 - <info> (mqtt)Message_send: HAVE A RSP
(1749) 2021.06.04-17:03:17.40 - <info> (mqtt)Message_receive: {"CMD":"HAVE A MESSAGE"}
(1749) 2021.06.04-17:03:17.40 - <info> (mqtt)Message_send: HAVE A RSP
(1749) 2021.06.04-17:03:47.39 - <info> (mqtt)Message_receive: {"CMD":"HAVE A MESSAGE"}
(1749) 2021.06.04-17:03:47.39 - <info> (mqtt)Message_send: HAVE A RSP
(1749) 2021.06.04-17:04:17.40 - <info> (mqtt)Message_receive: {"CMD":"HAVE A MESSAGE"}
(1749) 2021.06.04-17:04:17.41 - <info> (mqtt)Message_send: HAVE A RSP
(1749) 2021.06.04-17:04:47.41 - <info> (mqtt)Message_receive: {"CMD":"HAVE A MESSAGE"}
(1749) 2021.06.04-17:04:47.42 - <info> (mqtt)Message_send: HAVE A RSP
(1749) 2021.06.04-17:05:17.45 - <info> (mqtt)Message_receive: {"CMD":"HAVE A MESSAGE"}
(1749) 2021.06.04-17:05:17.46 - <info> (mqtt)Message_send: HAVE A RSP
(1749) 2021.06.04-17:05:47.41 - <info> (mqtt)Message_receive: {"CMD":"HAVE A MESSAGE"}
(1749) 2021.06.04-17:05:47.42 - <info> (mqtt)Message_send: HAVE A RSP
(1748) 2021.06.04-17:06:03.74 - <info> (rsp)91 8f 92 0 1 0 5 7 0 
(1748) 2021.06.04-17:06:03.75 - <info> (mqtt)Message_send:{ "CMD": "STATUS_ONLINE", "DATA": { "DEVICE_UNICAST_ID": 146 } }
(1748) 2021.06.04-17:06:03.76 - <info> (rsp)91 8f 94 0 1 0 5 7 0 
(1748) 2021.06.04-17:06:03.77 - <info> (mqtt)Message_send:{ "CMD": "STATUS_ONLINE", "DATA": { "DEVICE_UNICAST_ID": 148 } }
(1748) 2021.06.04-17:06:03.81 - <info> (rsp)91 8f 68 0 1 0 5 7 0 
(1748) 2021.06.04-17:06:03.82 - <info> (mqtt)Message_send:{ "CMD": "STATUS_ONLINE", "DATA": { "DEVICE_UNICAST_ID": 104 } }
(1748) 2021.06.04-17:06:03.84 - <info> (rsp)91 8f 5d 0 1 0 5 7 0 
(1748) 2021.06.04-17:06:03.86 - <info> (mqtt)Message_send:{ "CMD": "STATUS_ONLINE", "DATA": { "DEVICE_UNICAST_ID": 93 } }
(1748) 2021.06.04-17:06:03.87 - <info> (rsp)91 8f 8a 0 1 0 5 7 0 
(1748) 2021.06.04-17:06:03.87 - <info> (mqtt)Message_send:{ "CMD": "STATUS_ONLINE", "DATA": { "DEVICE_UNICAST_ID": 138 } }
(1748) 2021.06.04-17:06:03.89 - <info> (rsp)91 8f 8c 0 1 0 5 7 0 
(1748) 2021.06.04-17:06:03.90 - <info> (mqtt)Message_send:{ "CMD": "STATUS_ONLINE", "DATA": { "DEVICE_UNICAST_ID": 140 } }
(1748) 2021.06.04-17:06:03.93 - <info> (rsp)91 8f 84 0 1 0 5 7 0 
(1748) 2021.06.04-17:06:03.93 - <info> (mqtt)Message_send:{ "CMD": "STATUS_ONLINE", "DATA": { "DEVICE_UNICAST_ID": 132 } }
(1748) 2021.06.04-17:06:03.99 - <info> (rsp)91 8f 74 0 1 0 5 7 0 
(1748) 2021.06.04-17:06:04.01 - <info> (mqtt)Message_send:{ "CMD": "STATUS_ONLINE", "DATA": { "DEVICE_UNICAST_ID": 116 } }
(1748) 2021.06.04-17:06:04.05 - <info> (rsp)91 8f 86 0 1 0 5 7 0 
(1748) 2021.06.04-17:06:04.06 - <info> (mqtt)Message_send:{ "CMD": "STATUS_ONLINE", "DATA": { "DEVICE_UNICAST_ID": 134 } }
(1748) 2021.06.04-17:06:04.07 - <info> (rsp)91 8f 90 0 1 0 5 7 0 
(1748) 2021.06.04-17:06:04.08 - <info> (mqtt)Message_send:{ "CMD": "STATUS_ONLINE", "DATA": { "DEVICE_UNICAST_ID": 144 } }
(1748) 2021.06.04-17:06:04.09 - <info> (rsp)91 8f 64 0 1 0 5 7 0 
(1748) 2021.06.04-17:06:04.10 - <info> (mqtt)Message_send:{ "CMD": "STATUS_ONLINE", "DATA": { "DEVICE_UNICAST_ID": 100 } }
(1748) 2021.06.04-17:06:04.18 - <info> (rsp)91 8f 6c 0 1 0 5 7 0 
(1748) 2021.06.04-17:06:04.20 - <info> (mqtt)Message_send:{ "CMD": "STATUS_ONLINE", "DATA": { "DEVICE_UNICAST_ID": 108 } }
(1748) 2021.06.04-17:06:04.26 - <info> (rsp)91 8f 72 0 1 0 5 7 0 
(1748) 2021.06.04-17:06:04.27 - <info> (mqtt)Message_send:{ "CMD": "STATUS_ONLINE", "DATA": { "DEVICE_UNICAST_ID": 114 } }
(1748) 2021.06.04-17:06:04.29 - <info> (rsp)91 8f 82 0 1 0 5 7 0 
(1748) 2021.06.04-17:06:04.30 - <info> (mqtt)Message_send:{ "CMD": "STATUS_ONLINE", "DATA": { "DEVICE_UNICAST_ID": 130 } }
(1748) 2021.06.04-17:06:04.37 - <info> (rsp)91 8f 8e 0 1 0 5 7 0 
(1748) 2021.06.04-17:06:04.38 - <info> (mqtt)Message_send:{ "CMD": "STATUS_ONLINE", "DATA": { "DEVICE_UNICAST_ID": 142 } }
(1748) 2021.06.04-17:06:04.78 - <info> (rsp)91 8f 6a 0 1 0 5 7 0 
(1748) 2021.06.04-17:06:04.79 - <info> (mqtt)Message_send:{ "CMD": "STATUS_ONLINE", "DATA": { "DEVICE_UNICAST_ID": 106 } }
(1748) 2021.06.04-17:06:05.17 - <info> (rsp)91 8f 5a 0 1 0 5 7 0 
(1748) 2021.06.04-17:06:05.18 - <info> (mqtt)Message_send:{ "CMD": "STATUS_ONLINE", "DATA": { "DEVICE_UNICAST_ID": 90 } }
(1749) 2021.06.04-17:06:17.42 - <info> (mqtt)Message_receive: {"CMD":"HAVE A MESSAGE"}
(1749) 2021.06.04-17:06:17.43 - <info> (mqtt)Message_send: HAVE A RSP
(1749) 2021.06.04-17:06:47.42 - <info> (mqtt)Message_receive: {"CMD":"HAVE A MESSAGE"}
(1749) 2021.06.04-17:06:47.43 - <info> (mqtt)Message_send: HAVE A RSP
(1749) 2021.06.04-17:07:17.43 - <info> (mqtt)Message_receive: {"CMD":"HAVE A MESSAGE"}
(1749) 2021.06.04-17:07:17.44 - <info> (mqtt)Message_send: HAVE A RSP
(1749) 2021.06.04-17:07:47.43 - <info> (mqtt)Message_receive: {"CMD":"HAVE A MESSAGE"}
(1749) 2021.06.04-17:07:47.44 - <info> (mqtt)Message_send: HAVE A RSP
(1749) 2021.06.04-17:08:17.44 - <info> (mqtt)Message_receive: {"CMD":"HAVE A MESSAGE"}
(1749) 2021.06.04-17:08:17.45 - <info> (mqtt)Message_send: HAVE A RSP
(1749) 2021.06.04-17:08:47.44 - <info> (mqtt)Message_receive: {"CMD":"HAVE A MESSAGE"}
(1749) 2021.06.04-17:08:47.45 - <info> (mqtt)Message_send: HAVE A RSP
(1749) 2021.06.04-17:09:17.47 - <info> (mqtt)Message_receive: {"CMD":"HAVE A MESSAGE"}
(1749) 2021.06.04-17:09:17.48 - <info> (mqtt)Message_send: HAVE A RSP
(1749) 2021.06.04-17:21:55.99 - <info> (mqtt)Message_receive: {"CMD":"HAVE A MESSAGE"}
(1749) 2021.06.04-17:21:55.00 - <info> (mqtt)Message_send: HAVE A RSP
(1749) 2021.06.04-17:21:56.03 - <info> (mqtt)Message_receive: {"CMD":"HAVE A MESSAGE"}
(1749) 2021.06.04-17:21:56.03 - <info> (mqtt)Message_send: HAVE A RSP
(1749) 2021.06.04-17:21:56.04 - <info> (mqtt)Message_receive: {"CMD":"HAVE A MESSAGE"}
(1749) 2021.06.04-17:21:56.04 - <info> (mqtt)Message_send: HAVE A RSP
(1749) 2021.06.04-17:21:56.05 - <info> (mqtt)Message_receive: {"CMD":"HAVE A MESSAGE"}
(1749) 2021.06.04-17:21:56.07 - <info> (mqtt)Message_send: HAVE A RSP
(1749) 2021.06.04-17:21:56.07 - <info> (mqtt)Message_receive: {"CMD":"HAVE A MESSAGE"}
(1749) 2021.06.04-17:21:56.08 - <info> (mqtt)Message_send: HAVE A RSP
(1749) 2021.06.04-17:21:56.08 - <info> (mqtt)Message_receive: {"CMD":"HAVE A MESSAGE"}
(1749) 2021.06.04-17:21:56.09 - <info> (mqtt)Message_send: HAVE A RSP
(1749) 2021.06.04-17:21:56.10 - <info> (mqtt)Message_receive: {"CMD":"HAVE A MESSAGE"}
(1749) 2021.06.04-17:21:56.10 - <info> (mqtt)Message_send: HAVE A RSP
(1749) 2021.06.04-17:21:56.11 - <info> (mqtt)Message_receive: {"CMD":"HAVE A MESSAGE"}
(1749) 2021.06.04-17:21:56.12 - <info> (mqtt)Message_send: HAVE A RSP
(1749) 2021.06.04-17:21:56.13 - <info> (mqtt)Message_receive: {"CMD":"HAVE A MESSAGE"}
(1749) 2021.06.04-17:21:56.13 - <info> (mqtt)Message_send: HAVE A RSP
(1749) 2021.06.04-17:21:56.14 - <info> (mqtt)Message_receive: {"CMD":"HAVE A MESSAGE"}
(1749) 2021.06.04-17:21:56.15 - <info> (mqtt)Message_send: HAVE A RSP
(1749) 2021.06.04-17:21:56.16 - <info> (mqtt)Message_receive: {"CMD":"HAVE A MESSAGE"}
(1749) 2021.06.04-17:21:56.16 - <info> (mqtt)Message_send: HAVE A RSP
(1749) 2021.06.04-17:21:56.17 - <info> (mqtt)Message_receive: {"CMD":"HAVE A MESSAGE"}
(1749) 2021.06.04-17:21:56.17 - <info> (mqtt)Message_send: HAVE A RSP
(1749) 2021.06.04-17:21:56.18 - <info> (mqtt)Message_receive: {"CMD":"HAVE A MESSAGE"}
(1749) 2021.06.04-17:21:56.18 - <info> (mqtt)Message_send: HAVE A RSP
(1749) 2021.06.04-17:21:56.19 - <info> (mqtt)Message_receive: {"CMD":"HAVE A MESSAGE"}
(1749) 2021.06.04-17:21:56.20 - <info> (mqtt)Message_send: HAVE A RSP
(1749) 2021.06.04-17:21:56.21 - <info> (mqtt)Message_receive: {"CMD":"HAVE A MESSAGE"}
(1749) 2021.06.04-17:21:56.21 - <info> (mqtt)Message_send: HAVE A RSP
(1749) 2021.06.04-17:21:56.27 - <info> (mqtt)Message_receive: {"CMD":"HAVE A MESSAGE"}
(1749) 2021.06.04-17:21:56.27 - <info> (mqtt)Message_send: HAVE A RSP
(1749) 2021.06.04-17:21:56.28 - <info> (mqtt)Message_receive: {"CMD":"HAVE A MESSAGE"}
(1749) 2021.06.04-17:21:56.30 - <info> (mqtt)Message_send: HAVE A RSP
(1749) 2021.06.04-17:21:56.31 - <info> (mqtt)Message_receive: {"CMD":"HAVE A MESSAGE"}
(1749) 2021.06.04-17:21:56.32 - <info> (mqtt)Message_send: HAVE A RSP
(1749) 2021.06.04-17:21:56.33 - <info> (mqtt)Message_receive: {"CMD":"HAVE A MESSAGE"}
(1749) 2021.06.04-17:21:56.34 - <info> (mqtt)Message_send: HAVE A RSP
(1749) 2021.06.04-17:21:56.35 - <info> (mqtt)Message_receive: {"CMD":"HAVE A MESSAGE"}
(1749) 2021.06.04-17:21:56.36 - <info> (mqtt)Message_send: HAVE A RSP
(1749) 2021.06.04-17:21:56.37 - <info> (mqtt)Message_receive: {"CMD":"HAVE A MESSAGE"}
(1749) 2021.06.04-17:21:56.38 - <info> (mqtt)Message_send: HAVE A RSP
(1749) 2021.06.04-17:21:56.38 - <info> (mqtt)Message_receive: {"CMD":"HAVE A MESSAGE"}
(1749) 2021.06.04-17:21:56.39 - <info> (mqtt)Message_send: HAVE A RSP
(1749) 2021.06.04-17:21:56.40 - <info> (mqtt)Message_receive: {"CMD":"HAVE A MESSAGE"}
(1749) 2021.06.04-17:21:56.41 - <info> (mqtt)Message_send: HAVE A RSP
(1749) 2021.06.04-17:21:56.41 - <info> (mqtt)Message_receive: {"CMD":"HAVE A MESSAGE"}
(1749) 2021.06.04-17:21:56.42 - <info> (mqtt)Message_send: HAVE A RSP
(1749) 2021.06.04-17:21:56.42 - <info> (mqtt)Message_receive: {"CMD":"HAVE A MESSAGE"}
(1749) 2021.06.04-17:21:56.43 - <info> (mqtt)Message_send: HAVE A RSP
(1749) 2021.06.04-17:22:17.58 - <info> (mqtt)Message_receive: {"CMD":"HAVE A MESSAGE"}
(1749) 2021.06.04-17:22:17.59 - <info> (mqtt)Message_send: HAVE A RSP
(1749) 2021.06.04-17:22:47.59 - <info> (mqtt)Message_receive: {"CMD":"HAVE A MESSAGE"}
(1749) 2021.06.04-17:22:47.61 - <info> (mqtt)Message_send: HAVE A RSP
(1748) 2021.06.04-17:23:07.82 - <info> (rsp)91 8f 92 0 1 0 5 7 0 
(1748) 2021.06.04-17:23:07.83 - <info> (mqtt)Message_send:{ "CMD": "STATUS_ONLINE", "DATA": { "DEVICE_UNICAST_ID": 146 } }
(1748) 2021.06.04-17:23:07.87 - <info> (rsp)91 8f 8c 0 1 0 5 7 0 
(1748) 2021.06.04-17:23:07.88 - <info> (mqtt)Message_send:{ "CMD": "STATUS_ONLINE", "DATA": { "DEVICE_UNICAST_ID": 140 } }
(1748) 2021.06.04-17:23:07.92 - <info> (rsp)91 8f 94 0 1 0 5 7 0 
(1748) 2021.06.04-17:23:07.94 - <info> (mqtt)Message_send:{ "CMD": "STATUS_ONLINE", "DATA": { "DEVICE_UNICAST_ID": 148 } }
(1748) 2021.06.04-17:23:07.95 - <info> (rsp)91 8f 90 0 1 0 5 7 0 
(1748) 2021.06.04-17:23:07.96 - <info> (mqtt)Message_send:{ "CMD": "STATUS_ONLINE", "DATA": { "DEVICE_UNICAST_ID": 144 } }
(1748) 2021.06.04-17:23:08.02 - <info> (rsp)91 8f 86 0 1 0 5 7 0 
(1748) 2021.06.04-17:23:08.03 - <info> (mqtt)Message_send:{ "CMD": "STATUS_ONLINE", "DATA": { "DEVICE_UNICAST_ID": 134 } }
(1748) 2021.06.04-17:23:08.09 - <info> (rsp)91 8f 6a 0 1 0 5 7 0 
(1748) 2021.06.04-17:23:08.09 - <info> (mqtt)Message_send:{ "CMD": "STATUS_ONLINE", "DATA": { "DEVICE_UNICAST_ID": 106 } }
(1748) 2021.06.04-17:23:08.12 - <info> (rsp)91 8f 68 0 1 0 5 7 0 
(1748) 2021.06.04-17:23:08.13 - <info> (mqtt)Message_send:{ "CMD": "STATUS_ONLINE", "DATA": { "DEVICE_UNICAST_ID": 104 } }
(1748) 2021.06.04-17:23:08.15 - <info> (rsp)91 8f 74 0 1 0 5 7 0 
(1748) 2021.06.04-17:23:08.15 - <info> (mqtt)Message_send:{ "CMD": "STATUS_ONLINE", "DATA": { "DEVICE_UNICAST_ID": 116 } }
(1748) 2021.06.04-17:23:08.18 - <info> (rsp)91 8f 64 0 1 0 5 7 0 
(1748) 2021.06.04-17:23:08.19 - <info> (mqtt)Message_send:{ "CMD": "STATUS_ONLINE", "DATA": { "DEVICE_UNICAST_ID": 100 } }
(1748) 2021.06.04-17:23:08.20 - <info> (rsp)91 8f 5d 0 1 0 5 7 0 
(1748) 2021.06.04-17:23:08.22 - <info> (mqtt)Message_send:{ "CMD": "STATUS_ONLINE", "DATA": { "DEVICE_UNICAST_ID": 93 } }
(1748) 2021.06.04-17:23:08.24 - <info> (rsp)91 8f 72 0 1 0 5 7 0 
(1748) 2021.06.04-17:23:08.25 - <info> (mqtt)Message_send:{ "CMD": "STATUS_ONLINE", "DATA": { "DEVICE_UNICAST_ID": 114 } }
(1748) 2021.06.04-17:23:08.36 - <info> (rsp)91 8f 6c 0 1 0 5 7 0 
(1748) 2021.06.04-17:23:08.37 - <info> (mqtt)Message_send:{ "CMD": "STATUS_ONLINE", "DATA": { "DEVICE_UNICAST_ID": 108 } }
(1748) 2021.06.04-17:23:08.43 - <info> (rsp)91 8f 8e 0 1 0 5 7 0 
(1748) 2021.06.04-17:23:08.44 - <info> (mqtt)Message_send:{ "CMD": "STATUS_ONLINE", "DATA": { "DEVICE_UNICAST_ID": 142 } }
(1748) 2021.06.04-17:23:08.45 - <info> (rsp)91 8f 82 0 1 0 5 7 0 
(1748) 2021.06.04-17:23:08.46 - <info> (mqtt)Message_send:{ "CMD": "STATUS_ONLINE", "DATA": { "DEVICE_UNICAST_ID": 130 } }
(1748) 2021.06.04-17:23:08.47 - <info> (rsp)91 8f 8a 0 1 0 5 7 0 
(1748) 2021.06.04-17:23:08.48 - <info> (mqtt)Message_send:{ "CMD": "STATUS_ONLINE", "DATA": { "DEVICE_UNICAST_ID": 138 } }
(1748) 2021.06.04-17:23:08.62 - <info> (rsp)91 8f 84 0 1 0 5 7 0 
(1748) 2021.06.04-17:23:08.63 - <info> (mqtt)Message_send:{ "CMD": "STATUS_ONLINE", "DATA": { "DEVICE_UNICAST_ID": 132 } }
(1748) 2021.06.04-17:23:08.95 - <info> (rsp)91 8f 5a 0 1 0 5 7 0 
(1748) 2021.06.04-17:23:08.97 - <info> (mqtt)Message_send:{ "CMD": "STATUS_ONLINE", "DATA": { "DEVICE_UNICAST_ID": 90 } }
(1749) 2021.06.04-17:23:17.59 - <info> (mqtt)Message_receive: {"CMD":"HAVE A MESSAGE"}
(1749) 2021.06.04-17:23:17.60 - <info> (mqtt)Message_send: HAVE A RSP
(1749) 2021.06.04-17:23:47.59 - <info> (mqtt)Message_receive: {"CMD":"HAVE A MESSAGE"}
(1749) 2021.06.04-17:23:47.60 - <info> (mqtt)Message_send: HAVE A RSP
(1749) 2021.06.04-17:24:17.60 - <info> (mqtt)Message_receive: {"CMD":"HAVE A MESSAGE"}
(1749) 2021.06.04-17:24:17.61 - <info> (mqtt)Message_send: HAVE A RSP
(1749) 2021.06.04-17:24:47.61 - <info> (mqtt)Message_receive: {"CMD":"HAVE A MESSAGE"}
(1749) 2021.06.04-17:24:47.62 - <info> (mqtt)Message_send: HAVE A RSP
(1749) 2021.06.04-17:25:17.63 - <info> (mqtt)Message_receive: {"CMD":"HAVE A MESSAGE"}
(1749) 2021.06.04-17:25:17.64 - <info> (mqtt)Message_send: HAVE A RSP
(1749) 2021.06.04-17:25:47.62 - <info> (mqtt)Message_receive: {"CMD":"HAVE A MESSAGE"}
(1749) 2021.06.04-17:25:47.63 - <info> (mqtt)Message_send: HAVE A RSP
(1749) 2021.06.04-17:26:17.62 - <info> (mqtt)Message_receive: {"CMD":"HAVE A MESSAGE"}
(1749) 2021.06.04-17:26:17.63 - <info> (mqtt)Message_send: HAVE A RSP
(1749) 2021.06.04-17:26:47.63 - <info> (mqtt)Message_receive: {"CMD":"HAVE A MESSAGE"}
(1749) 2021.06.04-17:26:47.64 - <info> (mqtt)Message_send: HAVE A RSP
(1749) 2021.06.04-17:27:17.63 - <info> (mqtt)Message_receive: {"CMD":"HAVE A MESSAGE"}
(1749) 2021.06.04-17:27:17.64 - <info> (mqtt)Message_send: HAVE A RSP
(1749) 2021.06.04-17:27:47.64 - <info> (mqtt)Message_receive: {"CMD":"HAVE A MESSAGE"}
(1749) 2021.06.04-17:27:47.65 - <info> (mqtt)Message_send: HAVE A RSP
(1749) 2021.06.04-17:28:17.64 - <info> (mqtt)Message_receive: {"CMD":"HAVE A MESSAGE"}
(1749) 2021.06.04-17:28:17.66 - <info> (mqtt)Message_send: HAVE A RSP
(1749) 2021.06.04-17:28:47.65 - <info> (mqtt)Message_receive: {"CMD":"HAVE A MESSAGE"}
(1749) 2021.06.04-17:28:47.66 - <info> (mqtt)Message_send: HAVE A RSP
(1749) 2021.06.04-17:29:17.66 - <info> (mqtt)Message_receive: {"CMD":"HAVE A MESSAGE"}
(1749) 2021.06.04-17:29:17.67 - <info> (mqtt)Message_send: HAVE A RSP
(1749) 2021.06.04-17:29:47.66 - <info> (mqtt)Message_receive: {"CMD":"HAVE A MESSAGE"}
(1749) 2021.06.04-17:29:47.66 - <info> (mqtt)Message_send: HAVE A RSP
(1749) 2021.06.04-17:30:17.66 - <info> (mqtt)Message_receive: {"CMD":"HAVE A MESSAGE"}
(1749) 2021.06.04-17:30:17.67 - <info> (mqtt)Message_send: HAVE A RSP
(1749) 2021.06.04-17:30:47.67 - <info> (mqtt)Message_receive: {"CMD":"HAVE A MESSAGE"}
(1749) 2021.06.04-17:30:47.68 - <info> (mqtt)Message_send: HAVE A RSP
(1749) 2021.06.04-17:31:17.68 - <info> (mqtt)Message_receive: {"CMD":"HAVE A MESSAGE"}
(1749) 2021.06.04-17:31:17.69 - <info> (mqtt)Message_send: HAVE A RSP
(1749) 2021.06.04-17:31:47.69 - <info> (mqtt)Message_receive: {"CMD":"HAVE A MESSAGE"}
(1749) 2021.06.04-17:31:47.71 - <info> (mqtt)Message_send: HAVE A RSP
(1749) 2021.06.04-17:32:17.69 - <info> (mqtt)Message_receive: {"CMD":"HAVE A MESSAGE"}
(1749) 2021.06.04-17:32:17.70 - <info> (mqtt)Message_send: HAVE A RSP
(1749) 2021.06.04-17:32:47.70 - <info> (mqtt)Message_receive: {"CMD":"HAVE A MESSAGE"}
(1749) 2021.06.04-17:32:47.71 - <info> (mqtt)Message_send: HAVE A RSP
(1749) 2021.06.04-17:33:17.70 - <info> (mqtt)Message_receive: {"CMD":"HAVE A MESSAGE"}
(1749) 2021.06.04-17:33:17.71 - <info> (mqtt)Message_send: HAVE A RSP
(1749) 2021.06.04-17:33:47.71 - <info> (mqtt)Message_receive: {"CMD":"HAVE A MESSAGE"}
(1749) 2021.06.04-17:33:47.72 - <info> (mqtt)Message_send: HAVE A RSP
(1749) 2021.06.04-17:34:17.71 - <info> (mqtt)Message_receive: {"CMD":"HAVE A MESSAGE"}
(1749) 2021.06.04-17:34:17.72 - <info> (mqtt)Message_send: HAVE A RSP
(1749) 2021.06.04-17:34:47.71 - <info> (mqtt)Message_receive: {"CMD":"HAVE A MESSAGE"}
(1749) 2021.06.04-17:34:47.72 - <info> (mqtt)Message_send: HAVE A RSP
(1749) 2021.06.04-17:35:17.72 - <info> (mqtt)Message_receive: {"CMD":"HAVE A MESSAGE"}
(1749) 2021.06.04-17:35:17.73 - <info> (mqtt)Message_send: HAVE A RSP
(1749) 2021.06.04-17:35:47.72 - <info> (mqtt)Message_receive: {"CMD":"HAVE A MESSAGE"}
(1749) 2021.06.04-17:35:47.73 - <info> (mqtt)Message_send: HAVE A RSP
(1749) 2021.06.04-17:36:17.73 - <info> (mqtt)Message_receive: {"CMD":"HAVE A MESSAGE"}
(1749) 2021.06.04-17:36:17.73 - <info> (mqtt)Message_send: HAVE A RSP
(1749) 2021.06.04-17:36:47.73 - <info> (mqtt)Message_receive: {"CMD":"HAVE A MESSAGE"}
(1749) 2021.06.04-17:36:47.75 - <info> (mqtt)Message_send: HAVE A RSP
(1749) 2021.06.04-17:37:17.75 - <info> (mqtt)Message_receive: {"CMD":"HAVE A MESSAGE"}
(1749) 2021.06.04-17:37:17.76 - <info> (mqtt)Message_send: HAVE A RSP
(1749) 2021.06.04-17:37:47.74 - <info> (mqtt)Message_receive: {"CMD":"HAVE A MESSAGE"}
(1749) 2021.06.04-17:37:47.76 - <info> (mqtt)Message_send: HAVE A RSP
(1749) 2021.06.04-17:38:17.76 - <info> (mqtt)Message_receive: {"CMD":"HAVE A MESSAGE"}
(1749) 2021.06.04-17:38:17.77 - <info> (mqtt)Message_send: HAVE A RSP
(1749) 2021.06.04-17:38:47.76 - <info> (mqtt)Message_receive: {"CMD":"HAVE A MESSAGE"}
(1749) 2021.06.04-17:38:47.77 - <info> (mqtt)Message_send: HAVE A RSP
(1749) 2021.06.04-17:39:17.76 - <info> (mqtt)Message_receive: {"CMD":"HAVE A MESSAGE"}
(1749) 2021.06.04-17:39:17.77 - <info> (mqtt)Message_send: HAVE A RSP
(1749) 2021.06.04-17:39:47.80 - <info> (mqtt)Message_receive: {"CMD":"HAVE A MESSAGE"}
(1749) 2021.06.04-17:39:47.81 - <info> (mqtt)Message_send: HAVE A RSP
(1748) 2021.06.04-17:40:11.89 - <info> (rsp)91 8f 92 0 1 0 5 7 0 
(1748) 2021.06.04-17:40:11.90 - <info> (mqtt)Message_send:{ "CMD": "STATUS_ONLINE", "DATA": { "DEVICE_UNICAST_ID": 146 } }
(1748) 2021.06.04-17:40:11.93 - <info> (rsp)91 8f 86 0 1 0 5 7 0 
(1748) 2021.06.04-17:40:11.94 - <info> (mqtt)Message_send:{ "CMD": "STATUS_ONLINE", "DATA": { "DEVICE_UNICAST_ID": 134 } }
(1748) 2021.06.04-17:40:11.95 - <info> (rsp)91 8f 94 0 1 0 5 7 0 
(1748) 2021.06.04-17:40:11.96 - <info> (mqtt)Message_send:{ "CMD": "STATUS_ONLINE", "DATA": { "DEVICE_UNICAST_ID": 148 } }
(1748) 2021.06.04-17:40:11.98 - <info> (rsp)91 8f 90 0 1 0 5 7 0 
(1748) 2021.06.04-17:40:11.99 - <info> (mqtt)Message_send:{ "CMD": "STATUS_ONLINE", "DATA": { "DEVICE_UNICAST_ID": 144 } }
(1748) 2021.06.04-17:40:12.00 - <info> (rsp)91 8f 84 0 1 0 5 7 0 
(1748) 2021.06.04-17:40:12.01 - <info> (mqtt)Message_send:{ "CMD": "STATUS_ONLINE", "DATA": { "DEVICE_UNICAST_ID": 132 } }
(1748) 2021.06.04-17:40:12.11 - <info> (rsp)91 8f 8a 0 1 0 5 7 0 
(1748) 2021.06.04-17:40:12.13 - <info> (mqtt)Message_send:{ "CMD": "STATUS_ONLINE", "DATA": { "DEVICE_UNICAST_ID": 138 } }
(1748) 2021.06.04-17:40:12.15 - <info> (rsp)91 8f 74 0 1 0 5 7 0 
(1748) 2021.06.04-17:40:12.16 - <info> (mqtt)Message_send:{ "CMD": "STATUS_ONLINE", "DATA": { "DEVICE_UNICAST_ID": 116 } }
(1748) 2021.06.04-17:40:12.22 - <info> (rsp)91 8f 6a 0 1 0 5 7 0 
(1748) 2021.06.04-17:40:12.23 - <info> (mqtt)Message_send:{ "CMD": "STATUS_ONLINE", "DATA": { "DEVICE_UNICAST_ID": 106 } }
(1748) 2021.06.04-17:40:12.24 - <info> (rsp)91 8f 64 0 1 0 5 7 0 
(1748) 2021.06.04-17:40:12.26 - <info> (mqtt)Message_send:{ "CMD": "STATUS_ONLINE", "DATA": { "DEVICE_UNICAST_ID": 100 } }
(1748) 2021.06.04-17:40:12.27 - <info> (rsp)91 8f 5d 0 1 0 5 7 0 
(1748) 2021.06.04-17:40:12.28 - <info> (mqtt)Message_send:{ "CMD": "STATUS_ONLINE", "DATA": { "DEVICE_UNICAST_ID": 93 } }
(1748) 2021.06.04-17:40:12.33 - <info> (rsp)91 8f 68 0 1 0 5 7 0 
(1748) 2021.06.04-17:40:12.34 - <info> (mqtt)Message_send:{ "CMD": "STATUS_ONLINE", "DATA": { "DEVICE_UNICAST_ID": 104 } }
(1748) 2021.06.04-17:40:12.35 - <info> (rsp)91 8f 5a 0 1 0 5 7 0 
(1748) 2021.06.04-17:40:12.36 - <info> (mqtt)Message_send:{ "CMD": "STATUS_ONLINE", "DATA": { "DEVICE_UNICAST_ID": 90 } }
(1748) 2021.06.04-17:40:12.37 - <info> (rsp)91 8f 6c 0 1 0 5 7 0 
(1748) 2021.06.04-17:40:12.38 - <info> (mqtt)Message_send:{ "CMD": "STATUS_ONLINE", "DATA": { "DEVICE_UNICAST_ID": 108 } }
(1748) 2021.06.04-17:40:12.39 - <info> (rsp)91 8f 72 0 1 0 5 7 0 
(1748) 2021.06.04-17:40:12.40 - <info> (mqtt)Message_send:{ "CMD": "STATUS_ONLINE", "DATA": { "DEVICE_UNICAST_ID": 114 } }
(1748) 2021.06.04-17:40:12.41 - <info> (rsp)91 8f 8e 0 1 0 5 7 0 
(1748) 2021.06.04-17:40:12.42 - <info> (mqtt)Message_send:{ "CMD": "STATUS_ONLINE", "DATA": { "DEVICE_UNICAST_ID": 142 } }
(1748) 2021.06.04-17:40:12.43 - <info> (rsp)91 8f 82 0 1 0 5 7 0 
(1748) 2021.06.04-17:40:12.44 - <info> (mqtt)Message_send:{ "CMD": "STATUS_ONLINE", "DATA": { "DEVICE_UNICAST_ID": 130 } }
(1748) 2021.06.04-17:40:12.53 - <info> (rsp)91 8f 8c 0 1 0 5 7 0 
(1748) 2021.06.04-17:40:12.54 - <info> (mqtt)Message_send:{ "CMD": "STATUS_ONLINE", "DATA": { "DEVICE_UNICAST_ID": 140 } }
(1749) 2021.06.04-17:40:17.81 - <info> (mqtt)Message_receive: {"CMD":"HAVE A MESSAGE"}
(1749) 2021.06.04-17:40:17.83 - <info> (mqtt)Message_send: HAVE A RSP
(1749) 2021.06.04-17:40:47.81 - <info> (mqtt)Message_receive: {"CMD":"HAVE A MESSAGE"}
(1749) 2021.06.04-17:40:47.82 - <info> (mqtt)Message_send: HAVE A RSP
(1749) 2021.06.04-17:41:17.83 - <info> (mqtt)Message_receive: {"CMD":"HAVE A MESSAGE"}
(1749) 2021.06.04-17:41:17.83 - <info> (mqtt)Message_send: HAVE A RSP
(1749) 2021.06.04-17:41:47.83 - <info> (mqtt)Message_receive: {"CMD":"HAVE A MESSAGE"}
(1749) 2021.06.04-17:41:47.84 - <info> (mqtt)Message_send: HAVE A RSP
(1749) 2021.06.04-17:42:17.85 - <info> (mqtt)Message_receive: {"CMD":"HAVE A MESSAGE"}
(1749) 2021.06.04-17:42:17.86 - <info> (mqtt)Message_send: HAVE A RSP
(1749) 2021.06.04-17:42:47.84 - <info> (mqtt)Message_receive: {"CMD":"HAVE A MESSAGE"}
(1749) 2021.06.04-17:42:47.87 - <info> (mqtt)Message_send: HAVE A RSP
(1749) 2021.06.04-17:43:17.85 - <info> (mqtt)Message_receive: {"CMD":"HAVE A MESSAGE"}
(1749) 2021.06.04-17:43:17.86 - <info> (mqtt)Message_send: HAVE A RSP
(1749) 2021.06.04-17:43:47.85 - <info> (mqtt)Message_receive: {"CMD":"HAVE A MESSAGE"}
(1749) 2021.06.04-17:43:47.86 - <info> (mqtt)Message_send: HAVE A RSP
(1749) 2021.06.04-17:44:17.85 - <info> (mqtt)Message_receive: {"CMD":"HAVE A MESSAGE"}
(1749) 2021.06.04-17:44:17.86 - <info> (mqtt)Message_send: HAVE A RSP
(1749) 2021.06.04-17:44:47.86 - <info> (mqtt)Message_receive: {"CMD":"HAVE A MESSAGE"}
(1749) 2021.06.04-17:44:47.87 - <info> (mqtt)Message_send: HAVE A RSP
(1749) 2021.06.04-17:45:17.86 - <info> (mqtt)Message_receive: {"CMD":"HAVE A MESSAGE"}
(1749) 2021.06.04-17:45:17.88 - <info> (mqtt)Message_send: HAVE A RSP
(1749) 2021.06.04-17:45:47.88 - <info> (mqtt)Message_receive: {"CMD":"HAVE A MESSAGE"}
(1749) 2021.06.04-17:45:47.88 - <info> (mqtt)Message_send: HAVE A RSP
(1749) 2021.06.04-17:46:17.88 - <info> (mqtt)Message_receive: {"CMD":"HAVE A MESSAGE"}
(1749) 2021.06.04-17:46:17.89 - <info> (mqtt)Message_send: HAVE A RSP
(1749) 2021.06.04-17:46:47.90 - <info> (mqtt)Message_receive: {"CMD":"HAVE A MESSAGE"}
(1749) 2021.06.04-17:46:47.91 - <info> (mqtt)Message_send: HAVE A RSP
(1749) 2021.06.04-17:47:17.89 - <info> (mqtt)Message_receive: {"CMD":"HAVE A MESSAGE"}
(1749) 2021.06.04-17:47:17.90 - <info> (mqtt)Message_send: HAVE A RSP
(1749) 2021.06.04-17:47:47.91 - <info> (mqtt)Message_receive: {"CMD":"HAVE A MESSAGE"}
(1749) 2021.06.04-17:47:47.92 - <info> (mqtt)Message_send: HAVE A RSP
(1749) 2021.06.04-17:48:17.90 - <info> (mqtt)Message_receive: {"CMD":"HAVE A MESSAGE"}
(1749) 2021.06.04-17:48:17.91 - <info> (mqtt)Message_send: HAVE A RSP
(1749) 2021.06.04-17:48:47.90 - <info> (mqtt)Message_receive: {"CMD":"HAVE A MESSAGE"}
(1749) 2021.06.04-17:48:47.96 - <info> (mqtt)Message_send: HAVE A RSP
(1749) 2021.06.04-17:49:17.91 - <info> (mqtt)Message_receive: {"CMD":"HAVE A MESSAGE"}
(1749) 2021.06.04-17:49:17.92 - <info> (mqtt)Message_send: HAVE A RSP
(1749) 2021.06.04-17:49:47.91 - <info> (mqtt)Message_receive: {"CMD":"HAVE A MESSAGE"}
(1749) 2021.06.04-17:49:47.92 - <info> (mqtt)Message_send: HAVE A RSP
(1749) 2021.06.04-17:50:17.92 - <info> (mqtt)Message_receive: {"CMD":"HAVE A MESSAGE"}
(1749) 2021.06.04-17:50:17.93 - <info> (mqtt)Message_send: HAVE A RSP
(1749) 2021.06.04-17:50:47.92 - <info> (mqtt)Message_receive: {"CMD":"HAVE A MESSAGE"}
(1749) 2021.06.04-17:50:47.93 - <info> (mqtt)Message_send: HAVE A RSP
(1749) 2021.06.04-17:51:17.94 - <info> (mqtt)Message_receive: {"CMD":"HAVE A MESSAGE"}
(1749) 2021.06.04-17:51:17.94 - <info> (mqtt)Message_send: HAVE A RSP
(1749) 2021.06.04-17:51:47.96 - <info> (mqtt)Message_receive: {"CMD":"HAVE A MESSAGE"}
(1749) 2021.06.04-17:51:47.97 - <info> (mqtt)Message_send: HAVE A RSP
(1749) 2021.06.04-17:52:17.95 - <info> (mqtt)Message_receive: {"CMD":"HAVE A MESSAGE"}
(1749) 2021.06.04-17:52:17.96 - <info> (mqtt)Message_send: HAVE A RSP
(1749) 2021.06.04-17:52:47.95 - <info> (mqtt)Message_receive: {"CMD":"HAVE A MESSAGE"}
(1749) 2021.06.04-17:52:47.96 - <info> (mqtt)Message_send: HAVE A RSP
(1749) 2021.06.04-17:53:17.96 - <info> (mqtt)Message_receive: {"CMD":"HAVE A MESSAGE"}
(1749) 2021.06.04-17:53:17.97 - <info> (mqtt)Message_send: HAVE A RSP
(1749) 2021.06.04-17:53:47.96 - <info> (mqtt)Message_receive: {"CMD":"HAVE A MESSAGE"}
(1749) 2021.06.04-17:53:47.97 - <info> (mqtt)Message_send: HAVE A RSP
(1749) 2021.06.04-17:54:17.97 - <info> (mqtt)Message_receive: {"CMD":"HAVE A MESSAGE"}
(1749) 2021.06.04-17:54:17.98 - <info> (mqtt)Message_send: HAVE A RSP
(1749) 2021.06.04-17:54:47.98 - <info> (mqtt)Message_receive: {"CMD":"HAVE A MESSAGE"}
(1749) 2021.06.04-17:54:47.99 - <info> (mqtt)Message_send: HAVE A RSP
(1749) 2021.06.04-17:55:17.97 - <info> (mqtt)Message_receive: {"CMD":"HAVE A MESSAGE"}
(1749) 2021.06.04-17:55:17.98 - <info> (mqtt)Message_send: HAVE A RSP
(1749) 2021.06.04-17:55:47.98 - <info> (mqtt)Message_receive: {"CMD":"HAVE A MESSAGE"}
(1749) 2021.06.04-17:55:47.99 - <info> (mqtt)Message_send: HAVE A RSP
(1749) 2021.06.04-17:56:17.98 - <info> (mqtt)Message_receive: {"CMD":"HAVE A MESSAGE"}
(1749) 2021.06.04-17:56:17.99 - <info> (mqtt)Message_send: HAVE A RSP
(1749) 2021.06.04-17:56:47.99 - <info> (mqtt)Message_receive: {"CMD":"HAVE A MESSAGE"}
(1749) 2021.06.04-17:56:48.00 - <info> (mqtt)Message_send: HAVE A RSP
(1748) 2021.06.04-17:57:15.97 - <info> (rsp)91 8f 92 0 1 0 5 7 0 
(1748) 2021.06.04-17:57:15.97 - <info> (mqtt)Message_send:{ "CMD": "STATUS_ONLINE", "DATA": { "DEVICE_UNICAST_ID": 146 } }
(1748) 2021.06.04-17:57:15.98 - <info> (rsp)91 8f 94 0 1 0 5 7 0 
(1748) 2021.06.04-17:57:15.99 - <info> (mqtt)Message_send:{ "CMD": "STATUS_ONLINE", "DATA": { "DEVICE_UNICAST_ID": 148 } }
(1748) 2021.06.04-17:57:16.07 - <info> (rsp)91 8f 8c 0 1 0 5 7 0 
(1748) 2021.06.04-17:57:16.08 - <info> (mqtt)Message_send:{ "CMD": "STATUS_ONLINE", "DATA": { "DEVICE_UNICAST_ID": 140 } }
(1748) 2021.06.04-17:57:16.11 - <info> (rsp)91 8f 82 0 1 0 5 7 0 
(1748) 2021.06.04-17:57:16.12 - <info> (mqtt)Message_send:{ "CMD": "STATUS_ONLINE", "DATA": { "DEVICE_UNICAST_ID": 130 } }
(1748) 2021.06.04-17:57:16.14 - <info> (rsp)91 8f 64 0 1 0 5 7 0 
(1748) 2021.06.04-17:57:16.15 - <info> (mqtt)Message_send:{ "CMD": "STATUS_ONLINE", "DATA": { "DEVICE_UNICAST_ID": 100 } }
(1748) 2021.06.04-17:57:16.23 - <info> (rsp)91 8f 5d 0 1 0 5 7 0 
(1748) 2021.06.04-17:57:16.24 - <info> (mqtt)Message_send:{ "CMD": "STATUS_ONLINE", "DATA": { "DEVICE_UNICAST_ID": 93 } }
(1748) 2021.06.04-17:57:16.27 - <info> (rsp)91 8f 90 0 1 0 5 7 0 
(1748) 2021.06.04-17:57:16.28 - <info> (mqtt)Message_send:{ "CMD": "STATUS_ONLINE", "DATA": { "DEVICE_UNICAST_ID": 144 } }
(1748) 2021.06.04-17:57:16.32 - <info> (rsp)91 8f 86 0 1 0 5 7 0 
(1748) 2021.06.04-17:57:16.33 - <info> (mqtt)Message_send:{ "CMD": "STATUS_ONLINE", "DATA": { "DEVICE_UNICAST_ID": 134 } }
(1748) 2021.06.04-17:57:16.48 - <info> (rsp)91 8f 84 0 1 0 5 7 0 
(1748) 2021.06.04-17:57:16.49 - <info> (mqtt)Message_send:{ "CMD": "STATUS_ONLINE", "DATA": { "DEVICE_UNICAST_ID": 132 } }
(1748) 2021.06.04-17:57:16.50 - <info> (rsp)91 8f 68 0 1 0 5 7 0 
(1748) 2021.06.04-17:57:16.52 - <info> (mqtt)Message_send:{ "CMD": "STATUS_ONLINE", "DATA": { "DEVICE_UNICAST_ID": 104 } }
(1748) 2021.06.04-17:57:16.61 - <info> (rsp)91 8f 72 0 1 0 5 7 0 
(1748) 2021.06.04-17:57:16.62 - <info> (mqtt)Message_send:{ "CMD": "STATUS_ONLINE", "DATA": { "DEVICE_UNICAST_ID": 114 } }
(1748) 2021.06.04-17:57:16.63 - <info> (rsp)91 8f 6c 0 1 0 5 7 0 
(1748) 2021.06.04-17:57:16.64 - <info> (mqtt)Message_send:{ "CMD": "STATUS_ONLINE", "DATA": { "DEVICE_UNICAST_ID": 108 } }
(1748) 2021.06.04-17:57:16.65 - <info> (rsp)91 8f 5a 0 1 0 5 7 0 
(1748) 2021.06.04-17:57:16.74 - <info> (mqtt)Message_send:{ "CMD": "STATUS_ONLINE", "DATA": { "DEVICE_UNICAST_ID": 90 } }
(1748) 2021.06.04-17:57:16.76 - <info> (rsp)91 8f 74 0 1 0 5 7 0 
(1748) 2021.06.04-17:57:16.79 - <info> (mqtt)Message_send:{ "CMD": "STATUS_ONLINE", "DATA": { "DEVICE_UNICAST_ID": 116 } }
(1748) 2021.06.04-17:57:16.80 - <info> (rsp)91 8f 8a 0 1 0 5 7 0 
(1748) 2021.06.04-17:57:16.82 - <info> (mqtt)Message_send:{ "CMD": "STATUS_ONLINE", "DATA": { "DEVICE_UNICAST_ID": 138 } }
(1748) 2021.06.04-17:57:16.83 - <info> (rsp)91 8f 8e 0 1 0 5 7 0 
(1748) 2021.06.04-17:57:16.84 - <info> (mqtt)Message_send:{ "CMD": "STATUS_ONLINE", "DATA": { "DEVICE_UNICAST_ID": 142 } }
(1748) 2021.06.04-17:57:16.85 - <info> (rsp)91 8f 6a 0 1 0 5 7 0 
(1748) 2021.06.04-17:57:16.95 - <info> (mqtt)Message_send:{ "CMD": "STATUS_ONLINE", "DATA": { "DEVICE_UNICAST_ID": 106 } }
(1749) 2021.06.04-17:57:17.99 - <info> (mqtt)Message_receive: {"CMD":"HAVE A MESSAGE"}
(1749) 2021.06.04-17:57:18.00 - <info> (mqtt)Message_send: HAVE A RSP
(1749) 2021.06.04-17:57:48.00 - <info> (mqtt)Message_receive: {"CMD":"HAVE A MESSAGE"}
(1749) 2021.06.04-17:57:48.01 - <info> (mqtt)Message_send: HAVE A RSP
(1749) 2021.06.04-17:58:18.01 - <info> (mqtt)Message_receive: {"CMD":"HAVE A MESSAGE"}
(1749) 2021.06.04-17:58:18.02 - <info> (mqtt)Message_send: HAVE A RSP
(1749) 2021.06.04-17:58:48.01 - <info> (mqtt)Message_receive: {"CMD":"HAVE A MESSAGE"}
(1749) 2021.06.04-17:58:48.02 - <info> (mqtt)Message_send: HAVE A RSP
(1749) 2021.06.04-17:59:18.02 - <info> (mqtt)Message_receive: {"CMD":"HAVE A MESSAGE"}
(1749) 2021.06.04-17:59:18.03 - <info> (mqtt)Message_send: HAVE A RSP
(1749) 2021.06.04-17:59:48.02 - <info> (mqtt)Message_receive: {"CMD":"HAVE A MESSAGE"}
(1749) 2021.06.04-17:59:48.04 - <info> (mqtt)Message_send: HAVE A RSP
(1749) 2021.06.04-18:00:18.03 - <info> (mqtt)Message_receive: {"CMD":"HAVE A MESSAGE"}
(1749) 2021.06.04-18:00:18.04 - <info> (mqtt)Message_send: HAVE A RSP
(1749) 2021.06.04-18:00:48.03 - <info> (mqtt)Message_receive: {"CMD":"HAVE A MESSAGE"}
(1749) 2021.06.04-18:00:48.04 - <info> (mqtt)Message_send: HAVE A RSP
(1749) 2021.06.04-18:01:18.04 - <info> (mqtt)Message_receive: {"CMD":"HAVE A MESSAGE"}
(1749) 2021.06.04-18:01:18.05 - <info> (mqtt)Message_send: HAVE A RSP
(1749) 2021.06.04-18:01:48.04 - <info> (mqtt)Message_receive: {"CMD":"HAVE A MESSAGE"}
(1749) 2021.06.04-18:01:48.05 - <info> (mqtt)Message_send: HAVE A RSP
(1749) 2021.06.04-18:02:18.05 - <info> (mqtt)Message_receive: {"CMD":"HAVE A MESSAGE"}
(1749) 2021.06.04-18:02:18.06 - <info> (mqtt)Message_send: HAVE A RSP
(1749) 2021.06.04-18:02:48.06 - <info> (mqtt)Message_receive: {"CMD":"HAVE A MESSAGE"}
(1749) 2021.06.04-18:02:48.08 - <info> (mqtt)Message_send: HAVE A RSP
(1749) 2021.06.04-18:03:18.07 - <info> (mqtt)Message_receive: {"CMD":"HAVE A MESSAGE"}
(1749) 2021.06.04-18:03:18.08 - <info> (mqtt)Message_send: HAVE A RSP
(1749) 2021.06.04-18:03:48.07 - <info> (mqtt)Message_receive: {"CMD":"HAVE A MESSAGE"}
(1749) 2021.06.04-18:03:48.08 - <info> (mqtt)Message_send: HAVE A RSP
(1749) 2021.06.04-18:04:18.11 - <info> (mqtt)Message_receive: {"CMD":"HAVE A MESSAGE"}
(1749) 2021.06.04-18:04:18.12 - <info> (mqtt)Message_send: HAVE A RSP
(1749) 2021.06.04-18:04:48.12 - <info> (mqtt)Message_receive: {"CMD":"HAVE A MESSAGE"}
(1749) 2021.06.04-18:04:48.17 - <info> (mqtt)Message_send: HAVE A RSP
(1749) 2021.06.04-18:05:18.13 - <info> (mqtt)Message_receive: {"CMD":"HAVE A MESSAGE"}
(1749) 2021.06.04-18:05:18.15 - <info> (mqtt)Message_send: HAVE A RSP
(1749) 2021.06.04-18:05:48.13 - <info> (mqtt)Message_receive: {"CMD":"HAVE A MESSAGE"}
(1749) 2021.06.04-18:05:48.14 - <info> (mqtt)Message_send: HAVE A RSP
(1749) 2021.06.04-18:06:18.14 - <info> (mqtt)Message_receive: {"CMD":"HAVE A MESSAGE"}
(1749) 2021.06.04-18:06:18.15 - <info> (mqtt)Message_send: HAVE A RSP
(1749) 2021.06.04-18:06:48.15 - <info> (mqtt)Message_receive: {"CMD":"HAVE A MESSAGE"}
(1749) 2021.06.04-18:06:48.16 - <info> (mqtt)Message_send: HAVE A RSP
(1749) 2021.06.04-18:07:18.15 - <info> (mqtt)Message_receive: {"CMD":"HAVE A MESSAGE"}
(1749) 2021.06.04-18:07:18.16 - <info> (mqtt)Message_send: HAVE A RSP
(1749) 2021.06.04-18:07:48.16 - <info> (mqtt)Message_receive: {"CMD":"HAVE A MESSAGE"}
(1749) 2021.06.04-18:07:48.18 - <info> (mqtt)Message_send: HAVE A RSP
(1749) 2021.06.04-18:08:18.16 - <info> (mqtt)Message_receive: {"CMD":"HAVE A MESSAGE"}
(1749) 2021.06.04-18:08:18.17 - <info> (mqtt)Message_send: HAVE A RSP
(1749) 2021.06.04-18:08:48.17 - <info> (mqtt)Message_receive: {"CMD":"HAVE A MESSAGE"}
(1749) 2021.06.04-18:08:48.18 - <info> (mqtt)Message_send: HAVE A RSP
(1749) 2021.06.04-18:09:18.18 - <info> (mqtt)Message_receive: {"CMD":"HAVE A MESSAGE"}
(1749) 2021.06.04-18:09:18.19 - <info> (mqtt)Message_send: HAVE A RSP
(1749) 2021.06.04-18:09:48.18 - <info> (mqtt)Message_receive: {"CMD":"HAVE A MESSAGE"}
(1749) 2021.06.04-18:09:48.21 - <info> (mqtt)Message_send: HAVE A RSP
(1749) 2021.06.04-18:10:18.19 - <info> (mqtt)Message_receive: {"CMD":"HAVE A MESSAGE"}
(1749) 2021.06.04-18:10:18.20 - <info> (mqtt)Message_send: HAVE A RSP
(1749) 2021.06.04-18:10:48.19 - <info> (mqtt)Message_receive: {"CMD":"HAVE A MESSAGE"}
(1749) 2021.06.04-18:10:48.21 - <info> (mqtt)Message_send: HAVE A RSP
(1749) 2021.06.04-18:11:18.20 - <info> (mqtt)Message_receive: {"CMD":"HAVE A MESSAGE"}
(1749) 2021.06.04-18:11:18.21 - <info> (mqtt)Message_send: HAVE A RSP
(1749) 2021.06.04-18:11:48.20 - <info> (mqtt)Message_receive: {"CMD":"HAVE A MESSAGE"}
(1749) 2021.06.04-18:11:48.21 - <info> (mqtt)Message_send: HAVE A RSP
(1749) 2021.06.04-18:12:18.20 - <info> (mqtt)Message_receive: {"CMD":"HAVE A MESSAGE"}
(1749) 2021.06.04-18:12:18.21 - <info> (mqtt)Message_send: HAVE A RSP
(1749) 2021.06.04-18:12:48.21 - <info> (mqtt)Message_receive: {"CMD":"HAVE A MESSAGE"}
(1749) 2021.06.04-18:12:48.23 - <info> (mqtt)Message_send: HAVE A RSP
(1749) 2021.06.04-18:13:18.21 - <info> (mqtt)Message_receive: {"CMD":"HAVE A MESSAGE"}
(1749) 2021.06.04-18:13:18.22 - <info> (mqtt)Message_send: HAVE A RSP
(1749) 2021.06.04-18:13:48.23 - <info> (mqtt)Message_receive: {"CMD":"HAVE A MESSAGE"}
(1749) 2021.06.04-18:13:48.24 - <info> (mqtt)Message_send: HAVE A RSP
(1749) 2021.06.04-18:14:18.23 - <info> (mqtt)Message_receive: {"CMD":"HAVE A MESSAGE"}
(1749) 2021.06.04-18:14:18.24 - <info> (mqtt)Message_send: HAVE A RSP
(1748) 2021.06.04-18:14:20.08 - <info> (rsp)91 8f 92 0 1 0 5 7 0 
(1748) 2021.06.04-18:14:20.09 - <info> (mqtt)Message_send:{ "CMD": "STATUS_ONLINE", "DATA": { "DEVICE_UNICAST_ID": 146 } }
(1748) 2021.06.04-18:14:20.12 - <info> (rsp)91 8f 86 0 1 0 5 7 0 
(1748) 2021.06.04-18:14:20.14 - <info> (mqtt)Message_send:{ "CMD": "STATUS_ONLINE", "DATA": { "DEVICE_UNICAST_ID": 134 } }
(1748) 2021.06.04-18:14:20.15 - <info> (rsp)91 8f 94 0 1 0 5 7 0 
(1748) 2021.06.04-18:14:20.16 - <info> (mqtt)Message_send:{ "CMD": "STATUS_ONLINE", "DATA": { "DEVICE_UNICAST_ID": 148 } }
(1748) 2021.06.04-18:14:20.24 - <info> (rsp)91 8f 8c 0 1 0 5 7 0 
(1748) 2021.06.04-18:14:20.25 - <info> (mqtt)Message_send:{ "CMD": "STATUS_ONLINE", "DATA": { "DEVICE_UNICAST_ID": 140 } }
(1748) 2021.06.04-18:14:20.26 - <info> (rsp)91 8f 8e 0 1 0 5 7 0 
(1748) 2021.06.04-18:14:20.27 - <info> (mqtt)Message_send:{ "CMD": "STATUS_ONLINE", "DATA": { "DEVICE_UNICAST_ID": 142 } }
(1748) 2021.06.04-18:14:20.29 - <info> (rsp)91 8f 8a 0 1 0 5 7 0 
(1748) 2021.06.04-18:14:20.34 - <info> (mqtt)Message_send:{ "CMD": "STATUS_ONLINE", "DATA": { "DEVICE_UNICAST_ID": 138 } }
(1748) 2021.06.04-18:14:20.35 - <info> (rsp)91 8f 90 0 1 0 5 7 0 
(1748) 2021.06.04-18:14:20.36 - <info> (mqtt)Message_send:{ "CMD": "STATUS_ONLINE", "DATA": { "DEVICE_UNICAST_ID": 144 } }
(1748) 2021.06.04-18:14:20.37 - <info> (rsp)91 8f 64 0 1 0 5 7 0 
(1748) 2021.06.04-18:14:20.38 - <info> (mqtt)Message_send:{ "CMD": "STATUS_ONLINE", "DATA": { "DEVICE_UNICAST_ID": 100 } }
(1748) 2021.06.04-18:14:20.39 - <info> (rsp)91 8f 82 0 1 0 5 7 0 
(1748) 2021.06.04-18:14:20.40 - <info> (mqtt)Message_send:{ "CMD": "STATUS_ONLINE", "DATA": { "DEVICE_UNICAST_ID": 130 } }
(1748) 2021.06.04-18:14:20.41 - <info> (rsp)91 8f 5d 0 1 0 5 7 0 
(1748) 2021.06.04-18:14:20.42 - <info> (mqtt)Message_send:{ "CMD": "STATUS_ONLINE", "DATA": { "DEVICE_UNICAST_ID": 93 } }
(1748) 2021.06.04-18:14:20.47 - <info> (rsp)91 8f 84 0 1 0 5 7 0 
(1748) 2021.06.04-18:14:20.48 - <info> (mqtt)Message_send:{ "CMD": "STATUS_ONLINE", "DATA": { "DEVICE_UNICAST_ID": 132 } }
(1748) 2021.06.04-18:14:20.49 - <info> (rsp)91 8f 6a 0 1 0 5 7 0 
(1748) 2021.06.04-18:14:20.49 - <info> (mqtt)Message_send:{ "CMD": "STATUS_ONLINE", "DATA": { "DEVICE_UNICAST_ID": 106 } }
(1748) 2021.06.04-18:14:20.50 - <info> (rsp)91 8f 6c 0 1 0 5 7 0 
(1748) 2021.06.04-18:14:20.51 - <info> (mqtt)Message_send:{ "CMD": "STATUS_ONLINE", "DATA": { "DEVICE_UNICAST_ID": 108 } }
(1748) 2021.06.04-18:14:20.60 - <info> (rsp)91 8f 68 0 1 0 5 7 0 
(1748) 2021.06.04-18:14:20.61 - <info> (mqtt)Message_send:{ "CMD": "STATUS_ONLINE", "DATA": { "DEVICE_UNICAST_ID": 104 } }
(1748) 2021.06.04-18:14:20.62 - <info> (rsp)91 8f 74 0 1 0 5 7 0 
(1748) 2021.06.04-18:14:20.63 - <info> (mqtt)Message_send:{ "CMD": "STATUS_ONLINE", "DATA": { "DEVICE_UNICAST_ID": 116 } }
(1748) 2021.06.04-18:14:20.66 - <info> (rsp)91 8f 72 0 1 0 5 7 0 
(1748) 2021.06.04-18:14:20.67 - <info> (mqtt)Message_send:{ "CMD": "STATUS_ONLINE", "DATA": { "DEVICE_UNICAST_ID": 114 } }
(1748) 2021.06.04-18:14:21.27 - <info> (rsp)91 8f 5a 0 1 0 5 7 0 
(1748) 2021.06.04-18:14:21.28 - <info> (mqtt)Message_send:{ "CMD": "STATUS_ONLINE", "DATA": { "DEVICE_UNICAST_ID": 90 } }
(1749) 2021.06.04-18:14:48.23 - <info> (mqtt)Message_receive: {"CMD":"HAVE A MESSAGE"}
(1749) 2021.06.04-18:14:48.24 - <info> (mqtt)Message_send: HAVE A RSP
(1749) 2021.06.04-18:16:37.84 - <info> (mqtt)Message_receive: {"CMD":"HAVE A MESSAGE"}
(1749) 2021.06.04-18:16:37.85 - <info> (mqtt)Message_send: HAVE A RSP
(1749) 2021.06.04-18:16:37.87 - <info> (mqtt)Message_receive: {"CMD":"HAVE A MESSAGE"}
(1749) 2021.06.04-18:16:37.88 - <info> (mqtt)Message_send: HAVE A RSP
(1749) 2021.06.04-18:16:37.89 - <info> (mqtt)Message_receive: {"CMD":"HAVE A MESSAGE"}
(1749) 2021.06.04-18:16:37.90 - <info> (mqtt)Message_send: HAVE A RSP
(1749) 2021.06.04-18:16:48.25 - <info> (mqtt)Message_receive: {"CMD":"HAVE A MESSAGE"}
(1749) 2021.06.04-18:16:48.26 - <info> (mqtt)Message_send: HAVE A RSP
(1749) 2021.06.04-18:17:18.26 - <info> (mqtt)Message_receive: {"CMD":"HAVE A MESSAGE"}
(1749) 2021.06.04-18:17:18.27 - <info> (mqtt)Message_send: HAVE A RSP
(1749) 2021.06.04-18:17:48.26 - <info> (mqtt)Message_receive: {"CMD":"HAVE A MESSAGE"}
(1749) 2021.06.04-18:17:48.27 - <info> (mqtt)Message_send: HAVE A RSP
(1749) 2021.06.04-18:18:18.27 - <info> (mqtt)Message_receive: {"CMD":"HAVE A MESSAGE"}
(1749) 2021.06.04-18:18:18.27 - <info> (mqtt)Message_send: HAVE A RSP
(1749) 2021.06.04-18:18:48.28 - <info> (mqtt)Message_receive: {"CMD":"HAVE A MESSAGE"}
(1749) 2021.06.04-18:18:48.29 - <info> (mqtt)Message_send: HAVE A RSP
(1749) 2021.06.04-18:19:18.28 - <info> (mqtt)Message_receive: {"CMD":"HAVE A MESSAGE"}
(1749) 2021.06.04-18:19:18.29 - <info> (mqtt)Message_send: HAVE A RSP
(1749) 2021.06.04-18:19:48.28 - <info> (mqtt)Message_receive: {"CMD":"HAVE A MESSAGE"}
(1749) 2021.06.04-18:19:48.29 - <info> (mqtt)Message_send: HAVE A RSP
(1749) 2021.06.04-18:20:18.30 - <info> (mqtt)Message_receive: {"CMD":"HAVE A MESSAGE"}
(1749) 2021.06.04-18:20:18.31 - <info> (mqtt)Message_send: HAVE A RSP
(1749) 2021.06.04-18:20:48.30 - <info> (mqtt)Message_receive: {"CMD":"HAVE A MESSAGE"}
(1749) 2021.06.04-18:20:48.32 - <info> (mqtt)Message_send: HAVE A RSP
(1749) 2021.06.04-18:21:18.30 - <info> (mqtt)Message_receive: {"CMD":"HAVE A MESSAGE"}
(1749) 2021.06.04-18:21:18.31 - <info> (mqtt)Message_send: HAVE A RSP
(1749) 2021.06.04-18:21:48.31 - <info> (mqtt)Message_receive: {"CMD":"HAVE A MESSAGE"}
(1749) 2021.06.04-18:21:48.34 - <info> (mqtt)Message_send: HAVE A RSP
(1749) 2021.06.04-18:22:18.31 - <info> (mqtt)Message_receive: {"CMD":"HAVE A MESSAGE"}
(1749) 2021.06.04-18:22:18.32 - <info> (mqtt)Message_send: HAVE A RSP
(1749) 2021.06.04-18:22:48.32 - <info> (mqtt)Message_receive: {"CMD":"HAVE A MESSAGE"}
(1749) 2021.06.04-18:22:48.34 - <info> (mqtt)Message_send: HAVE A RSP
(1749) 2021.06.04-18:23:18.32 - <info> (mqtt)Message_receive: {"CMD":"HAVE A MESSAGE"}
(1749) 2021.06.04-18:23:18.33 - <info> (mqtt)Message_send: HAVE A RSP
(1749) 2021.06.04-18:23:48.34 - <info> (mqtt)Message_receive: {"CMD":"HAVE A MESSAGE"}
(1749) 2021.06.04-18:23:48.35 - <info> (mqtt)Message_send: HAVE A RSP
(1749) 2021.06.04-18:24:18.33 - <info> (mqtt)Message_receive: {"CMD":"HAVE A MESSAGE"}
(1749) 2021.06.04-18:24:18.34 - <info> (mqtt)Message_send: HAVE A RSP
(1749) 2021.06.04-18:24:48.35 - <info> (mqtt)Message_receive: {"CMD":"HAVE A MESSAGE"}
(1749) 2021.06.04-18:24:48.36 - <info> (mqtt)Message_send: HAVE A RSP
(1749) 2021.06.04-18:25:18.35 - <info> (mqtt)Message_receive: {"CMD":"HAVE A MESSAGE"}
(1749) 2021.06.04-18:25:18.36 - <info> (mqtt)Message_send: HAVE A RSP
(1749) 2021.06.04-18:25:48.35 - <info> (mqtt)Message_receive: {"CMD":"HAVE A MESSAGE"}
(1749) 2021.06.04-18:25:48.36 - <info> (mqtt)Message_send: HAVE A RSP
(1749) 2021.06.04-18:26:18.36 - <info> (mqtt)Message_receive: {"CMD":"HAVE A MESSAGE"}
(1749) 2021.06.04-18:26:18.37 - <info> (mqtt)Message_send: HAVE A RSP
(1749) 2021.06.04-18:26:48.36 - <info> (mqtt)Message_receive: {"CMD":"HAVE A MESSAGE"}
(1749) 2021.06.04-18:26:48.37 - <info> (mqtt)Message_send: HAVE A RSP
(1749) 2021.06.04-18:27:18.37 - <info> (mqtt)Message_receive: {"CMD":"HAVE A MESSAGE"}
(1749) 2021.06.04-18:27:18.38 - <info> (mqtt)Message_send: HAVE A RSP
(1749) 2021.06.04-18:27:48.42 - <info> (mqtt)Message_receive: {"CMD":"HAVE A MESSAGE"}
(1749) 2021.06.04-18:27:48.43 - <info> (mqtt)Message_send: HAVE A RSP
(1749) 2021.06.04-18:28:18.43 - <info> (mqtt)Message_receive: {"CMD":"HAVE A MESSAGE"}
(1749) 2021.06.04-18:28:18.44 - <info> (mqtt)Message_send: HAVE A RSP
(1749) 2021.06.04-18:28:48.44 - <info> (mqtt)Message_receive: {"CMD":"HAVE A MESSAGE"}
(1749) 2021.06.04-18:28:48.45 - <info> (mqtt)Message_send: HAVE A RSP
(1749) 2021.06.04-18:29:18.42 - <info> (mqtt)Message_receive: {"CMD":"HAVE A MESSAGE"}
(1749) 2021.06.04-18:29:18.44 - <info> (mqtt)Message_send: HAVE A RSP
(1749) 2021.06.04-18:29:48.43 - <info> (mqtt)Message_receive: {"CMD":"HAVE A MESSAGE"}
(1749) 2021.06.04-18:29:48.44 - <info> (mqtt)Message_send: HAVE A RSP
(1749) 2021.06.04-18:30:18.45 - <info> (mqtt)Message_receive: {"CMD":"HAVE A MESSAGE"}
(1749) 2021.06.04-18:30:18.46 - <info> (mqtt)Message_send: HAVE A RSP
(1749) 2021.06.04-18:30:48.44 - <info> (mqtt)Message_receive: {"CMD":"HAVE A MESSAGE"}
(1749) 2021.06.04-18:30:48.45 - <info> (mqtt)Message_send: HAVE A RSP
(1749) 2021.06.04-18:31:18.44 - <info> (mqtt)Message_receive: {"CMD":"HAVE A MESSAGE"}
(1749) 2021.06.04-18:31:18.45 - <info> (mqtt)Message_send: HAVE A RSP
(1748) 2021.06.04-18:31:24.11 - <info> (rsp)91 8f 92 0 1 0 5 7 0 
(1748) 2021.06.04-18:31:24.12 - <info> (mqtt)Message_send:{ "CMD": "STATUS_ONLINE", "DATA": { "DEVICE_UNICAST_ID": 146 } }
(1748) 2021.06.04-18:31:24.17 - <info> (rsp)91 8f 5d 0 1 0 5 7 0 
(1748) 2021.06.04-18:31:24.18 - <info> (mqtt)Message_send:{ "CMD": "STATUS_ONLINE", "DATA": { "DEVICE_UNICAST_ID": 93 } }
(1748) 2021.06.04-18:31:24.19 - <info> (rsp)91 8f 8c 0 1 0 5 7 0 
(1748) 2021.06.04-18:31:24.19 - <info> (mqtt)Message_send:{ "CMD": "STATUS_ONLINE", "DATA": { "DEVICE_UNICAST_ID": 140 } }
(1748) 2021.06.04-18:31:24.20 - <info> (rsp)91 8f 94 0 1 0 5 7 0 
(1748) 2021.06.04-18:31:24.28 - <info> (mqtt)Message_send:{ "CMD": "STATUS_ONLINE", "DATA": { "DEVICE_UNICAST_ID": 148 } }
(1748) 2021.06.04-18:31:24.29 - <info> (rsp)91 8f 68 0 1 0 5 7 0 
(1748) 2021.06.04-18:31:24.29 - <info> (mqtt)Message_send:{ "CMD": "STATUS_ONLINE", "DATA": { "DEVICE_UNICAST_ID": 104 } }
(1748) 2021.06.04-18:31:24.31 - <info> (rsp)91 8f 86 0 1 0 5 7 0 
(1748) 2021.06.04-18:31:24.32 - <info> (mqtt)Message_send:{ "CMD": "STATUS_ONLINE", "DATA": { "DEVICE_UNICAST_ID": 134 } }
(1748) 2021.06.04-18:31:24.49 - <info> (rsp)91 8f 74 0 1 0 5 7 0 
(1748) 2021.06.04-18:31:24.50 - <info> (mqtt)Message_send:{ "CMD": "STATUS_ONLINE", "DATA": { "DEVICE_UNICAST_ID": 116 } }
(1748) 2021.06.04-18:31:24.52 - <info> (rsp)91 8f 82 0 1 0 5 7 0 
(1748) 2021.06.04-18:31:24.53 - <info> (mqtt)Message_send:{ "CMD": "STATUS_ONLINE", "DATA": { "DEVICE_UNICAST_ID": 130 } }
(1748) 2021.06.04-18:31:24.61 - <info> (rsp)91 8f 90 0 1 0 5 7 0 
(1748) 2021.06.04-18:31:24.62 - <info> (mqtt)Message_send:{ "CMD": "STATUS_ONLINE", "DATA": { "DEVICE_UNICAST_ID": 144 } }
(1748) 2021.06.04-18:31:24.67 - <info> (rsp)91 8f 6c 0 1 0 5 7 0 
(1748) 2021.06.04-18:31:24.69 - <info> (mqtt)Message_send:{ "CMD": "STATUS_ONLINE", "DATA": { "DEVICE_UNICAST_ID": 108 } }
(1748) 2021.06.04-18:31:24.70 - <info> (rsp)91 8f 8e 0 1 0 5 7 0 
(1748) 2021.06.04-18:31:24.71 - <info> (mqtt)Message_send:{ "CMD": "STATUS_ONLINE", "DATA": { "DEVICE_UNICAST_ID": 142 } }
(1748) 2021.06.04-18:31:24.83 - <info> (rsp)91 8f 84 0 1 0 5 7 0 
(1748) 2021.06.04-18:31:24.84 - <info> (mqtt)Message_send:{ "CMD": "STATUS_ONLINE", "DATA": { "DEVICE_UNICAST_ID": 132 } }
(1748) 2021.06.04-18:31:24.95 - <info> (rsp)91 8f 64 0 1 0 5 7 0 
(1748) 2021.06.04-18:31:24.96 - <info> (mqtt)Message_send:{ "CMD": "STATUS_ONLINE", "DATA": { "DEVICE_UNICAST_ID": 100 } }
(1748) 2021.06.04-18:31:24.99 - <info> (rsp)91 8f 8a 0 1 0 5 7 0 
(1748) 2021.06.04-18:31:24.00 - <info> (mqtt)Message_send:{ "CMD": "STATUS_ONLINE", "DATA": { "DEVICE_UNICAST_ID": 138 } }
(1748) 2021.06.04-18:31:25.22 - <info> (rsp)91 8f 72 0 1 0 5 7 0 
(1748) 2021.06.04-18:31:25.23 - <info> (mqtt)Message_send:{ "CMD": "STATUS_ONLINE", "DATA": { "DEVICE_UNICAST_ID": 114 } }
(1748) 2021.06.04-18:31:25.24 - <info> (rsp)91 8f 6a 0 1 0 5 7 0 
(1748) 2021.06.04-18:31:25.28 - <info> (mqtt)Message_send:{ "CMD": "STATUS_ONLINE", "DATA": { "DEVICE_UNICAST_ID": 106 } }
(1748) 2021.06.04-18:31:25.29 - <info> (rsp)91 8f 5a 0 1 0 5 7 0 
(1748) 2021.06.04-18:31:25.30 - <info> (mqtt)Message_send:{ "CMD": "STATUS_ONLINE", "DATA": { "DEVICE_UNICAST_ID": 90 } }
(1749) 2021.06.04-18:31:48.45 - <info> (mqtt)Message_receive: {"CMD":"HAVE A MESSAGE"}
(1749) 2021.06.04-18:31:48.46 - <info> (mqtt)Message_send: HAVE A RSP
(1749) 2021.06.04-18:32:18.45 - <info> (mqtt)Message_receive: {"CMD":"HAVE A MESSAGE"}
(1749) 2021.06.04-18:32:18.46 - <info> (mqtt)Message_send: HAVE A RSP
(1749) 2021.06.04-18:32:48.46 - <info> (mqtt)Message_receive: {"CMD":"HAVE A MESSAGE"}
(1749) 2021.06.04-18:32:48.47 - <info> (mqtt)Message_send: HAVE A RSP
(1749) 2021.06.04-18:33:18.46 - <info> (mqtt)Message_receive: {"CMD":"HAVE A MESSAGE"}
(1749) 2021.06.04-18:33:18.47 - <info> (mqtt)Message_send: HAVE A RSP
(1749) 2021.06.04-18:33:48.48 - <info> (mqtt)Message_receive: {"CMD":"HAVE A MESSAGE"}
(1749) 2021.06.04-18:33:48.50 - <info> (mqtt)Message_send: HAVE A RSP
(1749) 2021.06.04-18:34:18.47 - <info> (mqtt)Message_receive: {"CMD":"HAVE A MESSAGE"}
(1749) 2021.06.04-18:34:18.48 - <info> (mqtt)Message_send: HAVE A RSP
(1749) 2021.06.04-18:34:48.49 - <info> (mqtt)Message_receive: {"CMD":"HAVE A MESSAGE"}
(1749) 2021.06.04-18:34:48.50 - <info> (mqtt)Message_send: HAVE A RSP
(1749) 2021.06.04-18:35:18.49 - <info> (mqtt)Message_receive: {"CMD":"HAVE A MESSAGE"}
(1749) 2021.06.04-18:35:18.50 - <info> (mqtt)Message_send: HAVE A RSP
(1749) 2021.06.04-18:35:48.50 - <info> (mqtt)Message_receive: {"CMD":"HAVE A MESSAGE"}
(1749) 2021.06.04-18:35:48.51 - <info> (mqtt)Message_send: HAVE A RSP
(1749) 2021.06.04-18:36:18.50 - <info> (mqtt)Message_receive: {"CMD":"HAVE A MESSAGE"}
(1749) 2021.06.04-18:36:18.56 - <info> (mqtt)Message_send: HAVE A RSP
(1749) 2021.06.04-18:36:48.50 - <info> (mqtt)Message_receive: {"CMD":"HAVE A MESSAGE"}
(1749) 2021.06.04-18:36:48.51 - <info> (mqtt)Message_send: HAVE A RSP
(1749) 2021.06.04-18:37:18.51 - <info> (mqtt)Message_receive: {"CMD":"HAVE A MESSAGE"}
(1749) 2021.06.04-18:37:18.52 - <info> (mqtt)Message_send: HAVE A RSP
(1749) 2021.06.04-18:37:48.51 - <info> (mqtt)Message_receive: {"CMD":"HAVE A MESSAGE"}
(1749) 2021.06.04-18:37:48.52 - <info> (mqtt)Message_send: HAVE A RSP
(1749) 2021.06.04-18:38:18.52 - <info> (mqtt)Message_receive: {"CMD":"HAVE A MESSAGE"}
(1749) 2021.06.04-18:38:18.53 - <info> (mqtt)Message_send: HAVE A RSP
(1749) 2021.06.04-18:38:48.52 - <info> (mqtt)Message_receive: {"CMD":"HAVE A MESSAGE"}
(1749) 2021.06.04-18:38:48.53 - <info> (mqtt)Message_send: HAVE A RSP
(1749) 2021.06.04-18:39:18.54 - <info> (mqtt)Message_receive: {"CMD":"HAVE A MESSAGE"}
(1749) 2021.06.04-18:39:18.55 - <info> (mqtt)Message_send: HAVE A RSP
(1749) 2021.06.04-18:39:48.54 - <info> (mqtt)Message_receive: {"CMD":"HAVE A MESSAGE"}
(1749) 2021.06.04-18:39:48.55 - <info> (mqtt)Message_send: HAVE A RSP
(1749) 2021.06.04-18:40:18.54 - <info> (mqtt)Message_receive: {"CMD":"HAVE A MESSAGE"}
(1749) 2021.06.04-18:40:18.54 - <info> (mqtt)Message_send: HAVE A RSP
(1749) 2021.06.04-18:40:48.55 - <info> (mqtt)Message_receive: {"CMD":"HAVE A MESSAGE"}
(1749) 2021.06.04-18:40:48.56 - <info> (mqtt)Message_send: HAVE A RSP
(1749) 2021.06.04-18:41:18.56 - <info> (mqtt)Message_receive: {"CMD":"HAVE A MESSAGE"}
(1749) 2021.06.04-18:41:18.57 - <info> (mqtt)Message_send: HAVE A RSP
(1749) 2021.06.04-18:41:48.56 - <info> (mqtt)Message_receive: {"CMD":"HAVE A MESSAGE"}
(1749) 2021.06.04-18:41:48.57 - <info> (mqtt)Message_send: HAVE A RSP
(1749) 2021.06.04-18:42:18.57 - <info> (mqtt)Message_receive: {"CMD":"HAVE A MESSAGE"}
(1749) 2021.06.04-18:42:18.58 - <info> (mqtt)Message_send: HAVE A RSP
(1749) 2021.06.04-18:42:48.57 - <info> (mqtt)Message_receive: {"CMD":"HAVE A MESSAGE"}
(1749) 2021.06.04-18:42:48.58 - <info> (mqtt)Message_send: HAVE A RSP
(1749) 2021.06.04-18:43:18.57 - <info> (mqtt)Message_receive: {"CMD":"HAVE A MESSAGE"}
(1749) 2021.06.04-18:43:18.58 - <info> (mqtt)Message_send: HAVE A RSP
(1749) 2021.06.04-18:43:48.58 - <info> (mqtt)Message_receive: {"CMD":"HAVE A MESSAGE"}
(1749) 2021.06.04-18:43:48.59 - <info> (mqtt)Message_send: HAVE A RSP
(1749) 2021.06.04-18:44:18.60 - <info> (mqtt)Message_receive: {"CMD":"HAVE A MESSAGE"}
(1749) 2021.06.04-18:44:18.61 - <info> (mqtt)Message_send: HAVE A RSP
(1749) 2021.06.04-18:44:48.60 - <info> (mqtt)Message_receive: {"CMD":"HAVE A MESSAGE"}
(1749) 2021.06.04-18:44:48.61 - <info> (mqtt)Message_send: HAVE A RSP
(1749) 2021.06.04-18:45:18.59 - <info> (mqtt)Message_receive: {"CMD":"HAVE A MESSAGE"}
(1749) 2021.06.04-18:45:18.60 - <info> (mqtt)Message_send: HAVE A RSP
(1749) 2021.06.04-18:45:48.60 - <info> (mqtt)Message_receive: {"CMD":"HAVE A MESSAGE"}
(1749) 2021.06.04-18:45:48.61 - <info> (mqtt)Message_send: HAVE A RSP
(1749) 2021.06.04-18:46:18.61 - <info> (mqtt)Message_receive: {"CMD":"HAVE A MESSAGE"}
(1749) 2021.06.04-18:46:18.62 - <info> (mqtt)Message_send: HAVE A RSP
(1749) 2021.06.04-18:46:48.61 - <info> (mqtt)Message_receive: {"CMD":"HAVE A MESSAGE"}
(1749) 2021.06.04-18:46:48.62 - <info> (mqtt)Message_send: HAVE A RSP
(1749) 2021.06.04-18:47:18.62 - <info> (mqtt)Message_receive: {"CMD":"HAVE A MESSAGE"}
(1749) 2021.06.04-18:47:18.64 - <info> (mqtt)Message_send: HAVE A RSP
(1749) 2021.06.04-18:47:48.63 - <info> (mqtt)Message_receive: {"CMD":"HAVE A MESSAGE"}
(1749) 2021.06.04-18:47:48.64 - <info> (mqtt)Message_send: HAVE A RSP
(1749) 2021.06.04-18:48:18.63 - <info> (mqtt)Message_receive: {"CMD":"HAVE A MESSAGE"}
(1749) 2021.06.04-18:48:18.64 - <info> (mqtt)Message_send: HAVE A RSP
(1748) 2021.06.04-18:48:28.19 - <info> (rsp)91 8f 92 0 1 0 5 7 0 
(1748) 2021.06.04-18:48:28.20 - <info> (mqtt)Message_send:{ "CMD": "STATUS_ONLINE", "DATA": { "DEVICE_UNICAST_ID": 146 } }
(1748) 2021.06.04-18:48:28.28 - <info> (rsp)91 8f 86 0 1 0 5 7 0 
(1748) 2021.06.04-18:48:28.33 - <info> (mqtt)Message_send:{ "CMD": "STATUS_ONLINE", "DATA": { "DEVICE_UNICAST_ID": 134 } }
(1748) 2021.06.04-18:48:28.34 - <info> (rsp)91 8f 8c 0 1 0 5 7 0 
(1748) 2021.06.04-18:48:28.35 - <info> (mqtt)Message_send:{ "CMD": "STATUS_ONLINE", "DATA": { "DEVICE_UNICAST_ID": 140 } }
(1748) 2021.06.04-18:48:28.38 - <info> (rsp)91 8f 90 0 1 0 5 7 0 
(1748) 2021.06.04-18:48:28.39 - <info> (mqtt)Message_send:{ "CMD": "STATUS_ONLINE", "DATA": { "DEVICE_UNICAST_ID": 144 } }
(1748) 2021.06.04-18:48:28.41 - <info> (rsp)91 8f 94 0 1 0 5 7 0 
(1748) 2021.06.04-18:48:28.42 - <info> (mqtt)Message_send:{ "CMD": "STATUS_ONLINE", "DATA": { "DEVICE_UNICAST_ID": 148 } }
(1748) 2021.06.04-18:48:28.49 - <info> (rsp)91 8f 68 0 1 0 5 7 0 
(1748) 2021.06.04-18:48:28.50 - <info> (mqtt)Message_send:{ "CMD": "STATUS_ONLINE", "DATA": { "DEVICE_UNICAST_ID": 104 } }
(1748) 2021.06.04-18:48:28.52 - <info> (rsp)91 8f 5d 0 1 0 5 7 0 
(1748) 2021.06.04-18:48:28.53 - <info> (mqtt)Message_send:{ "CMD": "STATUS_ONLINE", "DATA": { "DEVICE_UNICAST_ID": 93 } }
(1748) 2021.06.04-18:48:28.58 - <info> (rsp)91 8f 84 0 1 0 5 7 0 
(1748) 2021.06.04-18:48:28.59 - <info> (mqtt)Message_send:{ "CMD": "STATUS_ONLINE", "DATA": { "DEVICE_UNICAST_ID": 132 } }
(1748) 2021.06.04-18:48:28.61 - <info> (rsp)91 8f 74 0 1 0 5 7 0 
(1748) 2021.06.04-18:48:28.62 - <info> (mqtt)Message_send:{ "CMD": "STATUS_ONLINE", "DATA": { "DEVICE_UNICAST_ID": 116 } }
(1748) 2021.06.04-18:48:28.64 - <info> (rsp)91 8f 6c 0 1 0 5 7 0 
(1748) 2021.06.04-18:48:28.65 - <info> (mqtt)Message_send:{ "CMD": "STATUS_ONLINE", "DATA": { "DEVICE_UNICAST_ID": 108 } }
(1748) 2021.06.04-18:48:28.66 - <info> (rsp)91 8f 8e 0 1 0 5 7 0 
(1748) 2021.06.04-18:48:28.67 - <info> (mqtt)Message_send:{ "CMD": "STATUS_ONLINE", "DATA": { "DEVICE_UNICAST_ID": 142 } }
(1748) 2021.06.04-18:48:28.71 - <info> (rsp)91 8f 82 0 1 0 5 7 0 
(1748) 2021.06.04-18:48:28.72 - <info> (mqtt)Message_send:{ "CMD": "STATUS_ONLINE", "DATA": { "DEVICE_UNICAST_ID": 130 } }
(1748) 2021.06.04-18:48:28.75 - <info> (rsp)91 8f 72 0 1 0 5 7 0 
(1748) 2021.06.04-18:48:28.76 - <info> (mqtt)Message_send:{ "CMD": "STATUS_ONLINE", "DATA": { "DEVICE_UNICAST_ID": 114 } }
(1748) 2021.06.04-18:48:28.85 - <info> (rsp)91 8f 8a 0 1 0 5 7 0 
(1748) 2021.06.04-18:48:28.86 - <info> (mqtt)Message_send:{ "CMD": "STATUS_ONLINE", "DATA": { "DEVICE_UNICAST_ID": 138 } }
(1748) 2021.06.04-18:48:29.10 - <info> (rsp)91 8f 64 0 1 0 5 7 0 
(1748) 2021.06.04-18:48:29.11 - <info> (mqtt)Message_send:{ "CMD": "STATUS_ONLINE", "DATA": { "DEVICE_UNICAST_ID": 100 } }
(1748) 2021.06.04-18:48:29.31 - <info> (rsp)91 8f 6a 0 1 0 5 7 0 
(1748) 2021.06.04-18:48:29.33 - <info> (mqtt)Message_send:{ "CMD": "STATUS_ONLINE", "DATA": { "DEVICE_UNICAST_ID": 106 } }
(1748) 2021.06.04-18:48:29.36 - <info> (rsp)91 8f 5a 0 1 0 5 7 0 
(1748) 2021.06.04-18:48:29.37 - <info> (mqtt)Message_send:{ "CMD": "STATUS_ONLINE", "DATA": { "DEVICE_UNICAST_ID": 90 } }
(1749) 2021.06.04-18:48:48.63 - <info> (mqtt)Message_receive: {"CMD":"HAVE A MESSAGE"}
(1749) 2021.06.04-18:48:48.64 - <info> (mqtt)Message_send: HAVE A RSP
(1749) 2021.06.04-18:49:18.64 - <info> (mqtt)Message_receive: {"CMD":"HAVE A MESSAGE"}
(1749) 2021.06.04-18:49:18.65 - <info> (mqtt)Message_send: HAVE A RSP
(1749) 2021.06.04-18:49:48.64 - <info> (mqtt)Message_receive: {"CMD":"HAVE A MESSAGE"}
(1749) 2021.06.04-18:49:48.65 - <info> (mqtt)Message_send: HAVE A RSP
(1749) 2021.06.04-18:50:18.65 - <info> (mqtt)Message_receive: {"CMD":"HAVE A MESSAGE"}
(1749) 2021.06.04-18:50:18.66 - <info> (mqtt)Message_send: HAVE A RSP
(1749) 2021.06.04-18:50:48.66 - <info> (mqtt)Message_receive: {"CMD":"HAVE A MESSAGE"}
(1749) 2021.06.04-18:50:48.67 - <info> (mqtt)Message_send: HAVE A RSP
(1749) 2021.06.04-18:51:18.67 - <info> (mqtt)Message_receive: {"CMD":"HAVE A MESSAGE"}
(1749) 2021.06.04-18:51:18.69 - <info> (mqtt)Message_send: HAVE A RSP
(1749) 2021.06.04-18:51:48.69 - <info> (mqtt)Message_receive: {"CMD":"HAVE A MESSAGE"}
(1749) 2021.06.04-18:51:48.70 - <info> (mqtt)Message_send: HAVE A RSP
(1749) 2021.06.04-18:52:18.70 - <info> (mqtt)Message_receive: {"CMD":"HAVE A MESSAGE"}
(1749) 2021.06.04-18:52:18.75 - <info> (mqtt)Message_send: HAVE A RSP
(1749) 2021.06.04-18:52:48.75 - <info> (mqtt)Message_receive: {"CMD":"HAVE A MESSAGE"}
(1749) 2021.06.04-18:52:48.76 - <info> (mqtt)Message_send: HAVE A RSP
(1749) 2021.06.04-18:53:18.72 - <info> (mqtt)Message_receive: {"CMD":"HAVE A MESSAGE"}
(1749) 2021.06.04-18:53:18.73 - <info> (mqtt)Message_send: HAVE A RSP
(1749) 2021.06.04-18:53:48.72 - <info> (mqtt)Message_receive: {"CMD":"HAVE A MESSAGE"}
(1749) 2021.06.04-18:53:48.74 - <info> (mqtt)Message_send: HAVE A RSP
(1749) 2021.06.04-18:54:18.73 - <info> (mqtt)Message_receive: {"CMD":"HAVE A MESSAGE"}
(1749) 2021.06.04-18:54:18.73 - <info> (mqtt)Message_send: HAVE A RSP
(1749) 2021.06.04-18:54:48.73 - <info> (mqtt)Message_receive: {"CMD":"HAVE A MESSAGE"}
(1749) 2021.06.04-18:54:48.75 - <info> (mqtt)Message_send: HAVE A RSP
(1749) 2021.06.04-18:55:18.74 - <info> (mqtt)Message_receive: {"CMD":"HAVE A MESSAGE"}
(1749) 2021.06.04-18:55:18.75 - <info> (mqtt)Message_send: HAVE A RSP
(1749) 2021.06.04-18:55:48.74 - <info> (mqtt)Message_receive: {"CMD":"HAVE A MESSAGE"}
(1749) 2021.06.04-18:55:48.75 - <info> (mqtt)Message_send: HAVE A RSP
(1749) 2021.06.04-18:56:18.74 - <info> (mqtt)Message_receive: {"CMD":"HAVE A MESSAGE"}
(1749) 2021.06.04-18:56:18.75 - <info> (mqtt)Message_send: HAVE A RSP
(1749) 2021.06.04-18:56:48.75 - <info> (mqtt)Message_receive: {"CMD":"HAVE A MESSAGE"}
(1749) 2021.06.04-18:56:48.77 - <info> (mqtt)Message_send: HAVE A RSP
(1749) 2021.06.04-18:57:18.76 - <info> (mqtt)Message_receive: {"CMD":"HAVE A MESSAGE"}
(1749) 2021.06.04-18:57:18.77 - <info> (mqtt)Message_send: HAVE A RSP
(1749) 2021.06.04-18:57:48.76 - <info> (mqtt)Message_receive: {"CMD":"HAVE A MESSAGE"}
(1749) 2021.06.04-18:57:48.77 - <info> (mqtt)Message_send: HAVE A RSP
(1749) 2021.06.04-18:58:18.77 - <info> (mqtt)Message_receive: {"CMD":"HAVE A MESSAGE"}
(1749) 2021.06.04-18:58:18.77 - <info> (mqtt)Message_send: HAVE A RSP
(1749) 2021.06.04-18:58:48.79 - <info> (mqtt)Message_receive: {"CMD":"HAVE A MESSAGE"}
(1749) 2021.06.04-18:58:48.80 - <info> (mqtt)Message_send: HAVE A RSP
(1749) 2021.06.04-18:59:18.78 - <info> (mqtt)Message_receive: {"CMD":"HAVE A MESSAGE"}
(1749) 2021.06.04-18:59:18.80 - <info> (mqtt)Message_send: HAVE A RSP
(1749) 2021.06.04-18:59:48.79 - <info> (mqtt)Message_receive: {"CMD":"HAVE A MESSAGE"}
(1749) 2021.06.04-18:59:48.80 - <info> (mqtt)Message_send: HAVE A RSP
(1749) 2021.06.04-19:00:18.82 - <info> (mqtt)Message_receive: {"CMD":"HAVE A MESSAGE"}
(1749) 2021.06.04-19:00:18.83 - <info> (mqtt)Message_send: HAVE A RSP
(1749) 2021.06.04-19:00:48.82 - <info> (mqtt)Message_receive: {"CMD":"HAVE A MESSAGE"}
(1749) 2021.06.04-19:00:48.83 - <info> (mqtt)Message_send: HAVE A RSP
(1749) 2021.06.04-19:01:18.81 - <info> (mqtt)Message_receive: {"CMD":"HAVE A MESSAGE"}
(1749) 2021.06.04-19:01:18.82 - <info> (mqtt)Message_send: HAVE A RSP
(1749) 2021.06.04-19:01:48.83 - <info> (mqtt)Message_receive: {"CMD":"HAVE A MESSAGE"}
(1749) 2021.06.04-19:01:48.84 - <info> (mqtt)Message_send: HAVE A RSP
(1749) 2021.06.04-19:02:18.83 - <info> (mqtt)Message_receive: {"CMD":"HAVE A MESSAGE"}
(1749) 2021.06.04-19:02:18.84 - <info> (mqtt)Message_send: HAVE A RSP
(1749) 2021.06.04-19:02:48.82 - <info> (mqtt)Message_receive: {"CMD":"HAVE A MESSAGE"}
(1749) 2021.06.04-19:02:48.83 - <info> (mqtt)Message_send: HAVE A RSP
(1749) 2021.06.04-19:03:18.82 - <info> (mqtt)Message_receive: {"CMD":"HAVE A MESSAGE"}
(1749) 2021.06.04-19:03:18.83 - <info> (mqtt)Message_send: HAVE A RSP
(1749) 2021.06.04-19:03:48.84 - <info> (mqtt)Message_receive: {"CMD":"HAVE A MESSAGE"}
(1749) 2021.06.04-19:03:48.85 - <info> (mqtt)Message_send: HAVE A RSP
(1749) 2021.06.04-19:04:18.83 - <info> (mqtt)Message_receive: {"CMD":"HAVE A MESSAGE"}
(1749) 2021.06.04-19:04:18.84 - <info> (mqtt)Message_send: HAVE A RSP
(1749) 2021.06.04-19:04:48.87 - <info> (mqtt)Message_receive: {"CMD":"HAVE A MESSAGE"}
(1749) 2021.06.04-19:04:48.88 - <info> (mqtt)Message_send: HAVE A RSP
(1749) 2021.06.04-19:05:18.85 - <info> (mqtt)Message_receive: {"CMD":"HAVE A MESSAGE"}
(1749) 2021.06.04-19:05:18.92 - <info> (mqtt)Message_send: HAVE A RSP
(1748) 2021.06.04-19:05:32.26 - <info> (rsp)91 8f 92 0 1 0 5 7 0 
(1748) 2021.06.04-19:05:32.28 - <info> (mqtt)Message_send:{ "CMD": "STATUS_ONLINE", "DATA": { "DEVICE_UNICAST_ID": 146 } }
(1748) 2021.06.04-19:05:32.33 - <info> (rsp)91 8f 8c 0 1 0 5 7 0 
(1748) 2021.06.04-19:05:32.34 - <info> (mqtt)Message_send:{ "CMD": "STATUS_ONLINE", "DATA": { "DEVICE_UNICAST_ID": 140 } }
(1748) 2021.06.04-19:05:32.35 - <info> (rsp)91 8f 94 0 1 0 5 7 0 
(1748) 2021.06.04-19:05:32.36 - <info> (mqtt)Message_send:{ "CMD": "STATUS_ONLINE", "DATA": { "DEVICE_UNICAST_ID": 148 } }
(1748) 2021.06.04-19:05:32.40 - <info> (rsp)91 8f 68 0 1 0 5 7 0 
(1748) 2021.06.04-19:05:32.42 - <info> (mqtt)Message_send:{ "CMD": "STATUS_ONLINE", "DATA": { "DEVICE_UNICAST_ID": 104 } }
(1748) 2021.06.04-19:05:32.43 - <info> (rsp)91 8f 86 0 1 0 5 7 0 
(1748) 2021.06.04-19:05:32.44 - <info> (mqtt)Message_send:{ "CMD": "STATUS_ONLINE", "DATA": { "DEVICE_UNICAST_ID": 134 } }
(1748) 2021.06.04-19:05:32.46 - <info> (rsp)91 8f 82 0 1 0 5 7 0 
(1748) 2021.06.04-19:05:32.47 - <info> (mqtt)Message_send:{ "CMD": "STATUS_ONLINE", "DATA": { "DEVICE_UNICAST_ID": 130 } }
(1748) 2021.06.04-19:05:32.59 - <info> (rsp)91 8f 84 0 1 0 5 7 0 
(1748) 2021.06.04-19:05:32.59 - <info> (mqtt)Message_send:{ "CMD": "STATUS_ONLINE", "DATA": { "DEVICE_UNICAST_ID": 132 } }
(1748) 2021.06.04-19:05:32.61 - <info> (rsp)91 8f 8a 0 1 0 5 7 0 
(1748) 2021.06.04-19:05:32.62 - <info> (mqtt)Message_send:{ "CMD": "STATUS_ONLINE", "DATA": { "DEVICE_UNICAST_ID": 138 } }
(1748) 2021.06.04-19:05:32.65 - <info> (rsp)91 8f 90 0 1 0 5 7 0 
(1748) 2021.06.04-19:05:32.66 - <info> (mqtt)Message_send:{ "CMD": "STATUS_ONLINE", "DATA": { "DEVICE_UNICAST_ID": 144 } }
(1748) 2021.06.04-19:05:32.75 - <info> (rsp)91 8f 6a 0 1 0 5 7 0 
(1748) 2021.06.04-19:05:32.76 - <info> (mqtt)Message_send:{ "CMD": "STATUS_ONLINE", "DATA": { "DEVICE_UNICAST_ID": 106 } }
(1748) 2021.06.04-19:05:32.81 - <info> (rsp)91 8f 5d 0 1 0 5 7 0 
(1748) 2021.06.04-19:05:32.82 - <info> (mqtt)Message_send:{ "CMD": "STATUS_ONLINE", "DATA": { "DEVICE_UNICAST_ID": 93 } }
(1748) 2021.06.04-19:05:32.82 - <info> (rsp)91 8f 6c 0 1 0 5 7 0 
(1748) 2021.06.04-19:05:32.84 - <info> (mqtt)Message_send:{ "CMD": "STATUS_ONLINE", "DATA": { "DEVICE_UNICAST_ID": 108 } }
(1748) 2021.06.04-19:05:32.87 - <info> (rsp)91 8f 5a 0 1 0 5 7 0 
(1748) 2021.06.04-19:05:32.89 - <info> (mqtt)Message_send:{ "CMD": "STATUS_ONLINE", "DATA": { "DEVICE_UNICAST_ID": 90 } }
(1748) 2021.06.04-19:05:32.92 - <info> (rsp)91 8f 74 0 1 0 5 7 0 
(1748) 2021.06.04-19:05:32.93 - <info> (mqtt)Message_send:{ "CMD": "STATUS_ONLINE", "DATA": { "DEVICE_UNICAST_ID": 116 } }
(1748) 2021.06.04-19:05:32.94 - <info> (rsp)91 8f 72 0 1 0 5 7 0 
(1748) 2021.06.04-19:05:32.95 - <info> (mqtt)Message_send:{ "CMD": "STATUS_ONLINE", "DATA": { "DEVICE_UNICAST_ID": 114 } }
(1748) 2021.06.04-19:05:33.22 - <info> (rsp)91 8f 64 0 1 0 5 7 0 
(1748) 2021.06.04-19:05:33.24 - <info> (mqtt)Message_send:{ "CMD": "STATUS_ONLINE", "DATA": { "DEVICE_UNICAST_ID": 100 } }
(1748) 2021.06.04-19:05:33.27 - <info> (rsp)91 8f 8e 0 1 0 5 7 0 
(1748) 2021.06.04-19:05:33.28 - <info> (mqtt)Message_send:{ "CMD": "STATUS_ONLINE", "DATA": { "DEVICE_UNICAST_ID": 142 } }
(1749) 2021.06.04-19:05:48.89 - <info> (mqtt)Message_receive: {"CMD":"HAVE A MESSAGE"}
(1749) 2021.06.04-19:05:48.90 - <info> (mqtt)Message_send: HAVE A RSP
(1749) 2021.06.04-19:06:18.85 - <info> (mqtt)Message_receive: {"CMD":"HAVE A MESSAGE"}
(1749) 2021.06.04-19:06:18.87 - <info> (mqtt)Message_send: HAVE A RSP
(1749) 2021.06.04-19:06:48.85 - <info> (mqtt)Message_receive: {"CMD":"HAVE A MESSAGE"}
(1749) 2021.06.04-19:06:48.87 - <info> (mqtt)Message_send: HAVE A RSP
(1749) 2021.06.04-19:07:18.86 - <info> (mqtt)Message_receive: {"CMD":"HAVE A MESSAGE"}
(1749) 2021.06.04-19:07:18.88 - <info> (mqtt)Message_send: HAVE A RSP
(1749) 2021.06.04-19:07:48.86 - <info> (mqtt)Message_receive: {"CMD":"HAVE A MESSAGE"}
(1749) 2021.06.04-19:07:48.87 - <info> (mqtt)Message_send: HAVE A RSP
(1749) 2021.06.04-19:08:18.87 - <info> (mqtt)Message_receive: {"CMD":"HAVE A MESSAGE"}
(1749) 2021.06.04-19:08:18.88 - <info> (mqtt)Message_send: HAVE A RSP
