(1748) 2021.05.28-09:40:23.39 - <info> (mqtt)Message_receive: {"CMD":"HAVE A MESSAGE"}
(1748) 2021.05.28-09:44:23.40 - <info> (mqtt)Message_receive: {"CMD":"HAVE A MESSAGE"}
(1748) 2021.05.28-09:48:23.43 - <info> (mqtt)Message_receive: {"CMD":"HAVE A MESSAGE"}
(1747) 2021.05.28-09:51:10.18 - <info> (rsp)91 8f 92 0 1 0 5 7 0 
(1747) 2021.05.28-09:51:10.19 - <info> (mqtt)Message_send:{ "CMD": "STATUS_ONLINE", "DATA": { "DEVICE_UNICAST_ID": 146 } }
(1747) 2021.05.28-09:51:10.99 - <info> (rsp)91 8f 68 0 1 0 5 7 0 
(1747) 2021.05.28-09:51:11.00 - <info> (mqtt)Message_send:{ "CMD": "STATUS_ONLINE", "DATA": { "DEVICE_UNICAST_ID": 104 } }
(1747) 2021.05.28-09:51:11.27 - <info> (rsp)91 8f 8a 0 1 0 5 7 0 
(1747) 2021.05.28-09:51:11.28 - <info> (mqtt)Message_send:{ "CMD": "STATUS_ONLINE", "DATA": { "DEVICE_UNICAST_ID": 138 } }
(1748) 2021.05.28-09:52:23.41 - <info> (mqtt)Message_receive: {"CMD":"HAVE A MESSAGE"}
(1748) 2021.05.28-09:56:23.40 - <info> (mqtt)Message_receive: {"CMD":"HAVE A MESSAGE"}
(1748) 2021.05.28-10:00:23.40 - <info> (mqtt)Message_receive: {"CMD":"HAVE A MESSAGE"}
(1748) 2021.05.28-10:04:23.40 - <info> (mqtt)Message_receive: {"CMD":"HAVE A MESSAGE"}
(1747) 2021.05.28-10:08:13.82 - <info> (rsp)91 8f 72 0 1 0 5 7 0 
(1747) 2021.05.28-10:08:13.83 - <info> (mqtt)Message_send:{ "CMD": "STATUS_ONLINE", "DATA": { "DEVICE_UNICAST_ID": 114 } }
(1747) 2021.05.28-10:08:14.18 - <info> (rsp)91 8f 92 0 1 0 5 7 0 
(1747) 2021.05.28-10:08:14.19 - <info> (mqtt)Message_send:{ "CMD": "STATUS_ONLINE", "DATA": { "DEVICE_UNICAST_ID": 146 } }
(1747) 2021.05.28-10:08:14.25 - <info> (rsp)91 8f 5d 0 1 0 5 7 0 
(1747) 2021.05.28-10:08:14.26 - <info> (mqtt)Message_send:{ "CMD": "STATUS_ONLINE", "DATA": { "DEVICE_UNICAST_ID": 93 } }
(1747) 2021.05.28-10:08:14.43 - <info> (rsp)91 8f 86 0 1 0 5 7 0 
(1747) 2021.05.28-10:08:14.44 - <info> (mqtt)Message_send:{ "CMD": "STATUS_ONLINE", "DATA": { "DEVICE_UNICAST_ID": 134 } }
(1747) 2021.05.28-10:08:14.59 - <info> (rsp)91 8f 82 0 1 0 5 7 0 
(1747) 2021.05.28-10:08:14.60 - <info> (mqtt)Message_send:{ "CMD": "STATUS_ONLINE", "DATA": { "DEVICE_UNICAST_ID": 130 } }
(1747) 2021.05.28-10:08:14.67 - <info> (rsp)91 8f 64 0 1 0 5 7 0 
(1747) 2021.05.28-10:08:14.68 - <info> (mqtt)Message_send:{ "CMD": "STATUS_ONLINE", "DATA": { "DEVICE_UNICAST_ID": 100 } }
(1747) 2021.05.28-10:08:14.92 - <info> (rsp)91 8f 68 0 1 0 5 7 0 
(1747) 2021.05.28-10:08:14.93 - <info> (mqtt)Message_send:{ "CMD": "STATUS_ONLINE", "DATA": { "DEVICE_UNICAST_ID": 104 } }
(1747) 2021.05.28-10:08:14.95 - <info> (rsp)91 8f 90 0 1 0 5 7 0 
(1747) 2021.05.28-10:08:14.96 - <info> (mqtt)Message_send:{ "CMD": "STATUS_ONLINE", "DATA": { "DEVICE_UNICAST_ID": 144 } }
(1748) 2021.05.28-10:08:23.40 - <info> (mqtt)Message_receive: {"CMD":"HAVE A MESSAGE"}
(1748) 2021.05.28-10:12:23.41 - <info> (mqtt)Message_receive: {"CMD":"HAVE A MESSAGE"}
(1748) 2021.05.28-10:16:23.42 - <info> (mqtt)Message_receive: {"CMD":"HAVE A MESSAGE"}
(1748) 2021.05.28-10:20:23.45 - <info> (mqtt)Message_receive: {"CMD":"HAVE A MESSAGE"}
(1748) 2021.05.28-10:24:23.48 - <info> (mqtt)Message_receive: {"CMD":"HAVE A MESSAGE"}
(1747) 2021.05.28-10:25:17.76 - <info> (rsp)91 8f 6c 0 1 0 5 7 0 
(1747) 2021.05.28-10:25:17.76 - <info> (mqtt)Message_send:{ "CMD": "STATUS_ONLINE", "DATA": { "DEVICE_UNICAST_ID": 108 } }
(1747) 2021.05.28-10:25:17.78 - <info> (rsp)91 8f 72 0 1 0 5 7 0 
(1747) 2021.05.28-10:25:17.79 - <info> (mqtt)Message_send:{ "CMD": "STATUS_ONLINE", "DATA": { "DEVICE_UNICAST_ID": 114 } }
(1747) 2021.05.28-10:25:18.42 - <info> (rsp)91 8f 8a 0 1 0 5 7 0 
(1747) 2021.05.28-10:25:18.43 - <info> (mqtt)Message_send:{ "CMD": "STATUS_ONLINE", "DATA": { "DEVICE_UNICAST_ID": 138 } }
(1747) 2021.05.28-10:25:18.58 - <info> (rsp)91 8f 68 0 1 0 5 7 0 
(1747) 2021.05.28-10:25:18.59 - <info> (mqtt)Message_send:{ "CMD": "STATUS_ONLINE", "DATA": { "DEVICE_UNICAST_ID": 104 } }
(1747) 2021.05.28-10:25:18.77 - <info> (rsp)91 8f 82 0 1 0 5 7 0 
(1747) 2021.05.28-10:25:18.78 - <info> (mqtt)Message_send:{ "CMD": "STATUS_ONLINE", "DATA": { "DEVICE_UNICAST_ID": 130 } }
(1747) 2021.05.28-10:25:19.18 - <info> (rsp)91 8f 74 0 1 0 5 7 0 
(1747) 2021.05.28-10:25:19.25 - <info> (mqtt)Message_send:{ "CMD": "STATUS_ONLINE", "DATA": { "DEVICE_UNICAST_ID": 116 } }
(1747) 2021.05.28-10:25:19.32 - <info> (rsp)91 8f 94 0 1 0 5 7 0 
(1747) 2021.05.28-10:25:19.33 - <info> (mqtt)Message_send:{ "CMD": "STATUS_ONLINE", "DATA": { "DEVICE_UNICAST_ID": 148 } }
(1748) 2021.05.28-10:28:23.44 - <info> (mqtt)Message_receive: {"CMD":"HAVE A MESSAGE"}
(1748) 2021.05.28-10:32:23.44 - <info> (mqtt)Message_receive: {"CMD":"HAVE A MESSAGE"}
(1748) 2021.05.28-10:36:23.46 - <info> (mqtt)Message_receive: {"CMD":"HAVE A MESSAGE"}
(1748) 2021.05.28-10:40:23.45 - <info> (mqtt)Message_receive: {"CMD":"HAVE A MESSAGE"}
(1747) 2021.05.28-10:42:22.32 - <info> (rsp)91 8f 86 0 1 0 5 7 0 
(1747) 2021.05.28-10:42:22.33 - <info> (mqtt)Message_send:{ "CMD": "STATUS_ONLINE", "DATA": { "DEVICE_UNICAST_ID": 134 } }
(1747) 2021.05.28-10:42:22.69 - <info> (rsp)91 8f 6a 0 1 0 5 7 0 
(1747) 2021.05.28-10:42:22.70 - <info> (mqtt)Message_send:{ "CMD": "STATUS_ONLINE", "DATA": { "DEVICE_UNICAST_ID": 106 } }
(1748) 2021.05.28-10:44:23.45 - <info> (mqtt)Message_receive: {"CMD":"HAVE A MESSAGE"}
(1748) 2021.05.28-10:48:23.51 - <info> (mqtt)Message_receive: {"CMD":"HAVE A MESSAGE"}
(1748) 2021.05.28-10:52:23.45 - <info> (mqtt)Message_receive: {"CMD":"HAVE A MESSAGE"}
(1748) 2021.05.28-10:56:23.53 - <info> (mqtt)Message_receive: {"CMD":"HAVE A MESSAGE"}
(1747) 2021.05.28-10:59:26.36 - <info> (rsp)91 8f 92 0 1 0 5 7 0 
(1747) 2021.05.28-10:59:26.37 - <info> (mqtt)Message_send:{ "CMD": "STATUS_ONLINE", "DATA": { "DEVICE_UNICAST_ID": 146 } }
(1747) 2021.05.28-10:59:26.51 - <info> (rsp)91 8f 86 0 1 0 5 7 0 
(1747) 2021.05.28-10:59:26.52 - <info> (mqtt)Message_send:{ "CMD": "STATUS_ONLINE", "DATA": { "DEVICE_UNICAST_ID": 134 } }
(1747) 2021.05.28-10:59:26.00 - <info> (rsp)91 8f 94 0 1 0 5 7 0 
(1747) 2021.05.28-10:59:27.00 - <info> (mqtt)Message_send:{ "CMD": "STATUS_ONLINE", "DATA": { "DEVICE_UNICAST_ID": 148 } }
(1747) 2021.05.28-10:59:27.04 - <info> (rsp)91 8f 90 0 1 0 5 7 0 
(1747) 2021.05.28-10:59:27.06 - <info> (mqtt)Message_send:{ "CMD": "STATUS_ONLINE", "DATA": { "DEVICE_UNICAST_ID": 144 } }
(1748) 2021.05.28-11:00:23.45 - <info> (mqtt)Message_receive: {"CMD":"HAVE A MESSAGE"}
(1748) 2021.05.28-11:04:23.47 - <info> (mqtt)Message_receive: {"CMD":"HAVE A MESSAGE"}
(1748) 2021.05.28-11:08:23.46 - <info> (mqtt)Message_receive: {"CMD":"HAVE A MESSAGE"}
(1748) 2021.05.28-11:12:23.45 - <info> (mqtt)Message_receive: {"CMD":"HAVE A MESSAGE"}
(1748) 2021.05.28-11:16:23.66 - <info> (mqtt)Message_receive: {"CMD":"HAVE A MESSAGE"}
(1747) 2021.05.28-11:16:29.93 - <info> (rsp)91 8f 72 0 1 0 5 7 0 
(1747) 2021.05.28-11:16:29.94 - <info> (mqtt)Message_send:{ "CMD": "STATUS_ONLINE", "DATA": { "DEVICE_UNICAST_ID": 114 } }
(1747) 2021.05.28-11:16:30.07 - <info> (rsp)91 8f 6c 0 1 0 5 7 0 
(1747) 2021.05.28-11:16:30.08 - <info> (mqtt)Message_send:{ "CMD": "STATUS_ONLINE", "DATA": { "DEVICE_UNICAST_ID": 108 } }
(1747) 2021.05.28-11:16:30.51 - <info> (rsp)91 8f 8c 0 1 0 5 7 0 
(1747) 2021.05.28-11:16:30.52 - <info> (mqtt)Message_send:{ "CMD": "STATUS_ONLINE", "DATA": { "DEVICE_UNICAST_ID": 140 } }
(1747) 2021.05.28-11:16:30.75 - <info> (rsp)91 8f 86 0 1 0 5 7 0 
(1747) 2021.05.28-11:16:30.76 - <info> (mqtt)Message_send:{ "CMD": "STATUS_ONLINE", "DATA": { "DEVICE_UNICAST_ID": 134 } }
(1747) 2021.05.28-11:16:30.96 - <info> (rsp)91 8f 8e 0 1 0 5 7 0 
(1747) 2021.05.28-11:16:30.97 - <info> (mqtt)Message_send:{ "CMD": "STATUS_ONLINE", "DATA": { "DEVICE_UNICAST_ID": 142 } }
(1747) 2021.05.28-11:16:31.20 - <info> (rsp)91 8f 64 0 1 0 5 7 0 
(1747) 2021.05.28-11:16:31.21 - <info> (mqtt)Message_send:{ "CMD": "STATUS_ONLINE", "DATA": { "DEVICE_UNICAST_ID": 100 } }
(1747) 2021.05.28-11:16:31.27 - <info> (rsp)91 8f 90 0 1 0 5 7 0 
(1747) 2021.05.28-11:16:31.28 - <info> (mqtt)Message_send:{ "CMD": "STATUS_ONLINE", "DATA": { "DEVICE_UNICAST_ID": 144 } }
(1748) 2021.05.28-11:20:23.49 - <info> (mqtt)Message_receive: {"CMD":"HAVE A MESSAGE"}
(1748) 2021.05.28-11:24:23.46 - <info> (mqtt)Message_receive: {"CMD":"HAVE A MESSAGE"}
(1748) 2021.05.28-11:28:23.45 - <info> (mqtt)Message_receive: {"CMD":"HAVE A MESSAGE"}
(1748) 2021.05.28-11:32:23.46 - <info> (mqtt)Message_receive: {"CMD":"HAVE A MESSAGE"}
(1747) 2021.05.28-11:33:33.97 - <info> (rsp)91 8f 5a 0 1 0 5 7 0 
(1747) 2021.05.28-11:33:33.98 - <info> (mqtt)Message_send:{ "CMD": "STATUS_ONLINE", "DATA": { "DEVICE_UNICAST_ID": 90 } }
(1747) 2021.05.28-11:33:34.56 - <info> (rsp)91 8f 68 0 1 0 5 7 0 
(1747) 2021.05.28-11:33:34.57 - <info> (mqtt)Message_send:{ "CMD": "STATUS_ONLINE", "DATA": { "DEVICE_UNICAST_ID": 104 } }
(1747) 2021.05.28-11:33:34.65 - <info> (rsp)91 8f 90 0 1 0 5 7 0 
(1747) 2021.05.28-11:33:34.66 - <info> (mqtt)Message_send:{ "CMD": "STATUS_ONLINE", "DATA": { "DEVICE_UNICAST_ID": 144 } }
(1747) 2021.05.28-11:33:34.93 - <info> (rsp)91 8f 8e 0 1 0 5 7 0 
(1747) 2021.05.28-11:33:34.94 - <info> (mqtt)Message_send:{ "CMD": "STATUS_ONLINE", "DATA": { "DEVICE_UNICAST_ID": 142 } }
(1747) 2021.05.28-11:33:34.97 - <info> (rsp)91 8f 5d 0 1 0 5 7 0 
(1747) 2021.05.28-11:33:34.98 - <info> (mqtt)Message_send:{ "CMD": "STATUS_ONLINE", "DATA": { "DEVICE_UNICAST_ID": 93 } }
(1747) 2021.05.28-11:33:35.43 - <info> (rsp)91 8f 74 0 1 0 5 7 0 
(1747) 2021.05.28-11:33:35.44 - <info> (mqtt)Message_send:{ "CMD": "STATUS_ONLINE", "DATA": { "DEVICE_UNICAST_ID": 116 } }
(1747) 2021.05.28-11:33:35.47 - <info> (rsp)91 8f 84 0 1 0 5 7 0 
(1747) 2021.05.28-11:33:35.49 - <info> (mqtt)Message_send:{ "CMD": "STATUS_ONLINE", "DATA": { "DEVICE_UNICAST_ID": 132 } }
(1748) 2021.05.28-11:36:23.84 - <info> (mqtt)Message_receive: {"CMD":"HAVE A MESSAGE"}
(1748) 2021.05.28-11:40:23.45 - <info> (mqtt)Message_receive: {"CMD":"HAVE A MESSAGE"}
(1748) 2021.05.28-11:44:23.50 - <info> (mqtt)Message_receive: {"CMD":"HAVE A MESSAGE"}
(1748) 2021.05.28-11:48:23.47 - <info> (mqtt)Message_receive: {"CMD":"HAVE A MESSAGE"}
(1747) 2021.05.28-11:50:38.06 - <info> (rsp)91 8f 5a 0 1 0 5 7 0 
(1747) 2021.05.28-11:50:38.07 - <info> (mqtt)Message_send:{ "CMD": "STATUS_ONLINE", "DATA": { "DEVICE_UNICAST_ID": 90 } }
(1747) 2021.05.28-11:50:38.08 - <info> (rsp)91 8f 6c 0 1 0 5 7 0 
(1747) 2021.05.28-11:50:38.09 - <info> (mqtt)Message_send:{ "CMD": "STATUS_ONLINE", "DATA": { "DEVICE_UNICAST_ID": 108 } }
(1747) 2021.05.28-11:50:38.20 - <info> (rsp)91 8f 72 0 1 0 5 7 0 
(1747) 2021.05.28-11:50:38.22 - <info> (mqtt)Message_send:{ "CMD": "STATUS_ONLINE", "DATA": { "DEVICE_UNICAST_ID": 114 } }
(1747) 2021.05.28-11:50:38.55 - <info> (rsp)91 8f 92 0 1 0 5 7 0 
(1747) 2021.05.28-11:50:38.56 - <info> (mqtt)Message_send:{ "CMD": "STATUS_ONLINE", "DATA": { "DEVICE_UNICAST_ID": 146 } }
(1747) 2021.05.28-11:50:38.67 - <info> (rsp)91 8f 86 0 1 0 5 7 0 
(1747) 2021.05.28-11:50:38.68 - <info> (mqtt)Message_send:{ "CMD": "STATUS_ONLINE", "DATA": { "DEVICE_UNICAST_ID": 134 } }
(1747) 2021.05.28-11:50:38.72 - <info> (rsp)91 8f 90 0 1 0 5 7 0 
(1747) 2021.05.28-11:50:38.73 - <info> (mqtt)Message_send:{ "CMD": "STATUS_ONLINE", "DATA": { "DEVICE_UNICAST_ID": 144 } }
(1747) 2021.05.28-11:50:38.74 - <info> (rsp)91 8f 82 0 1 0 5 7 0 
(1747) 2021.05.28-11:50:38.75 - <info> (mqtt)Message_send:{ "CMD": "STATUS_ONLINE", "DATA": { "DEVICE_UNICAST_ID": 130 } }
(1747) 2021.05.28-11:50:38.85 - <info> (rsp)91 8f 8a 0 1 0 5 7 0 
(1747) 2021.05.28-11:50:38.86 - <info> (mqtt)Message_send:{ "CMD": "STATUS_ONLINE", "DATA": { "DEVICE_UNICAST_ID": 138 } }
(1747) 2021.05.28-11:50:39.04 - <info> (rsp)91 8f 94 0 1 0 5 7 0 
(1747) 2021.05.28-11:50:39.05 - <info> (mqtt)Message_send:{ "CMD": "STATUS_ONLINE", "DATA": { "DEVICE_UNICAST_ID": 148 } }
(1747) 2021.05.28-11:50:39.51 - <info> (rsp)91 8f 74 0 1 0 5 7 0 
(1747) 2021.05.28-11:50:39.52 - <info> (mqtt)Message_send:{ "CMD": "STATUS_ONLINE", "DATA": { "DEVICE_UNICAST_ID": 116 } }
(1748) 2021.05.28-11:52:23.50 - <info> (mqtt)Message_receive: {"CMD":"HAVE A MESSAGE"}
(1748) 2021.05.28-11:56:23.46 - <info> (mqtt)Message_receive: {"CMD":"HAVE A MESSAGE"}
(1748) 2021.05.28-12:00:23.49 - <info> (mqtt)Message_receive: {"CMD":"HAVE A MESSAGE"}
(1748) 2021.05.28-12:04:23.49 - <info> (mqtt)Message_receive: {"CMD":"HAVE A MESSAGE"}
(1748) 2021.05.28-12:08:23.48 - <info> (mqtt)Message_receive: {"CMD":"HAVE A MESSAGE"}
(1748) 2021.05.28-12:12:23.47 - <info> (mqtt)Message_receive: {"CMD":"HAVE A MESSAGE"}
(1748) 2021.05.28-12:16:23.47 - <info> (mqtt)Message_receive: {"CMD":"HAVE A MESSAGE"}
(1748) 2021.05.28-12:20:23.49 - <info> (mqtt)Message_receive: {"CMD":"HAVE A MESSAGE"}
(1748) 2021.05.28-12:24:23.48 - <info> (mqtt)Message_receive: {"CMD":"HAVE A MESSAGE"}
(1748) 2021.05.28-12:28:23.48 - <info> (mqtt)Message_receive: {"CMD":"HAVE A MESSAGE"}
(1747) 2021.05.28-12:30:24.00 - <info> (rsp)91 81 86 0 ff ff 82 4e 19 26 0 7f 8 
(1747) 2021.05.28-12:30:24.01 - <info> (mqtt)Message_send:{ "CMD": "DIM", "DATA": { "DEVICE_UNICAST_ID": 134, "VALUE_DIM": 49 } }
(1747) 2021.05.28-12:30:24.55 - <info> (rsp)91 81 92 0 ff ff 82 4e fa 5d 0 7f 3 
(1747) 2021.05.28-12:30:24.56 - <info> (mqtt)Message_send:{ "CMD": "DIM", "DATA": { "DEVICE_UNICAST_ID": 146, "VALUE_DIM": 49 } }
(1747) 2021.05.28-12:30:25.03 - <info> (rsp)91 81 72 0 ff ff 82 4e 0 7f 
(1747) 2021.05.28-12:30:25.04 - <info> (mqtt)Message_send:{ "CMD": "DIM", "DATA": { "DEVICE_UNICAST_ID": 114, "VALUE_DIM": 49 } }
(1747) 2021.05.28-12:30:25.23 - <info> (rsp)91 81 5a 0 ff ff 82 4e 0 7f 
(1747) 2021.05.28-12:30:25.24 - <info> (mqtt)Message_send:{ "CMD": "DIM", "DATA": { "DEVICE_UNICAST_ID": 90, "VALUE_DIM": 49 } }
(1747) 2021.05.28-12:30:25.38 - <info> (rsp)91 81 68 0 ff ff 82 4e 0 7f 
(1747) 2021.05.28-12:30:25.39 - <info> (mqtt)Message_send:{ "CMD": "DIM", "DATA": { "DEVICE_UNICAST_ID": 104, "VALUE_DIM": 49 } }
(1747) 2021.05.28-12:30:25.40 - <info> (rsp)91 81 74 0 ff ff 82 4e 0 7f 
(1747) 2021.05.28-12:30:25.41 - <info> (mqtt)Message_send:{ "CMD": "DIM", "DATA": { "DEVICE_UNICAST_ID": 116, "VALUE_DIM": 49 } }
(1747) 2021.05.28-12:30:25.63 - <info> (rsp)91 81 8c 0 ff ff 82 4e 0 7f 
(1747) 2021.05.28-12:30:25.64 - <info> (mqtt)Message_send:{ "CMD": "DIM", "DATA": { "DEVICE_UNICAST_ID": 140, "VALUE_DIM": 49 } }
(1747) 2021.05.28-12:30:25.66 - <info> (rsp)91 81 5d 0 ff ff 82 4e 0 7f 
(1747) 2021.05.28-12:30:25.67 - <info> (mqtt)Message_send:{ "CMD": "DIM", "DATA": { "DEVICE_UNICAST_ID": 93, "VALUE_DIM": 49 } }
(1747) 2021.05.28-12:30:25.69 - <info> (rsp)91 81 90 0 ff ff 82 4e 0 7f 
(1747) 2021.05.28-12:30:25.71 - <info> (mqtt)Message_send:{ "CMD": "DIM", "DATA": { "DEVICE_UNICAST_ID": 144, "VALUE_DIM": 49 } }
(1747) 2021.05.28-12:30:25.72 - <info> (rsp)91 81 84 0 ff ff 82 4e 0 7f 
(1747) 2021.05.28-12:30:25.73 - <info> (mqtt)Message_send:{ "CMD": "DIM", "DATA": { "DEVICE_UNICAST_ID": 132, "VALUE_DIM": 49 } }
(1747) 2021.05.28-12:30:25.84 - <info> (rsp)91 81 82 0 ff ff 82 4e 0 7f 
(1747) 2021.05.28-12:30:25.85 - <info> (mqtt)Message_send:{ "CMD": "DIM", "DATA": { "DEVICE_UNICAST_ID": 130, "VALUE_DIM": 49 } }
(1748) 2021.05.28-12:32:23.50 - <info> (mqtt)Message_receive: {"CMD":"HAVE A MESSAGE"}
(1748) 2021.05.28-12:36:23.48 - <info> (mqtt)Message_receive: {"CMD":"HAVE A MESSAGE"}
(1748) 2021.05.28-12:40:23.48 - <info> (mqtt)Message_receive: {"CMD":"HAVE A MESSAGE"}
(1748) 2021.05.28-12:44:23.63 - <info> (mqtt)Message_receive: {"CMD":"HAVE A MESSAGE"}
(1747) 2021.05.28-12:47:27.75 - <info> (rsp)91 8f 74 0 1 0 5 7 0 
(1747) 2021.05.28-12:47:27.76 - <info> (mqtt)Message_send:{ "CMD": "STATUS_ONLINE", "DATA": { "DEVICE_UNICAST_ID": 116 } }
(1747) 2021.05.28-12:47:27.77 - <info> (rsp)91 8f 82 0 1 0 5 7 0 
(1747) 2021.05.28-12:47:27.79 - <info> (mqtt)Message_send:{ "CMD": "STATUS_ONLINE", "DATA": { "DEVICE_UNICAST_ID": 130 } }
(1747) 2021.05.28-12:47:27.80 - <info> (rsp)91 8f 86 0 1 0 5 7 0 
(1747) 2021.05.28-12:47:27.81 - <info> (mqtt)Message_send:{ "CMD": "STATUS_ONLINE", "DATA": { "DEVICE_UNICAST_ID": 134 } }
(1747) 2021.05.28-12:47:27.81 - <info> (rsp)91 8f 64 0 1 0 5 7 0 
(1747) 2021.05.28-12:47:27.81 - <info> (mqtt)Message_send:{ "CMD": "STATUS_ONLINE", "DATA": { "DEVICE_UNICAST_ID": 100 } }
(1747) 2021.05.28-12:47:27.82 - <info> (rsp)91 8f 8e 0 1 0 5 7 0 
(1747) 2021.05.28-12:47:27.83 - <info> (mqtt)Message_send:{ "CMD": "STATUS_ONLINE", "DATA": { "DEVICE_UNICAST_ID": 142 } }
(1747) 2021.05.28-12:47:27.84 - <info> (rsp)91 8f 84 0 1 0 5 7 0 
(1747) 2021.05.28-12:47:27.88 - <info> (mqtt)Message_send:{ "CMD": "STATUS_ONLINE", "DATA": { "DEVICE_UNICAST_ID": 132 } }
(1747) 2021.05.28-12:47:27.89 - <info> (rsp)91 8f 6c 0 1 0 5 7 0 
(1747) 2021.05.28-12:47:27.90 - <info> (mqtt)Message_send:{ "CMD": "STATUS_ONLINE", "DATA": { "DEVICE_UNICAST_ID": 108 } }
(1747) 2021.05.28-12:47:27.91 - <info> (rsp)91 8f 5a 0 1 0 5 7 0 
(1747) 2021.05.28-12:47:27.92 - <info> (mqtt)Message_send:{ "CMD": "STATUS_ONLINE", "DATA": { "DEVICE_UNICAST_ID": 90 } }
(1747) 2021.05.28-12:47:27.93 - <info> (rsp)91 8f 94 0 1 0 5 7 0 
(1747) 2021.05.28-12:47:27.94 - <info> (mqtt)Message_send:{ "CMD": "STATUS_ONLINE", "DATA": { "DEVICE_UNICAST_ID": 148 } }
(1747) 2021.05.28-12:47:27.95 - <info> (rsp)91 8f 68 0 1 0 5 7 0 
(1747) 2021.05.28-12:47:27.96 - <info> (mqtt)Message_send:{ "CMD": "STATUS_ONLINE", "DATA": { "DEVICE_UNICAST_ID": 104 } }
(1747) 2021.05.28-12:47:27.97 - <info> (rsp)91 8f 72 0 1 0 5 7 0 
(1747) 2021.05.28-12:47:27.98 - <info> (mqtt)Message_send:{ "CMD": "STATUS_ONLINE", "DATA": { "DEVICE_UNICAST_ID": 114 } }
(1747) 2021.05.28-12:47:27.99 - <info> (rsp)91 8f 90 0 1 0 5 7 0 
(1747) 2021.05.28-12:47:27.00 - <info> (mqtt)Message_send:{ "CMD": "STATUS_ONLINE", "DATA": { "DEVICE_UNICAST_ID": 144 } }
(1747) 2021.05.28-12:47:28.03 - <info> (rsp)91 8f 6a 0 1 0 5 7 0 
(1747) 2021.05.28-12:47:28.04 - <info> (mqtt)Message_send:{ "CMD": "STATUS_ONLINE", "DATA": { "DEVICE_UNICAST_ID": 106 } }
(1747) 2021.05.28-12:47:28.08 - <info> (rsp)91 8f 5d 0 1 0 5 7 0 
(1747) 2021.05.28-12:47:28.09 - <info> (mqtt)Message_send:{ "CMD": "STATUS_ONLINE", "DATA": { "DEVICE_UNICAST_ID": 93 } }
(1747) 2021.05.28-12:47:28.48 - <info> (rsp)91 8f 8a 0 1 0 5 7 0 
(1747) 2021.05.28-12:47:28.49 - <info> (mqtt)Message_send:{ "CMD": "STATUS_ONLINE", "DATA": { "DEVICE_UNICAST_ID": 138 } }
(1747) 2021.05.28-12:47:28.61 - <info> (rsp)91 8f 8c 0 1 0 5 7 0 
(1747) 2021.05.28-12:47:28.62 - <info> (mqtt)Message_send:{ "CMD": "STATUS_ONLINE", "DATA": { "DEVICE_UNICAST_ID": 140 } }
(1747) 2021.05.28-12:47:28.74 - <info> (rsp)91 8f 92 0 1 0 5 7 0 
(1747) 2021.05.28-12:47:28.75 - <info> (mqtt)Message_send:{ "CMD": "STATUS_ONLINE", "DATA": { "DEVICE_UNICAST_ID": 146 } }
(1748) 2021.05.28-12:48:23.49 - <info> (mqtt)Message_receive: {"CMD":"HAVE A MESSAGE"}
(1748) 2021.05.28-12:52:23.48 - <info> (mqtt)Message_receive: {"CMD":"HAVE A MESSAGE"}
(1748) 2021.05.28-12:56:23.48 - <info> (mqtt)Message_receive: {"CMD":"HAVE A MESSAGE"}
(1748) 2021.05.28-13:00:23.47 - <info> (mqtt)Message_receive: {"CMD":"HAVE A MESSAGE"}
(1748) 2021.05.28-13:04:23.51 - <info> (mqtt)Message_receive: {"CMD":"HAVE A MESSAGE"}
(1747) 2021.05.28-13:04:31.81 - <info> (rsp)91 8f 8c 0 1 0 5 7 0 
(1747) 2021.05.28-13:04:31.82 - <info> (mqtt)Message_send:{ "CMD": "STATUS_ONLINE", "DATA": { "DEVICE_UNICAST_ID": 140 } }
(1747) 2021.05.28-13:04:31.83 - <info> (rsp)91 8f 6c 0 1 0 5 7 0 
(1747) 2021.05.28-13:04:31.84 - <info> (mqtt)Message_send:{ "CMD": "STATUS_ONLINE", "DATA": { "DEVICE_UNICAST_ID": 108 } }
(1747) 2021.05.28-13:04:31.85 - <info> (rsp)91 8f 82 0 1 0 5 7 0 
(1747) 2021.05.28-13:04:31.86 - <info> (mqtt)Message_send:{ "CMD": "STATUS_ONLINE", "DATA": { "DEVICE_UNICAST_ID": 130 } }
(1747) 2021.05.28-13:04:31.87 - <info> (rsp)91 8f 86 0 1 0 5 7 0 
(1747) 2021.05.28-13:04:31.87 - <info> (mqtt)Message_send:{ "CMD": "STATUS_ONLINE", "DATA": { "DEVICE_UNICAST_ID": 134 } }
(1747) 2021.05.28-13:04:31.88 - <info> (rsp)91 8f 72 0 1 0 5 7 0 
(1747) 2021.05.28-13:04:31.97 - <info> (mqtt)Message_send:{ "CMD": "STATUS_ONLINE", "DATA": { "DEVICE_UNICAST_ID": 114 } }
(1747) 2021.05.28-13:04:32.13 - <info> (rsp)91 8f 94 0 1 0 5 7 0 
(1747) 2021.05.28-13:04:32.14 - <info> (mqtt)Message_send:{ "CMD": "STATUS_ONLINE", "DATA": { "DEVICE_UNICAST_ID": 148 } }
(1747) 2021.05.28-13:04:32.15 - <info> (rsp)91 8f 74 0 1 0 5 7 0 
(1747) 2021.05.28-13:04:32.16 - <info> (mqtt)Message_send:{ "CMD": "STATUS_ONLINE", "DATA": { "DEVICE_UNICAST_ID": 116 } }
(1747) 2021.05.28-13:04:32.17 - <info> (rsp)91 8f 5d 0 1 0 5 7 0 
(1747) 2021.05.28-13:04:32.18 - <info> (mqtt)Message_send:{ "CMD": "STATUS_ONLINE", "DATA": { "DEVICE_UNICAST_ID": 93 } }
(1747) 2021.05.28-13:04:32.23 - <info> (rsp)91 8f 84 0 1 0 5 7 0 
(1747) 2021.05.28-13:04:32.24 - <info> (mqtt)Message_send:{ "CMD": "STATUS_ONLINE", "DATA": { "DEVICE_UNICAST_ID": 132 } }
(1747) 2021.05.28-13:04:32.25 - <info> (rsp)91 8f 64 0 1 0 5 7 0 
(1747) 2021.05.28-13:04:32.26 - <info> (mqtt)Message_send:{ "CMD": "STATUS_ONLINE", "DATA": { "DEVICE_UNICAST_ID": 100 } }
(1747) 2021.05.28-13:04:32.27 - <info> (rsp)91 8f 6a 0 1 0 5 7 0 
(1747) 2021.05.28-13:04:32.28 - <info> (mqtt)Message_send:{ "CMD": "STATUS_ONLINE", "DATA": { "DEVICE_UNICAST_ID": 106 } }
(1747) 2021.05.28-13:04:32.29 - <info> (rsp)91 8f 68 0 1 0 5 7 0 
(1747) 2021.05.28-13:04:32.30 - <info> (mqtt)Message_send:{ "CMD": "STATUS_ONLINE", "DATA": { "DEVICE_UNICAST_ID": 104 } }
(1747) 2021.05.28-13:04:32.41 - <info> (rsp)91 8f 8a 0 1 0 5 7 0 
(1747) 2021.05.28-13:04:32.42 - <info> (mqtt)Message_send:{ "CMD": "STATUS_ONLINE", "DATA": { "DEVICE_UNICAST_ID": 138 } }
(1747) 2021.05.28-13:04:32.43 - <info> (rsp)91 8f 92 0 1 0 5 7 0 
(1747) 2021.05.28-13:04:32.44 - <info> (mqtt)Message_send:{ "CMD": "STATUS_ONLINE", "DATA": { "DEVICE_UNICAST_ID": 146 } }
(1747) 2021.05.28-13:04:32.45 - <info> (rsp)91 8f 90 0 1 0 5 7 0 
(1747) 2021.05.28-13:04:32.46 - <info> (mqtt)Message_send:{ "CMD": "STATUS_ONLINE", "DATA": { "DEVICE_UNICAST_ID": 144 } }
(1747) 2021.05.28-13:04:32.75 - <info> (rsp)91 8f 5a 0 1 0 5 7 0 
(1747) 2021.05.28-13:04:32.75 - <info> (mqtt)Message_send:{ "CMD": "STATUS_ONLINE", "DATA": { "DEVICE_UNICAST_ID": 90 } }
(1747) 2021.05.28-13:04:33.22 - <info> (rsp)91 8f 8e 0 1 0 5 7 0 
(1747) 2021.05.28-13:04:33.23 - <info> (mqtt)Message_send:{ "CMD": "STATUS_ONLINE", "DATA": { "DEVICE_UNICAST_ID": 142 } }
(1748) 2021.05.28-13:08:23.49 - <info> (mqtt)Message_receive: {"CMD":"HAVE A MESSAGE"}
(1748) 2021.05.28-13:12:23.51 - <info> (mqtt)Message_receive: {"CMD":"HAVE A MESSAGE"}
(1748) 2021.05.28-13:16:23.48 - <info> (mqtt)Message_receive: {"CMD":"HAVE A MESSAGE"}
(1748) 2021.05.28-13:20:23.49 - <info> (mqtt)Message_receive: {"CMD":"HAVE A MESSAGE"}
(1747) 2021.05.28-13:21:35.91 - <info> (rsp)91 8f 94 0 1 0 5 7 0 
(1747) 2021.05.28-13:21:35.93 - <info> (mqtt)Message_send:{ "CMD": "STATUS_ONLINE", "DATA": { "DEVICE_UNICAST_ID": 148 } }
(1747) 2021.05.28-13:21:35.94 - <info> (rsp)91 8f 86 0 1 0 5 7 0 
(1747) 2021.05.28-13:21:35.95 - <info> (mqtt)Message_send:{ "CMD": "STATUS_ONLINE", "DATA": { "DEVICE_UNICAST_ID": 134 } }
(1747) 2021.05.28-13:21:35.96 - <info> (rsp)91 8f 5d 0 1 0 5 7 0 
(1747) 2021.05.28-13:21:35.97 - <info> (mqtt)Message_send:{ "CMD": "STATUS_ONLINE", "DATA": { "DEVICE_UNICAST_ID": 93 } }
(1747) 2021.05.28-13:21:35.98 - <info> (rsp)91 8f 92 0 1 0 5 7 0 
(1747) 2021.05.28-13:21:35.99 - <info> (mqtt)Message_send:{ "CMD": "STATUS_ONLINE", "DATA": { "DEVICE_UNICAST_ID": 146 } }
(1747) 2021.05.28-13:21:36.00 - <info> (rsp)91 8f 82 0 1 0 5 7 0 
(1747) 2021.05.28-13:21:36.01 - <info> (mqtt)Message_send:{ "CMD": "STATUS_ONLINE", "DATA": { "DEVICE_UNICAST_ID": 130 } }
(1747) 2021.05.28-13:21:36.02 - <info> (rsp)91 8f 72 0 1 0 5 7 0 
(1747) 2021.05.28-13:21:36.03 - <info> (mqtt)Message_send:{ "CMD": "STATUS_ONLINE", "DATA": { "DEVICE_UNICAST_ID": 114 } }
(1747) 2021.05.28-13:21:36.03 - <info> (rsp)91 8f 6a 0 1 0 5 7 0 
(1747) 2021.05.28-13:21:36.04 - <info> (mqtt)Message_send:{ "CMD": "STATUS_ONLINE", "DATA": { "DEVICE_UNICAST_ID": 106 } }
(1747) 2021.05.28-13:21:36.05 - <info> (rsp)91 8f 8a 0 1 0 5 7 0 
(1747) 2021.05.28-13:21:36.06 - <info> (mqtt)Message_send:{ "CMD": "STATUS_ONLINE", "DATA": { "DEVICE_UNICAST_ID": 138 } }
(1747) 2021.05.28-13:21:36.10 - <info> (rsp)91 8f 5a 0 1 0 5 7 0 
(1747) 2021.05.28-13:21:36.11 - <info> (mqtt)Message_send:{ "CMD": "STATUS_ONLINE", "DATA": { "DEVICE_UNICAST_ID": 90 } }
(1747) 2021.05.28-13:21:36.17 - <info> (rsp)91 8f 74 0 1 0 5 7 0 
(1747) 2021.05.28-13:21:36.18 - <info> (mqtt)Message_send:{ "CMD": "STATUS_ONLINE", "DATA": { "DEVICE_UNICAST_ID": 116 } }
(1747) 2021.05.28-13:21:36.21 - <info> (rsp)91 8f 84 0 1 0 5 7 0 
(1747) 2021.05.28-13:21:36.22 - <info> (mqtt)Message_send:{ "CMD": "STATUS_ONLINE", "DATA": { "DEVICE_UNICAST_ID": 132 } }
(1747) 2021.05.28-13:21:36.27 - <info> (rsp)91 8f 90 0 1 0 5 7 0 
(1747) 2021.05.28-13:21:36.28 - <info> (mqtt)Message_send:{ "CMD": "STATUS_ONLINE", "DATA": { "DEVICE_UNICAST_ID": 144 } }
(1747) 2021.05.28-13:21:36.37 - <info> (rsp)91 8f 68 0 1 0 5 7 0 
(1747) 2021.05.28-13:21:36.38 - <info> (mqtt)Message_send:{ "CMD": "STATUS_ONLINE", "DATA": { "DEVICE_UNICAST_ID": 104 } }
(1747) 2021.05.28-13:21:36.41 - <info> (rsp)91 8f 8c 0 1 0 5 7 0 
(1747) 2021.05.28-13:21:36.42 - <info> (mqtt)Message_send:{ "CMD": "STATUS_ONLINE", "DATA": { "DEVICE_UNICAST_ID": 140 } }
(1747) 2021.05.28-13:21:36.53 - <info> (rsp)91 8f 8e 0 1 0 5 7 0 
(1747) 2021.05.28-13:21:36.55 - <info> (mqtt)Message_send:{ "CMD": "STATUS_ONLINE", "DATA": { "DEVICE_UNICAST_ID": 142 } }
(1747) 2021.05.28-13:21:36.76 - <info> (rsp)91 8f 64 0 1 0 5 7 0 
(1747) 2021.05.28-13:21:36.77 - <info> (mqtt)Message_send:{ "CMD": "STATUS_ONLINE", "DATA": { "DEVICE_UNICAST_ID": 100 } }
(1747) 2021.05.28-13:21:37.02 - <info> (rsp)91 8f 6c 0 1 0 5 7 0 
(1747) 2021.05.28-13:21:37.03 - <info> (mqtt)Message_send:{ "CMD": "STATUS_ONLINE", "DATA": { "DEVICE_UNICAST_ID": 108 } }
(1748) 2021.05.28-13:24:23.49 - <info> (mqtt)Message_receive: {"CMD":"HAVE A MESSAGE"}
(1748) 2021.05.28-13:28:23.50 - <info> (mqtt)Message_receive: {"CMD":"HAVE A MESSAGE"}
(1747) 2021.05.28-13:32:03.38 - <info> (rsp)91 81 80 0 ff ff 82 4e 5c 56 0 7f 4 
(1747) 2021.05.28-13:32:03.40 - <info> (mqtt)Message_send:{ "CMD": "DIM", "DATA": { "DEVICE_UNICAST_ID": 128, "VALUE_DIM": 49 } }
(1747) 2021.05.28-13:32:06.41 - <info> (rsp)91 81 80 0 ff ff 82 4e 0 7f 
(1747) 2021.05.28-13:32:06.42 - <info> (mqtt)Message_send:{ "CMD": "DIM", "DATA": { "DEVICE_UNICAST_ID": 128, "VALUE_DIM": 49 } }
(1748) 2021.05.28-13:32:23.49 - <info> (mqtt)Message_receive: {"CMD":"HAVE A MESSAGE"}
(1748) 2021.05.28-13:36:23.56 - <info> (mqtt)Message_receive: {"CMD":"HAVE A MESSAGE"}
(1747) 2021.05.28-13:38:39.95 - <info> (rsp)91 8f 92 0 1 0 5 7 0 
(1747) 2021.05.28-13:38:39.96 - <info> (mqtt)Message_send:{ "CMD": "STATUS_ONLINE", "DATA": { "DEVICE_UNICAST_ID": 146 } }
(1747) 2021.05.28-13:38:39.97 - <info> (rsp)91 8f 94 0 1 0 5 7 0 
(1747) 2021.05.28-13:38:39.98 - <info> (mqtt)Message_send:{ "CMD": "STATUS_ONLINE", "DATA": { "DEVICE_UNICAST_ID": 148 } }
(1747) 2021.05.28-13:38:40.03 - <info> (rsp)91 8f 6c 0 1 0 5 7 0 
(1747) 2021.05.28-13:38:40.04 - <info> (mqtt)Message_send:{ "CMD": "STATUS_ONLINE", "DATA": { "DEVICE_UNICAST_ID": 108 } }
(1747) 2021.05.28-13:38:40.07 - <info> (rsp)91 8f 72 0 1 0 5 7 0 
(1747) 2021.05.28-13:38:40.08 - <info> (mqtt)Message_send:{ "CMD": "STATUS_ONLINE", "DATA": { "DEVICE_UNICAST_ID": 114 } }
(1747) 2021.05.28-13:38:40.09 - <info> (rsp)91 8f 8c 0 1 0 5 7 0 
(1747) 2021.05.28-13:38:40.10 - <info> (mqtt)Message_send:{ "CMD": "STATUS_ONLINE", "DATA": { "DEVICE_UNICAST_ID": 140 } }
(1747) 2021.05.28-13:38:40.11 - <info> (rsp)91 8f 86 0 1 0 5 7 0 
(1747) 2021.05.28-13:38:40.12 - <info> (mqtt)Message_send:{ "CMD": "STATUS_ONLINE", "DATA": { "DEVICE_UNICAST_ID": 134 } }
(1747) 2021.05.28-13:38:40.13 - <info> (rsp)91 8f 64 0 1 0 5 7 0 
(1747) 2021.05.28-13:38:40.14 - <info> (mqtt)Message_send:{ "CMD": "STATUS_ONLINE", "DATA": { "DEVICE_UNICAST_ID": 100 } }
(1747) 2021.05.28-13:38:40.15 - <info> (rsp)91 8f 84 0 1 0 5 7 0 
(1747) 2021.05.28-13:38:40.16 - <info> (mqtt)Message_send:{ "CMD": "STATUS_ONLINE", "DATA": { "DEVICE_UNICAST_ID": 132 } }
(1747) 2021.05.28-13:38:40.21 - <info> (rsp)91 8f 90 0 1 0 5 7 0 
(1747) 2021.05.28-13:38:40.22 - <info> (mqtt)Message_send:{ "CMD": "STATUS_ONLINE", "DATA": { "DEVICE_UNICAST_ID": 144 } }
(1747) 2021.05.28-13:38:40.24 - <info> (rsp)91 8f 74 0 1 0 5 7 0 
(1747) 2021.05.28-13:38:40.25 - <info> (mqtt)Message_send:{ "CMD": "STATUS_ONLINE", "DATA": { "DEVICE_UNICAST_ID": 116 } }
(1747) 2021.05.28-13:38:40.34 - <info> (rsp)91 8f 6a 0 1 0 5 7 0 
(1747) 2021.05.28-13:38:40.35 - <info> (mqtt)Message_send:{ "CMD": "STATUS_ONLINE", "DATA": { "DEVICE_UNICAST_ID": 106 } }
(1747) 2021.05.28-13:38:40.36 - <info> (rsp)91 8f 5d 0 1 0 5 7 0 
(1747) 2021.05.28-13:38:40.42 - <info> (mqtt)Message_send:{ "CMD": "STATUS_ONLINE", "DATA": { "DEVICE_UNICAST_ID": 93 } }
(1747) 2021.05.28-13:38:40.43 - <info> (rsp)91 8f 82 0 1 0 5 7 0 
(1747) 2021.05.28-13:38:40.44 - <info> (mqtt)Message_send:{ "CMD": "STATUS_ONLINE", "DATA": { "DEVICE_UNICAST_ID": 130 } }
(1747) 2021.05.28-13:38:40.46 - <info> (rsp)91 8f 8a 0 1 0 5 7 0 
(1747) 2021.05.28-13:38:40.47 - <info> (mqtt)Message_send:{ "CMD": "STATUS_ONLINE", "DATA": { "DEVICE_UNICAST_ID": 138 } }
(1747) 2021.05.28-13:38:40.88 - <info> (rsp)91 8f 68 0 1 0 5 7 0 
(1747) 2021.05.28-13:38:40.89 - <info> (mqtt)Message_send:{ "CMD": "STATUS_ONLINE", "DATA": { "DEVICE_UNICAST_ID": 104 } }
(1747) 2021.05.28-13:38:40.91 - <info> (rsp)91 8f 8e 0 1 0 5 7 0 
(1747) 2021.05.28-13:38:40.92 - <info> (mqtt)Message_send:{ "CMD": "STATUS_ONLINE", "DATA": { "DEVICE_UNICAST_ID": 142 } }
(1747) 2021.05.28-13:38:41.08 - <info> (rsp)91 8f 5a 0 1 0 5 7 0 
(1747) 2021.05.28-13:38:41.09 - <info> (mqtt)Message_send:{ "CMD": "STATUS_ONLINE", "DATA": { "DEVICE_UNICAST_ID": 90 } }
(1748) 2021.05.28-13:40:23.52 - <info> (mqtt)Message_receive: {"CMD":"HAVE A MESSAGE"}
(1748) 2021.05.28-13:44:23.53 - <info> (mqtt)Message_receive: {"CMD":"HAVE A MESSAGE"}
(1748) 2021.05.28-13:48:23.52 - <info> (mqtt)Message_receive: {"CMD":"HAVE A MESSAGE"}
(1748) 2021.05.28-13:52:23.53 - <info> (mqtt)Message_receive: {"CMD":"HAVE A MESSAGE"}
(1747) 2021.05.28-13:55:44.03 - <info> (rsp)91 8f 92 0 1 0 5 7 0 
(1747) 2021.05.28-13:55:44.04 - <info> (mqtt)Message_send:{ "CMD": "STATUS_ONLINE", "DATA": { "DEVICE_UNICAST_ID": 146 } }
(1747) 2021.05.28-13:55:44.06 - <info> (rsp)91 8f 90 0 1 0 5 7 0 
(1747) 2021.05.28-13:55:44.06 - <info> (mqtt)Message_send:{ "CMD": "STATUS_ONLINE", "DATA": { "DEVICE_UNICAST_ID": 144 } }
(1747) 2021.05.28-13:55:44.07 - <info> (rsp)91 8f 6c 0 1 0 5 7 0 
(1747) 2021.05.28-13:55:44.08 - <info> (mqtt)Message_send:{ "CMD": "STATUS_ONLINE", "DATA": { "DEVICE_UNICAST_ID": 108 } }
(1747) 2021.05.28-13:55:44.09 - <info> (rsp)91 8f 74 0 1 0 5 7 0 
(1747) 2021.05.28-13:55:44.11 - <info> (mqtt)Message_send:{ "CMD": "STATUS_ONLINE", "DATA": { "DEVICE_UNICAST_ID": 116 } }
(1747) 2021.05.28-13:55:44.22 - <info> (rsp)91 8f 8c 0 1 0 5 7 0 
(1747) 2021.05.28-13:55:44.23 - <info> (mqtt)Message_send:{ "CMD": "STATUS_ONLINE", "DATA": { "DEVICE_UNICAST_ID": 140 } }
(1747) 2021.05.28-13:55:44.24 - <info> (rsp)91 8f 6a 0 1 0 5 7 0 
(1747) 2021.05.28-13:55:44.25 - <info> (mqtt)Message_send:{ "CMD": "STATUS_ONLINE", "DATA": { "DEVICE_UNICAST_ID": 106 } }
(1747) 2021.05.28-13:55:44.27 - <info> (rsp)91 8f 84 0 1 0 5 7 0 
(1747) 2021.05.28-13:55:44.28 - <info> (mqtt)Message_send:{ "CMD": "STATUS_ONLINE", "DATA": { "DEVICE_UNICAST_ID": 132 } }
(1747) 2021.05.28-13:55:44.30 - <info> (rsp)91 8f 72 0 1 0 5 7 0 
(1747) 2021.05.28-13:55:44.31 - <info> (mqtt)Message_send:{ "CMD": "STATUS_ONLINE", "DATA": { "DEVICE_UNICAST_ID": 114 } }
(1747) 2021.05.28-13:55:44.32 - <info> (rsp)91 8f 5d 0 1 0 5 7 0 
(1747) 2021.05.28-13:55:44.33 - <info> (mqtt)Message_send:{ "CMD": "STATUS_ONLINE", "DATA": { "DEVICE_UNICAST_ID": 93 } }
(1747) 2021.05.28-13:55:44.42 - <info> (rsp)91 8f 68 0 1 0 5 7 0 
(1747) 2021.05.28-13:55:44.43 - <info> (mqtt)Message_send:{ "CMD": "STATUS_ONLINE", "DATA": { "DEVICE_UNICAST_ID": 104 } }
(1747) 2021.05.28-13:55:44.44 - <info> (rsp)91 8f 8a 0 1 0 5 7 0 
(1747) 2021.05.28-13:55:44.45 - <info> (mqtt)Message_send:{ "CMD": "STATUS_ONLINE", "DATA": { "DEVICE_UNICAST_ID": 138 } }
(1747) 2021.05.28-13:55:44.48 - <info> (rsp)91 8f 5a 0 1 0 5 7 0 
(1747) 2021.05.28-13:55:44.49 - <info> (mqtt)Message_send:{ "CMD": "STATUS_ONLINE", "DATA": { "DEVICE_UNICAST_ID": 90 } }
(1747) 2021.05.28-13:55:44.63 - <info> (rsp)91 8f 86 0 1 0 5 7 0 
(1747) 2021.05.28-13:55:44.65 - <info> (mqtt)Message_send:{ "CMD": "STATUS_ONLINE", "DATA": { "DEVICE_UNICAST_ID": 134 } }
(1747) 2021.05.28-13:55:44.81 - <info> (rsp)91 8f 94 0 1 0 5 7 0 
(1747) 2021.05.28-13:55:44.82 - <info> (mqtt)Message_send:{ "CMD": "STATUS_ONLINE", "DATA": { "DEVICE_UNICAST_ID": 148 } }
(1747) 2021.05.28-13:55:44.88 - <info> (rsp)91 8f 82 0 1 0 5 7 0 
(1747) 2021.05.28-13:55:44.89 - <info> (mqtt)Message_send:{ "CMD": "STATUS_ONLINE", "DATA": { "DEVICE_UNICAST_ID": 130 } }
(1747) 2021.05.28-13:55:45.14 - <info> (rsp)91 8f 64 0 1 0 5 7 0 
(1747) 2021.05.28-13:55:45.15 - <info> (mqtt)Message_send:{ "CMD": "STATUS_ONLINE", "DATA": { "DEVICE_UNICAST_ID": 100 } }
(1747) 2021.05.28-13:55:45.16 - <info> (rsp)91 8f 8e 0 1 0 5 7 0 
(1747) 2021.05.28-13:55:45.17 - <info> (mqtt)Message_send:{ "CMD": "STATUS_ONLINE", "DATA": { "DEVICE_UNICAST_ID": 142 } }
(1748) 2021.05.28-13:56:23.53 - <info> (mqtt)Message_receive: {"CMD":"HAVE A MESSAGE"}
(1748) 2021.05.28-14:00:23.53 - <info> (mqtt)Message_receive: {"CMD":"HAVE A MESSAGE"}
(1748) 2021.05.28-14:04:23.53 - <info> (mqtt)Message_receive: {"CMD":"HAVE A MESSAGE"}
(1748) 2021.05.28-14:08:23.54 - <info> (mqtt)Message_receive: {"CMD":"HAVE A MESSAGE"}
(1751) 2021.05.28-16:36:25.05 - <info> (mqtt)Message_receive: {"CMD":"HAVE A MESSAGE"}
(1751) 2021.05.28-16:36:25.05 - <info> (mqtt)Message_send: HAVE A RSP
(1750) 2021.05.28-16:37:04.67 - <info> (rsp)91 81 78 0 ff ff 82 4e 7f 3f 0 7f 6 
(1750) 2021.05.28-16:37:04.68 - <info> (mqtt)Message_send:{ "CMD": "DIM", "DATA": { "DEVICE_UNICAST_ID": 120, "VALUE_DIM": 49 } }
(1750) 2021.05.28-16:37:04.78 - <info> (rsp)91 81 a2 0 ff ff 82 4e bd 4e 0 7f 4 
(1750) 2021.05.28-16:37:04.80 - <info> (mqtt)Message_send:{ "CMD": "DIM", "DATA": { "DEVICE_UNICAST_ID": 162, "VALUE_DIM": 49 } }
(1750) 2021.05.28-16:37:04.81 - <info> (rsp)91 81 70 0 ff ff 82 4e 47 51 0 7f 4 
(1750) 2021.05.28-16:37:04.81 - <info> (mqtt)Message_send:{ "CMD": "DIM", "DATA": { "DEVICE_UNICAST_ID": 112, "VALUE_DIM": 49 } }
(1750) 2021.05.28-16:37:04.88 - <info> (rsp)91 81 7e 0 ff ff 82 4e e6 58 0 7f 4 
(1750) 2021.05.28-16:37:04.90 - <info> (mqtt)Message_send:{ "CMD": "DIM", "DATA": { "DEVICE_UNICAST_ID": 126, "VALUE_DIM": 49 } }
(1750) 2021.05.28-16:37:04.90 - <info> (rsp)91 81 62 0 ff ff 82 4e 70 5b 0 7f 3 
(1750) 2021.05.28-16:37:04.92 - <info> (mqtt)Message_send:{ "CMD": "DIM", "DATA": { "DEVICE_UNICAST_ID": 98, "VALUE_DIM": 49 } }
(1750) 2021.05.28-16:37:06.35 - <info> (rsp)91 81 98 0 ff ff 82 4e a3 28 0 7f 7 
(1750) 2021.05.28-16:37:06.35 - <info> (mqtt)Message_send:{ "CMD": "DIM", "DATA": { "DEVICE_UNICAST_ID": 152, "VALUE_DIM": 49 } }
(1750) 2021.05.28-16:37:06.64 - <info> (rsp)91 81 62 0 ff ff 82 4e 33 4c 0 7f 5 
(1750) 2021.05.28-16:37:06.66 - <info> (mqtt)Message_send:{ "CMD": "DIM", "DATA": { "DEVICE_UNICAST_ID": 98, "VALUE_DIM": 49 } }
(1750) 2021.05.28-16:37:06.69 - <info> (rsp)91 81 a2 0 ff ff 82 4e 5c 56 0 7f 4 
(1750) 2021.05.28-16:37:06.71 - <info> (mqtt)Message_send:{ "CMD": "DIM", "DATA": { "DEVICE_UNICAST_ID": 162, "VALUE_DIM": 49 } }
(1750) 2021.05.28-16:37:10.79 - <info> (rsp)91 81 78 0 ff ff 82 4e 61 77 0 7f 1 
(1750) 2021.05.28-16:37:10.80 - <info> (mqtt)Message_send:{ "CMD": "DIM", "DATA": { "DEVICE_UNICAST_ID": 120, "VALUE_DIM": 49 } }
(1750) 2021.05.28-16:37:12.15 - <info> (rsp)91 81 70 0 ff ff 82 4e a3 28 0 7f 7 
(1750) 2021.05.28-16:37:12.16 - <info> (mqtt)Message_send:{ "CMD": "DIM", "DATA": { "DEVICE_UNICAST_ID": 112, "VALUE_DIM": 49 } }
(1750) 2021.05.28-16:37:12.48 - <info> (rsp)91 81 98 0 ff ff 82 4e d1 53 0 7f 4 
(1750) 2021.05.28-16:37:12.50 - <info> (mqtt)Message_send:{ "CMD": "DIM", "DATA": { "DEVICE_UNICAST_ID": 152, "VALUE_DIM": 49 } }
(1750) 2021.05.28-16:37:12.56 - <info> (rsp)91 81 a2 0 ff ff 82 4e 70 5b 0 7f 3 
(1750) 2021.05.28-16:37:12.57 - <info> (mqtt)Message_send:{ "CMD": "DIM", "DATA": { "DEVICE_UNICAST_ID": 162, "VALUE_DIM": 49 } }
(1750) 2021.05.28-16:37:12.72 - <info> (rsp)91 81 78 0 ff ff 82 4e c2 6f 0 7f 2 
(1750) 2021.05.28-16:37:12.72 - <info> (mqtt)Message_send:{ "CMD": "DIM", "DATA": { "DEVICE_UNICAST_ID": 120, "VALUE_DIM": 49 } }
(1750) 2021.05.28-16:37:12.86 - <info> (rsp)91 81 7e 0 ff ff 82 4e ff 7e 0 7f 1 
(1750) 2021.05.28-16:37:12.87 - <info> (mqtt)Message_send:{ "CMD": "DIM", "DATA": { "DEVICE_UNICAST_ID": 126, "VALUE_DIM": 49 } }
(1750) 2021.05.28-16:37:13.11 - <info> (rsp)91 81 62 0 ff ff 82 4e 0 7f 
(1750) 2021.05.28-16:37:13.16 - <info> (mqtt)Message_send:{ "CMD": "DIM", "DATA": { "DEVICE_UNICAST_ID": 98, "VALUE_DIM": 49 } }
(1750) 2021.05.28-16:37:21.87 - <info> (rsp)91 81 62 0 ff ff 82 4e 47 51 0 7f 4 
(1750) 2021.05.28-16:37:21.88 - <info> (mqtt)Message_send:{ "CMD": "DIM", "DATA": { "DEVICE_UNICAST_ID": 98, "VALUE_DIM": 49 } }
(1750) 2021.05.28-16:37:22.16 - <info> (rsp)91 81 98 0 ff ff 82 4e 61 77 0 7f 1 
(1750) 2021.05.28-16:37:22.18 - <info> (mqtt)Message_send:{ "CMD": "DIM", "DATA": { "DEVICE_UNICAST_ID": 152, "VALUE_DIM": 49 } }
(1750) 2021.05.28-16:37:22.23 - <info> (rsp)91 81 7e 0 ff ff 82 4e ff 7e 0 7f 1 
(1750) 2021.05.28-16:37:22.24 - <info> (mqtt)Message_send:{ "CMD": "DIM", "DATA": { "DEVICE_UNICAST_ID": 126, "VALUE_DIM": 49 } }
(1750) 2021.05.28-16:37:22.62 - <info> (rsp)91 81 78 0 ff ff 82 4e 0 7f 
(1750) 2021.05.28-16:37:22.63 - <info> (mqtt)Message_send:{ "CMD": "DIM", "DATA": { "DEVICE_UNICAST_ID": 120, "VALUE_DIM": 49 } }
(1750) 2021.05.28-16:37:22.64 - <info> (rsp)91 81 70 0 ff ff 82 4e 0 7f 
(1750) 2021.05.28-16:37:22.64 - <info> (mqtt)Message_send:{ "CMD": "DIM", "DATA": { "DEVICE_UNICAST_ID": 112, "VALUE_DIM": 49 } }
(1750) 2021.05.28-16:37:22.75 - <info> (rsp)91 81 a2 0 ff ff 82 4e 0 7f 
(1750) 2021.05.28-16:37:22.75 - <info> (mqtt)Message_send:{ "CMD": "DIM", "DATA": { "DEVICE_UNICAST_ID": 162, "VALUE_DIM": 49 } }
(1750) 2021.05.28-16:40:26.51 - <info> (mqtt)192.168.93.100: Connect callback, rc=0
(1750) 2021.05.28-16:40:26.51 - <info> (mqtt)Message_send: {"CMD":"CONNECTED"}
(1748) 2021.05.28-16:40:45.57 - <info> (rsp)91 81 a4 0 ff ff 82 4e 7a 1e 0 7f 8 
(1748) 2021.05.28-16:40:45.58 - <info> (mqtt)Message_send:{ "CMD": "DIM", "DATA": { "DEVICE_UNICAST_ID": 164, "VALUE_DIM": 49 } }
(1748) 2021.05.28-16:40:45.77 - <info> (rsp)91 81 66 0 ff ff 82 4e e1 37 0 7f 6 
(1748) 2021.05.28-16:40:45.78 - <info> (mqtt)Message_send:{ "CMD": "DIM", "DATA": { "DEVICE_UNICAST_ID": 102, "VALUE_DIM": 49 } }
(1748) 2021.05.28-16:40:47.87 - <info> (rsp)91 81 a6 0 ff ff 82 4e 99 65 0 7f 3 
(1748) 2021.05.28-16:40:47.88 - <info> (mqtt)Message_send:{ "CMD": "DIM", "DATA": { "DEVICE_UNICAST_ID": 166, "VALUE_DIM": 49 } }
(1748) 2021.05.28-16:40:49.11 - <info> (rsp)91 81 66 0 ff ff 82 4e 7a 1e 0 7f 8 
(1748) 2021.05.28-16:40:49.12 - <info> (mqtt)Message_send:{ "CMD": "DIM", "DATA": { "DEVICE_UNICAST_ID": 102, "VALUE_DIM": 49 } }
(1748) 2021.05.28-16:40:49.19 - <info> (rsp)91 81 a6 0 ff ff 82 4e 19 26 0 7f 8 
(1748) 2021.05.28-16:40:49.21 - <info> (mqtt)Message_send:{ "CMD": "DIM", "DATA": { "DEVICE_UNICAST_ID": 166, "VALUE_DIM": 49 } }
(1748) 2021.05.28-16:40:49.42 - <info> (rsp)91 81 a4 0 ff ff 82 4e a 42 0 7f 5 
(1748) 2021.05.28-16:40:49.42 - <info> (mqtt)Message_send:{ "CMD": "DIM", "DATA": { "DEVICE_UNICAST_ID": 164, "VALUE_DIM": 49 } }
(1748) 2021.05.28-16:40:51.38 - <info> (rsp)91 81 7c 0 ff ff 82 4e a8 49 0 7f 5 
(1748) 2021.05.28-16:40:51.39 - <info> (mqtt)Message_send:{ "CMD": "DIM", "DATA": { "DEVICE_UNICAST_ID": 124, "VALUE_DIM": 49 } }
(1748) 2021.05.28-16:40:51.42 - <info> (rsp)91 81 9e 0 ff ff 82 4e bd 4e 0 7f 4 
(1748) 2021.05.28-16:40:51.43 - <info> (mqtt)Message_send:{ "CMD": "DIM", "DATA": { "DEVICE_UNICAST_ID": 158, "VALUE_DIM": 49 } }
(1748) 2021.05.28-16:40:51.57 - <info> (rsp)91 81 a6 0 ff ff 82 4e f 63 0 7f 3 
(1748) 2021.05.28-16:40:51.58 - <info> (mqtt)Message_send:{ "CMD": "DIM", "DATA": { "DEVICE_UNICAST_ID": 166, "VALUE_DIM": 49 } }
(1748) 2021.05.28-16:40:53.18 - <info> (rsp)91 81 7c 0 ff ff 82 4e a 42 0 7f 5 
(1748) 2021.05.28-16:40:53.19 - <info> (mqtt)Message_send:{ "CMD": "DIM", "DATA": { "DEVICE_UNICAST_ID": 124, "VALUE_DIM": 49 } }
(1748) 2021.05.28-16:40:53.53 - <info> (rsp)91 81 7a 0 ff ff 82 4e ae 6a 0 7f 2 
(1748) 2021.05.28-16:40:53.54 - <info> (mqtt)Message_send:{ "CMD": "DIM", "DATA": { "DEVICE_UNICAST_ID": 122, "VALUE_DIM": 49 } }
(1748) 2021.05.28-16:40:53.64 - <info> (rsp)91 81 a6 0 ff ff 82 4e eb 79 0 7f 1 
(1748) 2021.05.28-16:40:53.65 - <info> (mqtt)Message_send:{ "CMD": "DIM", "DATA": { "DEVICE_UNICAST_ID": 166, "VALUE_DIM": 49 } }
(1748) 2021.05.28-16:40:53.71 - <info> (rsp)91 81 9e 0 ff ff 82 4e 0 7f 
(1748) 2021.05.28-16:40:53.78 - <info> (mqtt)Message_send:{ "CMD": "DIM", "DATA": { "DEVICE_UNICAST_ID": 158, "VALUE_DIM": 49 } }
(1748) 2021.05.28-16:40:53.83 - <info> (rsp)91 81 a4 0 ff ff 82 4e 0 7f 
(1748) 2021.05.28-16:40:53.84 - <info> (mqtt)Message_send:{ "CMD": "DIM", "DATA": { "DEVICE_UNICAST_ID": 164, "VALUE_DIM": 49 } }
(1748) 2021.05.28-16:40:54.37 - <info> (rsp)91 81 66 0 ff ff 82 4e 0 7f 
(1748) 2021.05.28-16:40:54.40 - <info> (mqtt)Message_send:{ "CMD": "DIM", "DATA": { "DEVICE_UNICAST_ID": 102, "VALUE_DIM": 49 } }
(1748) 2021.05.28-16:41:03.22 - <info> (rsp)91 81 7c 0 ff ff 82 4e 19 26 0 7f 8 
(1748) 2021.05.28-16:41:03.23 - <info> (mqtt)Message_send:{ "CMD": "DIM", "DATA": { "DEVICE_UNICAST_ID": 124, "VALUE_DIM": 49 } }
(1748) 2021.05.28-16:41:03.42 - <info> (rsp)91 81 9e 0 ff ff 82 4e 7f 3f 0 7f 6 
(1748) 2021.05.28-16:41:03.42 - <info> (mqtt)Message_send:{ "CMD": "DIM", "DATA": { "DEVICE_UNICAST_ID": 158, "VALUE_DIM": 49 } }
(1748) 2021.05.28-16:41:03.67 - <info> (rsp)91 81 a4 0 ff ff 82 4e fa 5d 0 7f 3 
(1748) 2021.05.28-16:41:03.68 - <info> (mqtt)Message_send:{ "CMD": "DIM", "DATA": { "DEVICE_UNICAST_ID": 164, "VALUE_DIM": 49 } }
(1748) 2021.05.28-16:41:03.99 - <info> (rsp)91 81 66 0 ff ff 82 4e 0 7f 
(1748) 2021.05.28-16:41:04.01 - <info> (mqtt)Message_send:{ "CMD": "DIM", "DATA": { "DEVICE_UNICAST_ID": 102, "VALUE_DIM": 49 } }
(1748) 2021.05.28-16:41:04.13 - <info> (rsp)91 81 7a 0 ff ff 82 4e 0 7f 
(1748) 2021.05.28-16:41:04.14 - <info> (mqtt)Message_send:{ "CMD": "DIM", "DATA": { "DEVICE_UNICAST_ID": 122, "VALUE_DIM": 49 } }
(1748) 2021.05.28-16:41:04.54 - <info> (rsp)91 81 a6 0 ff ff 82 4e 0 7f 
(1748) 2021.05.28-16:41:04.56 - <info> (mqtt)Message_send:{ "CMD": "DIM", "DATA": { "DEVICE_UNICAST_ID": 166, "VALUE_DIM": 49 } }
(1750) 2021.05.28-16:44:09.17 - <info> (mqtt)Message_receive: {"CMD":"HAVE A MESSAGE"}
(1750) 2021.05.28-16:44:09.18 - <info> (mqtt)Message_send: HAVE A RSP
(1748) 2021.05.28-16:46:26.26 - <info> (rsp)91 8f 92 0 1 0 5 7 0 
(1748) 2021.05.28-16:46:26.27 - <info> (mqtt)Message_send:{ "CMD": "STATUS_ONLINE", "DATA": { "DEVICE_UNICAST_ID": 146 } }
(1748) 2021.05.28-16:46:26.37 - <info> (rsp)91 8f 94 0 1 0 5 7 0 
(1748) 2021.05.28-16:46:26.38 - <info> (mqtt)Message_send:{ "CMD": "STATUS_ONLINE", "DATA": { "DEVICE_UNICAST_ID": 148 } }
(1748) 2021.05.28-16:46:26.39 - <info> (rsp)91 8f 6c 0 1 0 5 7 0 
(1748) 2021.05.28-16:46:26.40 - <info> (mqtt)Message_send:{ "CMD": "STATUS_ONLINE", "DATA": { "DEVICE_UNICAST_ID": 108 } }
(1748) 2021.05.28-16:46:26.41 - <info> (rsp)91 8f 84 0 1 0 5 7 0 
(1748) 2021.05.28-16:46:26.43 - <info> (mqtt)Message_send:{ "CMD": "STATUS_ONLINE", "DATA": { "DEVICE_UNICAST_ID": 132 } }
(1748) 2021.05.28-16:46:26.44 - <info> (rsp)91 8f 8c 0 1 0 5 7 0 
(1748) 2021.05.28-16:46:26.45 - <info> (mqtt)Message_send:{ "CMD": "STATUS_ONLINE", "DATA": { "DEVICE_UNICAST_ID": 140 } }
(1748) 2021.05.28-16:46:26.46 - <info> (rsp)91 8f 82 0 1 0 5 7 0 
(1748) 2021.05.28-16:46:26.47 - <info> (mqtt)Message_send:{ "CMD": "STATUS_ONLINE", "DATA": { "DEVICE_UNICAST_ID": 130 } }
(1748) 2021.05.28-16:46:26.49 - <info> (rsp)91 8f 5d 0 1 0 5 7 0 
(1748) 2021.05.28-16:46:26.50 - <info> (mqtt)Message_send:{ "CMD": "STATUS_ONLINE", "DATA": { "DEVICE_UNICAST_ID": 93 } }
(1748) 2021.05.28-16:46:26.53 - <info> (rsp)91 8f 68 0 1 0 5 7 0 
(1748) 2021.05.28-16:46:26.53 - <info> (mqtt)Message_send:{ "CMD": "STATUS_ONLINE", "DATA": { "DEVICE_UNICAST_ID": 104 } }
(1748) 2021.05.28-16:46:26.56 - <info> (rsp)91 8f 74 0 1 0 5 7 0 
(1748) 2021.05.28-16:46:26.56 - <info> (mqtt)Message_send:{ "CMD": "STATUS_ONLINE", "DATA": { "DEVICE_UNICAST_ID": 116 } }
(1748) 2021.05.28-16:46:26.75 - <info> (rsp)91 8f 64 0 1 0 5 7 0 
(1748) 2021.05.28-16:46:26.75 - <info> (mqtt)Message_send:{ "CMD": "STATUS_ONLINE", "DATA": { "DEVICE_UNICAST_ID": 100 } }
(1748) 2021.05.28-16:46:26.77 - <info> (rsp)91 8f 6a 0 1 0 5 7 0 
(1748) 2021.05.28-16:46:26.78 - <info> (mqtt)Message_send:{ "CMD": "STATUS_ONLINE", "DATA": { "DEVICE_UNICAST_ID": 106 } }
(1748) 2021.05.28-16:46:26.86 - <info> (rsp)91 8f 90 0 1 0 5 7 0 
(1748) 2021.05.28-16:46:26.91 - <info> (mqtt)Message_send:{ "CMD": "STATUS_ONLINE", "DATA": { "DEVICE_UNICAST_ID": 144 } }
(1748) 2021.05.28-16:46:26.94 - <info> (rsp)91 8f 8e 0 1 0 5 7 0 
(1748) 2021.05.28-16:46:26.95 - <info> (mqtt)Message_send:{ "CMD": "STATUS_ONLINE", "DATA": { "DEVICE_UNICAST_ID": 142 } }
(1748) 2021.05.28-16:46:26.96 - <info> (rsp)91 8f 86 0 1 0 5 7 0 
(1748) 2021.05.28-16:46:26.97 - <info> (mqtt)Message_send:{ "CMD": "STATUS_ONLINE", "DATA": { "DEVICE_UNICAST_ID": 134 } }
(1748) 2021.05.28-16:46:27.27 - <info> (rsp)91 8f 72 0 1 0 5 7 0 
(1748) 2021.05.28-16:46:27.28 - <info> (mqtt)Message_send:{ "CMD": "STATUS_ONLINE", "DATA": { "DEVICE_UNICAST_ID": 114 } }
(1748) 2021.05.28-16:46:27.43 - <info> (rsp)91 8f 5a 0 1 0 5 7 0 
(1748) 2021.05.28-16:46:27.45 - <info> (mqtt)Message_send:{ "CMD": "STATUS_ONLINE", "DATA": { "DEVICE_UNICAST_ID": 90 } }
(1748) 2021.05.28-16:46:27.84 - <info> (rsp)91 8f 8a 0 1 0 5 7 0 
(1748) 2021.05.28-16:46:27.85 - <info> (mqtt)Message_send:{ "CMD": "STATUS_ONLINE", "DATA": { "DEVICE_UNICAST_ID": 138 } }
(1750) 2021.05.28-16:48:10.41 - <info> (mqtt)Message_receive: {"CMD":"HAVE A MESSAGE"}
(1750) 2021.05.28-16:48:10.41 - <info> (mqtt)Message_send: HAVE A RSP
(1748) 2021.05.28-16:49:27.63 - <info> (rsp)91 81 a8 0 ff ff 82 4e 0 7f 
(1748) 2021.05.28-16:49:27.64 - <info> (mqtt)Message_send:{ "CMD": "DIM", "DATA": { "DEVICE_UNICAST_ID": 168, "VALUE_DIM": 49 } }
(1748) 2021.05.28-16:49:31.59 - <info> (rsp)91 81 a8 0 ff ff 82 4e 0 7f 
(1748) 2021.05.28-16:49:31.60 - <info> (mqtt)Message_send:{ "CMD": "DIM", "DATA": { "DEVICE_UNICAST_ID": 168, "VALUE_DIM": 49 } }
(1748) 2021.05.28-16:49:37.26 - <info> (rsp)91 81 a8 0 ff ff 82 4e 23 68 0 7f 2 
(1748) 2021.05.28-16:49:37.27 - <info> (mqtt)Message_send:{ "CMD": "DIM", "DATA": { "DEVICE_UNICAST_ID": 168, "VALUE_DIM": 49 } }
(1748) 2021.05.28-16:49:40.62 - <info> (rsp)91 81 a8 0 ff ff 82 4e 0 7f 
(1748) 2021.05.28-16:49:40.63 - <info> (mqtt)Message_send:{ "CMD": "DIM", "DATA": { "DEVICE_UNICAST_ID": 168, "VALUE_DIM": 49 } }
(1748) 2021.05.28-16:49:47.88 - <info> (rsp)91 81 a8 0 ff ff 82 4e 33 4c 0 7f 5 
(1748) 2021.05.28-16:49:47.90 - <info> (mqtt)Message_send:{ "CMD": "DIM", "DATA": { "DEVICE_UNICAST_ID": 168, "VALUE_DIM": 49 } }
(1750) 2021.05.28-16:52:09.59 - <info> (mqtt)Message_receive: {"CMD":"HAVE A MESSAGE"}
(1750) 2021.05.28-16:52:09.60 - <info> (mqtt)Message_send: HAVE A RSP
(1750) 2021.05.28-16:56:09.17 - <info> (mqtt)Message_receive: {"CMD":"HAVE A MESSAGE"}
(1750) 2021.05.28-16:56:09.19 - <info> (mqtt)Message_send: HAVE A RSP
(1748) 2021.05.28-16:58:46.78 - <info> (rsp)91 81 a0 0 ff ff 82 4e eb 79 0 7f 1 
(1748) 2021.05.28-16:58:46.79 - <info> (mqtt)Message_send:{ "CMD": "DIM", "DATA": { "DEVICE_UNICAST_ID": 160, "VALUE_DIM": 49 } }
(1748) 2021.05.28-16:58:49.30 - <info> (rsp)91 81 a0 0 ff ff 82 4e 0 7f 
(1748) 2021.05.28-16:58:49.31 - <info> (mqtt)Message_send:{ "CMD": "DIM", "DATA": { "DEVICE_UNICAST_ID": 160, "VALUE_DIM": 49 } }
(1748) 2021.05.28-16:58:54.44 - <info> (rsp)91 81 a0 0 ff ff 82 4e 0 7f 
(1748) 2021.05.28-16:58:54.44 - <info> (mqtt)Message_send:{ "CMD": "DIM", "DATA": { "DEVICE_UNICAST_ID": 160, "VALUE_DIM": 49 } }
(1748) 2021.05.28-16:59:02.20 - <info> (rsp)91 81 a0 0 ff ff 82 4e 8f 23 0 7f 8 
(1748) 2021.05.28-16:59:02.21 - <info> (mqtt)Message_send:{ "CMD": "DIM", "DATA": { "DEVICE_UNICAST_ID": 160, "VALUE_DIM": 49 } }
(1750) 2021.05.28-17:00:09.18 - <info> (mqtt)Message_receive: {"CMD":"HAVE A MESSAGE"}
(1750) 2021.05.28-17:00:09.18 - <info> (mqtt)Message_send: HAVE A RSP
(1748) 2021.05.28-17:03:30.32 - <info> (rsp)91 8f 92 0 1 0 5 7 0 
(1748) 2021.05.28-17:03:30.33 - <info> (mqtt)Message_send:{ "CMD": "STATUS_ONLINE", "DATA": { "DEVICE_UNICAST_ID": 146 } }
(1748) 2021.05.28-17:03:30.36 - <info> (rsp)91 8f 5d 0 1 0 5 7 0 
(1748) 2021.05.28-17:03:30.38 - <info> (mqtt)Message_send:{ "CMD": "STATUS_ONLINE", "DATA": { "DEVICE_UNICAST_ID": 93 } }
(1748) 2021.05.28-17:03:30.55 - <info> (rsp)91 8f 72 0 1 0 5 7 0 
(1748) 2021.05.28-17:03:30.56 - <info> (mqtt)Message_send:{ "CMD": "STATUS_ONLINE", "DATA": { "DEVICE_UNICAST_ID": 114 } }
(1748) 2021.05.28-17:03:30.65 - <info> (rsp)91 8f 86 0 1 0 5 7 0 
(1748) 2021.05.28-17:03:30.66 - <info> (mqtt)Message_send:{ "CMD": "STATUS_ONLINE", "DATA": { "DEVICE_UNICAST_ID": 134 } }
(1748) 2021.05.28-17:03:30.67 - <info> (rsp)91 8f 64 0 1 0 5 7 0 
(1748) 2021.05.28-17:03:30.68 - <info> (mqtt)Message_send:{ "CMD": "STATUS_ONLINE", "DATA": { "DEVICE_UNICAST_ID": 100 } }
(1748) 2021.05.28-17:03:30.69 - <info> (rsp)91 8f 82 0 1 0 5 7 0 
(1748) 2021.05.28-17:03:30.70 - <info> (mqtt)Message_send:{ "CMD": "STATUS_ONLINE", "DATA": { "DEVICE_UNICAST_ID": 130 } }
(1748) 2021.05.28-17:03:30.74 - <info> (rsp)91 8f 74 0 1 0 5 7 0 
(1748) 2021.05.28-17:03:30.74 - <info> (mqtt)Message_send:{ "CMD": "STATUS_ONLINE", "DATA": { "DEVICE_UNICAST_ID": 116 } }
(1748) 2021.05.28-17:03:30.76 - <info> (rsp)91 8f 6a 0 1 0 5 7 0 
(1748) 2021.05.28-17:03:30.78 - <info> (mqtt)Message_send:{ "CMD": "STATUS_ONLINE", "DATA": { "DEVICE_UNICAST_ID": 106 } }
(1748) 2021.05.28-17:03:30.89 - <info> (rsp)91 8f 84 0 1 0 5 7 0 
(1748) 2021.05.28-17:03:30.90 - <info> (mqtt)Message_send:{ "CMD": "STATUS_ONLINE", "DATA": { "DEVICE_UNICAST_ID": 132 } }
(1748) 2021.05.28-17:03:30.91 - <info> (rsp)91 8f 8c 0 1 0 5 7 0 
(1748) 2021.05.28-17:03:30.93 - <info> (mqtt)Message_send:{ "CMD": "STATUS_ONLINE", "DATA": { "DEVICE_UNICAST_ID": 140 } }
(1748) 2021.05.28-17:03:30.94 - <info> (rsp)91 8f 90 0 1 0 5 7 0 
(1748) 2021.05.28-17:03:30.95 - <info> (mqtt)Message_send:{ "CMD": "STATUS_ONLINE", "DATA": { "DEVICE_UNICAST_ID": 144 } }
(1748) 2021.05.28-17:03:31.23 - <info> (rsp)91 8f 94 0 1 0 5 7 0 
(1748) 2021.05.28-17:03:31.24 - <info> (mqtt)Message_send:{ "CMD": "STATUS_ONLINE", "DATA": { "DEVICE_UNICAST_ID": 148 } }
(1748) 2021.05.28-17:03:31.31 - <info> (rsp)91 8f 8e 0 1 0 5 7 0 
(1748) 2021.05.28-17:03:31.34 - <info> (mqtt)Message_send:{ "CMD": "STATUS_ONLINE", "DATA": { "DEVICE_UNICAST_ID": 142 } }
(1748) 2021.05.28-17:03:31.35 - <info> (rsp)91 8f 68 0 1 0 5 7 0 
(1748) 2021.05.28-17:03:31.36 - <info> (mqtt)Message_send:{ "CMD": "STATUS_ONLINE", "DATA": { "DEVICE_UNICAST_ID": 104 } }
(1748) 2021.05.28-17:03:31.60 - <info> (rsp)91 8f 5a 0 1 0 5 7 0 
(1748) 2021.05.28-17:03:31.60 - <info> (mqtt)Message_send:{ "CMD": "STATUS_ONLINE", "DATA": { "DEVICE_UNICAST_ID": 90 } }
(1750) 2021.05.28-17:04:09.17 - <info> (mqtt)Message_receive: {"CMD":"HAVE A MESSAGE"}
(1750) 2021.05.28-17:04:09.18 - <info> (mqtt)Message_send: HAVE A RSP
(1750) 2021.05.28-17:08:09.20 - <info> (mqtt)Message_receive: {"CMD":"HAVE A MESSAGE"}
(1750) 2021.05.28-17:08:09.23 - <info> (mqtt)Message_send: HAVE A RSP
(1750) 2021.05.28-17:12:09.17 - <info> (mqtt)Message_receive: {"CMD":"HAVE A MESSAGE"}
(1750) 2021.05.28-17:12:09.18 - <info> (mqtt)Message_send: HAVE A RSP
(1750) 2021.05.28-17:16:09.18 - <info> (mqtt)Message_receive: {"CMD":"HAVE A MESSAGE"}
(1750) 2021.05.28-17:16:09.19 - <info> (mqtt)Message_send: HAVE A RSP
(1750) 2021.05.28-17:20:09.19 - <info> (mqtt)Message_receive: {"CMD":"HAVE A MESSAGE"}
(1750) 2021.05.28-17:20:09.20 - <info> (mqtt)Message_send: HAVE A RSP
(1748) 2021.05.28-17:20:34.40 - <info> (rsp)91 8f 92 0 1 0 5 7 0 
(1748) 2021.05.28-17:20:34.40 - <info> (mqtt)Message_send:{ "CMD": "STATUS_ONLINE", "DATA": { "DEVICE_UNICAST_ID": 146 } }
(1748) 2021.05.28-17:20:34.48 - <info> (rsp)91 8f 6c 0 1 0 5 7 0 
(1748) 2021.05.28-17:20:34.48 - <info> (mqtt)Message_send:{ "CMD": "STATUS_ONLINE", "DATA": { "DEVICE_UNICAST_ID": 108 } }
(1748) 2021.05.28-17:20:34.50 - <info> (rsp)91 8f 86 0 1 0 5 7 0 
(1748) 2021.05.28-17:20:34.51 - <info> (mqtt)Message_send:{ "CMD": "STATUS_ONLINE", "DATA": { "DEVICE_UNICAST_ID": 134 } }
(1748) 2021.05.28-17:20:34.52 - <info> (rsp)91 8f 8c 0 1 0 5 7 0 
(1748) 2021.05.28-17:20:34.54 - <info> (mqtt)Message_send:{ "CMD": "STATUS_ONLINE", "DATA": { "DEVICE_UNICAST_ID": 140 } }
(1748) 2021.05.28-17:20:34.59 - <info> (rsp)91 8f 8a 0 1 0 5 7 0 
(1748) 2021.05.28-17:20:34.60 - <info> (mqtt)Message_send:{ "CMD": "STATUS_ONLINE", "DATA": { "DEVICE_UNICAST_ID": 138 } }
(1748) 2021.05.28-17:20:34.63 - <info> (rsp)91 8f 72 0 1 0 5 7 0 
(1748) 2021.05.28-17:20:34.68 - <info> (mqtt)Message_send:{ "CMD": "STATUS_ONLINE", "DATA": { "DEVICE_UNICAST_ID": 114 } }
(1748) 2021.05.28-17:20:34.71 - <info> (rsp)91 8f 6a 0 1 0 5 7 0 
(1748) 2021.05.28-17:20:34.71 - <info> (mqtt)Message_send:{ "CMD": "STATUS_ONLINE", "DATA": { "DEVICE_UNICAST_ID": 106 } }
(1748) 2021.05.28-17:20:34.72 - <info> (rsp)91 8f 68 0 1 0 5 7 0 
(1748) 2021.05.28-17:20:34.73 - <info> (mqtt)Message_send:{ "CMD": "STATUS_ONLINE", "DATA": { "DEVICE_UNICAST_ID": 104 } }
(1748) 2021.05.28-17:20:34.76 - <info> (rsp)91 8f 5d 0 1 0 5 7 0 
(1748) 2021.05.28-17:20:34.77 - <info> (mqtt)Message_send:{ "CMD": "STATUS_ONLINE", "DATA": { "DEVICE_UNICAST_ID": 93 } }
(1748) 2021.05.28-17:20:34.78 - <info> (rsp)91 8f 74 0 1 0 5 7 0 
(1748) 2021.05.28-17:20:34.79 - <info> (mqtt)Message_send:{ "CMD": "STATUS_ONLINE", "DATA": { "DEVICE_UNICAST_ID": 116 } }
(1748) 2021.05.28-17:20:34.98 - <info> (rsp)91 8f 8e 0 1 0 5 7 0 
(1748) 2021.05.28-17:20:34.98 - <info> (mqtt)Message_send:{ "CMD": "STATUS_ONLINE", "DATA": { "DEVICE_UNICAST_ID": 142 } }
(1748) 2021.05.28-17:20:35.04 - <info> (rsp)91 8f 84 0 1 0 5 7 0 
(1748) 2021.05.28-17:20:35.05 - <info> (mqtt)Message_send:{ "CMD": "STATUS_ONLINE", "DATA": { "DEVICE_UNICAST_ID": 132 } }
(1748) 2021.05.28-17:20:35.06 - <info> (rsp)91 8f 90 0 1 0 5 7 0 
(1748) 2021.05.28-17:20:35.06 - <info> (mqtt)Message_send:{ "CMD": "STATUS_ONLINE", "DATA": { "DEVICE_UNICAST_ID": 144 } }
(1748) 2021.05.28-17:20:35.08 - <info> (rsp)91 8f 82 0 1 0 5 7 0 
(1748) 2021.05.28-17:20:35.09 - <info> (mqtt)Message_send:{ "CMD": "STATUS_ONLINE", "DATA": { "DEVICE_UNICAST_ID": 130 } }
(1748) 2021.05.28-17:20:35.27 - <info> (rsp)91 8f 64 0 1 0 5 7 0 
(1748) 2021.05.28-17:20:35.27 - <info> (mqtt)Message_send:{ "CMD": "STATUS_ONLINE", "DATA": { "DEVICE_UNICAST_ID": 100 } }
(1748) 2021.05.28-17:20:35.39 - <info> (rsp)91 8f 94 0 1 0 5 7 0 
(1748) 2021.05.28-17:20:35.39 - <info> (mqtt)Message_send:{ "CMD": "STATUS_ONLINE", "DATA": { "DEVICE_UNICAST_ID": 148 } }
(1750) 2021.05.28-17:24:09.18 - <info> (mqtt)Message_receive: {"CMD":"HAVE A MESSAGE"}
(1750) 2021.05.28-17:24:09.19 - <info> (mqtt)Message_send: HAVE A RSP
(1750) 2021.05.28-17:28:11.03 - <info> (mqtt)Message_receive: {"CMD":"HAVE A MESSAGE"}
(1750) 2021.05.28-17:28:11.03 - <info> (mqtt)Message_send: HAVE A RSP
(1750) 2021.05.28-17:32:10.00 - <info> (mqtt)Message_receive: {"CMD":"HAVE A MESSAGE"}
(1750) 2021.05.28-17:32:10.00 - <info> (mqtt)Message_send: HAVE A RSP
(1750) 2021.05.28-17:36:09.18 - <info> (mqtt)Message_receive: {"CMD":"HAVE A MESSAGE"}
(1750) 2021.05.28-17:36:09.20 - <info> (mqtt)Message_send: HAVE A RSP
(1748) 2021.05.28-17:37:38.45 - <info> (rsp)91 8f 92 0 1 0 5 7 0 
(1748) 2021.05.28-17:37:38.46 - <info> (mqtt)Message_send:{ "CMD": "STATUS_ONLINE", "DATA": { "DEVICE_UNICAST_ID": 146 } }
(1748) 2021.05.28-17:37:38.51 - <info> (rsp)91 8f 86 0 1 0 5 7 0 
(1748) 2021.05.28-17:37:38.52 - <info> (mqtt)Message_send:{ "CMD": "STATUS_ONLINE", "DATA": { "DEVICE_UNICAST_ID": 134 } }
(1748) 2021.05.28-17:37:38.56 - <info> (rsp)91 8f 5d 0 1 0 5 7 0 
(1748) 2021.05.28-17:37:38.58 - <info> (mqtt)Message_send:{ "CMD": "STATUS_ONLINE", "DATA": { "DEVICE_UNICAST_ID": 93 } }
(1748) 2021.05.28-17:37:38.66 - <info> (rsp)91 8f 68 0 1 0 5 7 0 
(1748) 2021.05.28-17:37:38.67 - <info> (mqtt)Message_send:{ "CMD": "STATUS_ONLINE", "DATA": { "DEVICE_UNICAST_ID": 104 } }
(1748) 2021.05.28-17:37:38.68 - <info> (rsp)91 8f 8c 0 1 0 5 7 0 
(1748) 2021.05.28-17:37:38.69 - <info> (mqtt)Message_send:{ "CMD": "STATUS_ONLINE", "DATA": { "DEVICE_UNICAST_ID": 140 } }
(1748) 2021.05.28-17:37:38.72 - <info> (rsp)91 8f 6c 0 1 0 5 7 0 
(1748) 2021.05.28-17:37:38.72 - <info> (mqtt)Message_send:{ "CMD": "STATUS_ONLINE", "DATA": { "DEVICE_UNICAST_ID": 108 } }
(1748) 2021.05.28-17:37:38.74 - <info> (rsp)91 8f 64 0 1 0 5 7 0 
(1748) 2021.05.28-17:37:38.75 - <info> (mqtt)Message_send:{ "CMD": "STATUS_ONLINE", "DATA": { "DEVICE_UNICAST_ID": 100 } }
(1748) 2021.05.28-17:37:38.76 - <info> (rsp)91 8f 8e 0 1 0 5 7 0 
(1748) 2021.05.28-17:37:38.77 - <info> (mqtt)Message_send:{ "CMD": "STATUS_ONLINE", "DATA": { "DEVICE_UNICAST_ID": 142 } }
(1748) 2021.05.28-17:37:38.85 - <info> (rsp)91 8f 82 0 1 0 5 7 0 
(1748) 2021.05.28-17:37:38.86 - <info> (mqtt)Message_send:{ "CMD": "STATUS_ONLINE", "DATA": { "DEVICE_UNICAST_ID": 130 } }
(1748) 2021.05.28-17:37:39.23 - <info> (rsp)91 8f 5a 0 1 0 5 7 0 
(1748) 2021.05.28-17:37:39.24 - <info> (mqtt)Message_send:{ "CMD": "STATUS_ONLINE", "DATA": { "DEVICE_UNICAST_ID": 90 } }
(1748) 2021.05.28-17:37:39.25 - <info> (rsp)91 8f 8a 0 1 0 5 7 0 
(1748) 2021.05.28-17:37:39.26 - <info> (mqtt)Message_send:{ "CMD": "STATUS_ONLINE", "DATA": { "DEVICE_UNICAST_ID": 138 } }
(1748) 2021.05.28-17:37:39.30 - <info> (rsp)91 8f 72 0 1 0 5 7 0 
(1748) 2021.05.28-17:37:39.33 - <info> (mqtt)Message_send:{ "CMD": "STATUS_ONLINE", "DATA": { "DEVICE_UNICAST_ID": 114 } }
(1748) 2021.05.28-17:37:39.34 - <info> (rsp)91 8f 74 0 1 0 5 7 0 
(1748) 2021.05.28-17:37:39.35 - <info> (mqtt)Message_send:{ "CMD": "STATUS_ONLINE", "DATA": { "DEVICE_UNICAST_ID": 116 } }
(1748) 2021.05.28-17:37:39.36 - <info> (rsp)91 8f 90 0 1 0 5 7 0 
(1748) 2021.05.28-17:37:39.37 - <info> (mqtt)Message_send:{ "CMD": "STATUS_ONLINE", "DATA": { "DEVICE_UNICAST_ID": 144 } }
(1748) 2021.05.28-17:37:39.43 - <info> (rsp)91 8f 84 0 1 0 5 7 0 
(1748) 2021.05.28-17:37:39.44 - <info> (mqtt)Message_send:{ "CMD": "STATUS_ONLINE", "DATA": { "DEVICE_UNICAST_ID": 132 } }
(1748) 2021.05.28-17:37:39.55 - <info> (rsp)91 8f 6a 0 1 0 5 7 0 
(1748) 2021.05.28-17:37:39.57 - <info> (mqtt)Message_send:{ "CMD": "STATUS_ONLINE", "DATA": { "DEVICE_UNICAST_ID": 106 } }
(1748) 2021.05.28-17:37:39.72 - <info> (rsp)91 8f 94 0 1 0 5 7 0 
(1748) 2021.05.28-17:37:39.72 - <info> (mqtt)Message_send:{ "CMD": "STATUS_ONLINE", "DATA": { "DEVICE_UNICAST_ID": 148 } }
(1750) 2021.05.28-17:40:09.18 - <info> (mqtt)Message_receive: {"CMD":"HAVE A MESSAGE"}
(1750) 2021.05.28-17:40:09.19 - <info> (mqtt)Message_send: HAVE A RSP
(1750) 2021.05.28-17:44:09.65 - <info> (mqtt)Message_receive: {"CMD":"HAVE A MESSAGE"}
(1750) 2021.05.28-17:44:09.66 - <info> (mqtt)Message_send: HAVE A RSP
(1750) 2021.05.28-17:48:09.88 - <info> (mqtt)Message_receive: {"CMD":"HAVE A MESSAGE"}
(1750) 2021.05.28-17:48:09.89 - <info> (mqtt)Message_send: HAVE A RSP
(1750) 2021.05.28-17:52:09.20 - <info> (mqtt)Message_receive: {"CMD":"HAVE A MESSAGE"}
(1750) 2021.05.28-17:52:09.20 - <info> (mqtt)Message_send: HAVE A RSP
(1748) 2021.05.28-17:54:42.52 - <info> (rsp)91 8f 92 0 1 0 5 7 0 
(1748) 2021.05.28-17:54:42.54 - <info> (mqtt)Message_send:{ "CMD": "STATUS_ONLINE", "DATA": { "DEVICE_UNICAST_ID": 146 } }
(1748) 2021.05.28-17:54:42.61 - <info> (rsp)91 8f 94 0 1 0 5 7 0 
(1748) 2021.05.28-17:54:42.62 - <info> (mqtt)Message_send:{ "CMD": "STATUS_ONLINE", "DATA": { "DEVICE_UNICAST_ID": 148 } }
(1748) 2021.05.28-17:54:42.63 - <info> (rsp)91 8f 86 0 1 0 5 7 0 
(1748) 2021.05.28-17:54:42.64 - <info> (mqtt)Message_send:{ "CMD": "STATUS_ONLINE", "DATA": { "DEVICE_UNICAST_ID": 134 } }
(1748) 2021.05.28-17:54:42.66 - <info> (rsp)91 8f 5a 0 1 0 5 7 0 
(1748) 2021.05.28-17:54:42.67 - <info> (mqtt)Message_send:{ "CMD": "STATUS_ONLINE", "DATA": { "DEVICE_UNICAST_ID": 90 } }
(1748) 2021.05.28-17:54:42.71 - <info> (rsp)91 8f 8c 0 1 0 5 7 0 
(1748) 2021.05.28-17:54:42.72 - <info> (mqtt)Message_send:{ "CMD": "STATUS_ONLINE", "DATA": { "DEVICE_UNICAST_ID": 140 } }
(1748) 2021.05.28-17:54:42.79 - <info> (rsp)91 8f 5d 0 1 0 5 7 0 
(1748) 2021.05.28-17:54:42.81 - <info> (mqtt)Message_send:{ "CMD": "STATUS_ONLINE", "DATA": { "DEVICE_UNICAST_ID": 93 } }
(1748) 2021.05.28-17:54:42.82 - <info> (rsp)91 8f 64 0 1 0 5 7 0 
(1748) 2021.05.28-17:54:42.85 - <info> (mqtt)Message_send:{ "CMD": "STATUS_ONLINE", "DATA": { "DEVICE_UNICAST_ID": 100 } }
(1748) 2021.05.28-17:54:42.85 - <info> (rsp)91 8f 6c 0 1 0 5 7 0 
(1748) 2021.05.28-17:54:42.87 - <info> (mqtt)Message_send:{ "CMD": "STATUS_ONLINE", "DATA": { "DEVICE_UNICAST_ID": 108 } }
(1748) 2021.05.28-17:54:42.92 - <info> (rsp)91 8f 74 0 1 0 5 7 0 
(1748) 2021.05.28-17:54:42.95 - <info> (mqtt)Message_send:{ "CMD": "STATUS_ONLINE", "DATA": { "DEVICE_UNICAST_ID": 116 } }
(1748) 2021.05.28-17:54:43.01 - <info> (rsp)91 8f 82 0 1 0 5 7 0 
(1748) 2021.05.28-17:54:43.02 - <info> (mqtt)Message_send:{ "CMD": "STATUS_ONLINE", "DATA": { "DEVICE_UNICAST_ID": 130 } }
(1748) 2021.05.28-17:54:43.03 - <info> (rsp)91 8f 8a 0 1 0 5 7 0 
(1748) 2021.05.28-17:54:43.03 - <info> (mqtt)Message_send:{ "CMD": "STATUS_ONLINE", "DATA": { "DEVICE_UNICAST_ID": 138 } }
(1748) 2021.05.28-17:54:43.05 - <info> (rsp)91 8f 72 0 1 0 5 7 0 
(1748) 2021.05.28-17:54:43.06 - <info> (mqtt)Message_send:{ "CMD": "STATUS_ONLINE", "DATA": { "DEVICE_UNICAST_ID": 114 } }
(1748) 2021.05.28-17:54:43.07 - <info> (rsp)91 8f 84 0 1 0 5 7 0 
(1748) 2021.05.28-17:54:43.09 - <info> (mqtt)Message_send:{ "CMD": "STATUS_ONLINE", "DATA": { "DEVICE_UNICAST_ID": 132 } }
(1748) 2021.05.28-17:54:43.10 - <info> (rsp)91 8f 6a 0 1 0 5 7 0 
(1748) 2021.05.28-17:54:43.10 - <info> (mqtt)Message_send:{ "CMD": "STATUS_ONLINE", "DATA": { "DEVICE_UNICAST_ID": 106 } }
(1748) 2021.05.28-17:54:43.12 - <info> (rsp)91 8f 8e 0 1 0 5 7 0 
(1748) 2021.05.28-17:54:43.13 - <info> (mqtt)Message_send:{ "CMD": "STATUS_ONLINE", "DATA": { "DEVICE_UNICAST_ID": 142 } }
(1748) 2021.05.28-17:54:43.33 - <info> (rsp)91 8f 90 0 1 0 5 7 0 
(1748) 2021.05.28-17:54:43.35 - <info> (mqtt)Message_send:{ "CMD": "STATUS_ONLINE", "DATA": { "DEVICE_UNICAST_ID": 144 } }
(1748) 2021.05.28-17:54:43.43 - <info> (rsp)91 8f 68 0 1 0 5 7 0 
(1748) 2021.05.28-17:54:43.43 - <info> (mqtt)Message_send:{ "CMD": "STATUS_ONLINE", "DATA": { "DEVICE_UNICAST_ID": 104 } }
(1750) 2021.05.28-17:56:09.20 - <info> (mqtt)Message_receive: {"CMD":"HAVE A MESSAGE"}
(1750) 2021.05.28-17:56:09.20 - <info> (mqtt)Message_send: HAVE A RSP
(1750) 2021.05.28-18:00:09.20 - <info> (mqtt)Message_receive: {"CMD":"HAVE A MESSAGE"}
(1750) 2021.05.28-18:00:09.21 - <info> (mqtt)Message_send: HAVE A RSP
(1750) 2021.05.28-18:04:51.54 - <info> (mqtt)Message_receive: {"CMD":"HAVE A MESSAGE"}
(1750) 2021.05.28-18:04:51.56 - <info> (mqtt)Message_send: HAVE A RSP
(1750) 2021.05.28-18:08:09.19 - <info> (mqtt)Message_receive: {"CMD":"HAVE A MESSAGE"}
(1750) 2021.05.28-18:08:09.21 - <info> (mqtt)Message_send: HAVE A RSP
(1748) 2021.05.28-18:11:46.64 - <info> (rsp)91 8f 5d 0 1 0 5 7 0 
(1748) 2021.05.28-18:11:46.66 - <info> (mqtt)Message_send:{ "CMD": "STATUS_ONLINE", "DATA": { "DEVICE_UNICAST_ID": 93 } }
(1748) 2021.05.28-18:11:46.67 - <info> (rsp)91 8f 92 0 1 0 5 7 0 
(1748) 2021.05.28-18:11:46.70 - <info> (mqtt)Message_send:{ "CMD": "STATUS_ONLINE", "DATA": { "DEVICE_UNICAST_ID": 146 } }
(1748) 2021.05.28-18:11:46.71 - <info> (rsp)91 8f 94 0 1 0 5 7 0 
(1748) 2021.05.28-18:11:46.71 - <info> (mqtt)Message_send:{ "CMD": "STATUS_ONLINE", "DATA": { "DEVICE_UNICAST_ID": 148 } }
(1748) 2021.05.28-18:11:46.75 - <info> (rsp)91 8f 82 0 1 0 5 7 0 
(1748) 2021.05.28-18:11:46.76 - <info> (mqtt)Message_send:{ "CMD": "STATUS_ONLINE", "DATA": { "DEVICE_UNICAST_ID": 130 } }
(1748) 2021.05.28-18:11:46.81 - <info> (rsp)91 8f 8c 0 1 0 5 7 0 
(1748) 2021.05.28-18:11:46.83 - <info> (mqtt)Message_send:{ "CMD": "STATUS_ONLINE", "DATA": { "DEVICE_UNICAST_ID": 140 } }
(1748) 2021.05.28-18:11:46.85 - <info> (rsp)91 8f 90 0 1 0 5 7 0 
(1748) 2021.05.28-18:11:46.86 - <info> (mqtt)Message_send:{ "CMD": "STATUS_ONLINE", "DATA": { "DEVICE_UNICAST_ID": 144 } }
(1748) 2021.05.28-18:11:46.89 - <info> (rsp)91 8f 72 0 1 0 5 7 0 
(1748) 2021.05.28-18:11:46.90 - <info> (mqtt)Message_send:{ "CMD": "STATUS_ONLINE", "DATA": { "DEVICE_UNICAST_ID": 114 } }
(1748) 2021.05.28-18:11:46.91 - <info> (rsp)91 8f 86 0 1 0 5 7 0 
(1748) 2021.05.28-18:11:46.92 - <info> (mqtt)Message_send:{ "CMD": "STATUS_ONLINE", "DATA": { "DEVICE_UNICAST_ID": 134 } }
(1748) 2021.05.28-18:11:47.00 - <info> (rsp)91 8f 6c 0 1 0 5 7 0 
(1748) 2021.05.28-18:11:47.01 - <info> (mqtt)Message_send:{ "CMD": "STATUS_ONLINE", "DATA": { "DEVICE_UNICAST_ID": 108 } }
(1748) 2021.05.28-18:11:47.03 - <info> (rsp)91 8f 84 0 1 0 5 7 0 
(1748) 2021.05.28-18:11:47.03 - <info> (mqtt)Message_send:{ "CMD": "STATUS_ONLINE", "DATA": { "DEVICE_UNICAST_ID": 132 } }
(1748) 2021.05.28-18:11:47.05 - <info> (rsp)91 8f 74 0 1 0 5 7 0 
(1748) 2021.05.28-18:11:47.11 - <info> (mqtt)Message_send:{ "CMD": "STATUS_ONLINE", "DATA": { "DEVICE_UNICAST_ID": 116 } }
(1748) 2021.05.28-18:11:47.17 - <info> (rsp)91 8f 68 0 1 0 5 7 0 
(1748) 2021.05.28-18:11:47.18 - <info> (mqtt)Message_send:{ "CMD": "STATUS_ONLINE", "DATA": { "DEVICE_UNICAST_ID": 104 } }
(1748) 2021.05.28-18:11:47.26 - <info> (rsp)91 8f 8a 0 1 0 5 7 0 
(1748) 2021.05.28-18:11:47.27 - <info> (mqtt)Message_send:{ "CMD": "STATUS_ONLINE", "DATA": { "DEVICE_UNICAST_ID": 138 } }
(1748) 2021.05.28-18:11:47.33 - <info> (rsp)91 8f 5a 0 1 0 5 7 0 
(1748) 2021.05.28-18:11:47.33 - <info> (mqtt)Message_send:{ "CMD": "STATUS_ONLINE", "DATA": { "DEVICE_UNICAST_ID": 90 } }
(1748) 2021.05.28-18:11:47.40 - <info> (rsp)91 8f 6a 0 1 0 5 7 0 
(1748) 2021.05.28-18:11:47.41 - <info> (mqtt)Message_send:{ "CMD": "STATUS_ONLINE", "DATA": { "DEVICE_UNICAST_ID": 106 } }
(1748) 2021.05.28-18:11:47.55 - <info> (rsp)91 8f 8e 0 1 0 5 7 0 
(1748) 2021.05.28-18:11:47.57 - <info> (mqtt)Message_send:{ "CMD": "STATUS_ONLINE", "DATA": { "DEVICE_UNICAST_ID": 142 } }
(1748) 2021.05.28-18:11:47.87 - <info> (rsp)91 8f 64 0 1 0 5 7 0 
(1748) 2021.05.28-18:11:47.88 - <info> (mqtt)Message_send:{ "CMD": "STATUS_ONLINE", "DATA": { "DEVICE_UNICAST_ID": 100 } }
(1750) 2021.05.28-18:12:09.22 - <info> (mqtt)Message_receive: {"CMD":"HAVE A MESSAGE"}
(1750) 2021.05.28-18:12:09.22 - <info> (mqtt)Message_send: HAVE A RSP
(20996) 2021.05.28-18:18:00.53 - <info> (mqtt)192.168.93.100: Connect callback, rc=0
(20996) 2021.05.28-18:18:00.55 - <info> (mqtt)Message_send: {"CMD":"CONNECTED"}
(20996) 2021.05.28-18:20:59.38 - <info> (mqtt)Message_receive: {"CMD":"HAVE A MESSAGE"}
(20996) 2021.05.28-18:20:59.39 - <info> (mqtt)Message_send: HAVE A RSP
(20996) 2021.05.28-18:24:59.40 - <info> (mqtt)Message_receive: {"CMD":"HAVE A MESSAGE"}
(20996) 2021.05.28-18:24:59.41 - <info> (mqtt)Message_send: HAVE A RSP
(20995) 2021.05.28-18:28:50.66 - <info> (rsp)91 8f 92 0 1 0 5 7 0 
(20995) 2021.05.28-18:28:50.68 - <info> (mqtt)Message_send:{ "CMD": "STATUS_ONLINE", "DATA": { "DEVICE_UNICAST_ID": 146 } }
(20995) 2021.05.28-18:28:50.74 - <info> (rsp)91 8f 86 0 1 0 5 7 0 
(20995) 2021.05.28-18:28:50.75 - <info> (mqtt)Message_send:{ "CMD": "STATUS_ONLINE", "DATA": { "DEVICE_UNICAST_ID": 134 } }
(20995) 2021.05.28-18:28:50.77 - <info> (rsp)91 8f 5d 0 1 0 5 7 0 
(20995) 2021.05.28-18:28:50.77 - <info> (mqtt)Message_send:{ "CMD": "STATUS_ONLINE", "DATA": { "DEVICE_UNICAST_ID": 93 } }
(20995) 2021.05.28-18:28:50.82 - <info> (rsp)91 8f 5a 0 1 0 5 7 0 
(20995) 2021.05.28-18:28:50.82 - <info> (mqtt)Message_send:{ "CMD": "STATUS_ONLINE", "DATA": { "DEVICE_UNICAST_ID": 90 } }
(20995) 2021.05.28-18:28:50.84 - <info> (rsp)91 8f 68 0 1 0 5 7 0 
(20995) 2021.05.28-18:28:50.85 - <info> (mqtt)Message_send:{ "CMD": "STATUS_ONLINE", "DATA": { "DEVICE_UNICAST_ID": 104 } }
(20995) 2021.05.28-18:28:50.86 - <info> (rsp)91 8f 6c 0 1 0 5 7 0 
(20995) 2021.05.28-18:28:50.86 - <info> (mqtt)Message_send:{ "CMD": "STATUS_ONLINE", "DATA": { "DEVICE_UNICAST_ID": 108 } }
(20995) 2021.05.28-18:28:50.87 - <info> (rsp)91 8f 90 0 1 0 5 7 0 
(20995) 2021.05.28-18:28:50.88 - <info> (mqtt)Message_send:{ "CMD": "STATUS_ONLINE", "DATA": { "DEVICE_UNICAST_ID": 144 } }
(20995) 2021.05.28-18:28:50.89 - <info> (rsp)91 8f 82 0 1 0 5 7 0 
(20995) 2021.05.28-18:28:50.90 - <info> (mqtt)Message_send:{ "CMD": "STATUS_ONLINE", "DATA": { "DEVICE_UNICAST_ID": 130 } }
(20995) 2021.05.28-18:28:50.91 - <info> (rsp)91 8f 72 0 1 0 5 7 0 
(20995) 2021.05.28-18:28:50.92 - <info> (mqtt)Message_send:{ "CMD": "STATUS_ONLINE", "DATA": { "DEVICE_UNICAST_ID": 114 } }
(20995) 2021.05.28-18:28:51.05 - <info> (rsp)91 8f 8a 0 1 0 5 7 0 
(20995) 2021.05.28-18:28:51.08 - <info> (mqtt)Message_send:{ "CMD": "STATUS_ONLINE", "DATA": { "DEVICE_UNICAST_ID": 138 } }
(20995) 2021.05.28-18:28:51.09 - <info> (rsp)91 8f 8e 0 1 0 5 7 0 
(20995) 2021.05.28-18:28:51.10 - <info> (mqtt)Message_send:{ "CMD": "STATUS_ONLINE", "DATA": { "DEVICE_UNICAST_ID": 142 } }
(20995) 2021.05.28-18:28:51.11 - <info> (rsp)91 8f 74 0 1 0 5 7 0 
(20995) 2021.05.28-18:28:51.12 - <info> (mqtt)Message_send:{ "CMD": "STATUS_ONLINE", "DATA": { "DEVICE_UNICAST_ID": 116 } }
(20995) 2021.05.28-18:28:51.17 - <info> (rsp)91 8f 6a 0 1 0 5 7 0 
(20995) 2021.05.28-18:28:51.19 - <info> (mqtt)Message_send:{ "CMD": "STATUS_ONLINE", "DATA": { "DEVICE_UNICAST_ID": 106 } }
(20995) 2021.05.28-18:28:51.36 - <info> (rsp)91 8f 84 0 1 0 5 7 0 
(20995) 2021.05.28-18:28:51.37 - <info> (mqtt)Message_send:{ "CMD": "STATUS_ONLINE", "DATA": { "DEVICE_UNICAST_ID": 132 } }
(20995) 2021.05.28-18:28:51.46 - <info> (rsp)91 8f 8c 0 1 0 5 7 0 
(20995) 2021.05.28-18:28:51.47 - <info> (mqtt)Message_send:{ "CMD": "STATUS_ONLINE", "DATA": { "DEVICE_UNICAST_ID": 140 } }
(20995) 2021.05.28-18:28:51.82 - <info> (rsp)91 8f 64 0 1 0 5 7 0 
(20995) 2021.05.28-18:28:51.83 - <info> (mqtt)Message_send:{ "CMD": "STATUS_ONLINE", "DATA": { "DEVICE_UNICAST_ID": 100 } }
(20996) 2021.05.28-18:28:59.38 - <info> (mqtt)Message_receive: {"CMD":"HAVE A MESSAGE"}
(20996) 2021.05.28-18:28:59.38 - <info> (mqtt)Message_send: HAVE A RSP
(20996) 2021.05.28-18:32:59.43 - <info> (mqtt)Message_receive: {"CMD":"HAVE A MESSAGE"}
(20996) 2021.05.28-18:32:59.44 - <info> (mqtt)Message_send: HAVE A RSP
(20996) 2021.05.28-18:36:59.42 - <info> (mqtt)Message_receive: {"CMD":"HAVE A MESSAGE"}
(20996) 2021.05.28-18:36:59.44 - <info> (mqtt)Message_send: HAVE A RSP
(20996) 2021.05.28-18:40:59.51 - <info> (mqtt)Message_receive: {"CMD":"HAVE A MESSAGE"}
(20996) 2021.05.28-18:40:59.54 - <info> (mqtt)Message_send: HAVE A RSP
(20996) 2021.05.28-18:44:59.39 - <info> (mqtt)Message_receive: {"CMD":"HAVE A MESSAGE"}
(20996) 2021.05.28-18:44:59.39 - <info> (mqtt)Message_send: HAVE A RSP
(20995) 2021.05.28-18:45:54.75 - <info> (rsp)91 8f 92 0 1 0 5 7 0 
(20995) 2021.05.28-18:45:54.75 - <info> (mqtt)Message_send:{ "CMD": "STATUS_ONLINE", "DATA": { "DEVICE_UNICAST_ID": 146 } }
(20995) 2021.05.28-18:45:54.80 - <info> (rsp)91 8f 5d 0 1 0 5 7 0 
(20995) 2021.05.28-18:45:54.81 - <info> (mqtt)Message_send:{ "CMD": "STATUS_ONLINE", "DATA": { "DEVICE_UNICAST_ID": 93 } }
(20995) 2021.05.28-18:45:54.84 - <info> (rsp)91 8f 8c 0 1 0 5 7 0 
(20995) 2021.05.28-18:45:54.85 - <info> (mqtt)Message_send:{ "CMD": "STATUS_ONLINE", "DATA": { "DEVICE_UNICAST_ID": 140 } }
(20995) 2021.05.28-18:45:54.86 - <info> (rsp)91 8f 86 0 1 0 5 7 0 
(20995) 2021.05.28-18:45:54.87 - <info> (mqtt)Message_send:{ "CMD": "STATUS_ONLINE", "DATA": { "DEVICE_UNICAST_ID": 134 } }
(20995) 2021.05.28-18:45:54.89 - <info> (rsp)91 8f 8a 0 1 0 5 7 0 
(20995) 2021.05.28-18:45:54.90 - <info> (mqtt)Message_send:{ "CMD": "STATUS_ONLINE", "DATA": { "DEVICE_UNICAST_ID": 138 } }
(20995) 2021.05.28-18:45:54.93 - <info> (rsp)91 8f 72 0 1 0 5 7 0 
(20995) 2021.05.28-18:45:54.93 - <info> (mqtt)Message_send:{ "CMD": "STATUS_ONLINE", "DATA": { "DEVICE_UNICAST_ID": 114 } }
(20995) 2021.05.28-18:45:54.95 - <info> (rsp)91 8f 94 0 1 0 5 7 0 
(20995) 2021.05.28-18:45:54.98 - <info> (mqtt)Message_send:{ "CMD": "STATUS_ONLINE", "DATA": { "DEVICE_UNICAST_ID": 148 } }
(20995) 2021.05.28-18:45:54.98 - <info> (rsp)91 8f 6c 0 1 0 5 7 0 
(20995) 2021.05.28-18:45:55.00 - <info> (mqtt)Message_send:{ "CMD": "STATUS_ONLINE", "DATA": { "DEVICE_UNICAST_ID": 108 } }
(20995) 2021.05.28-18:45:55.01 - <info> (rsp)91 8f 5a 0 1 0 5 7 0 
(20995) 2021.05.28-18:45:55.02 - <info> (mqtt)Message_send:{ "CMD": "STATUS_ONLINE", "DATA": { "DEVICE_UNICAST_ID": 90 } }
(20995) 2021.05.28-18:45:55.16 - <info> (rsp)91 8f 6a 0 1 0 5 7 0 
(20995) 2021.05.28-18:45:55.16 - <info> (mqtt)Message_send:{ "CMD": "STATUS_ONLINE", "DATA": { "DEVICE_UNICAST_ID": 106 } }
(20995) 2021.05.28-18:45:55.18 - <info> (rsp)91 8f 74 0 1 0 5 7 0 
(20995) 2021.05.28-18:45:55.19 - <info> (mqtt)Message_send:{ "CMD": "STATUS_ONLINE", "DATA": { "DEVICE_UNICAST_ID": 116 } }
(20995) 2021.05.28-18:45:55.20 - <info> (rsp)91 8f 90 0 1 0 5 7 0 
(20995) 2021.05.28-18:45:55.21 - <info> (mqtt)Message_send:{ "CMD": "STATUS_ONLINE", "DATA": { "DEVICE_UNICAST_ID": 144 } }
(20995) 2021.05.28-18:45:55.22 - <info> (rsp)91 8f 68 0 1 0 5 7 0 
(20995) 2021.05.28-18:45:55.23 - <info> (mqtt)Message_send:{ "CMD": "STATUS_ONLINE", "DATA": { "DEVICE_UNICAST_ID": 104 } }
(20995) 2021.05.28-18:45:55.37 - <info> (rsp)91 8f 84 0 1 0 5 7 0 
(20995) 2021.05.28-18:45:55.52 - <info> (mqtt)Message_send:{ "CMD": "STATUS_ONLINE", "DATA": { "DEVICE_UNICAST_ID": 132 } }
(20995) 2021.05.28-18:45:55.53 - <info> (rsp)91 8f 64 0 1 0 5 7 0 
(20995) 2021.05.28-18:45:55.58 - <info> (mqtt)Message_send:{ "CMD": "STATUS_ONLINE", "DATA": { "DEVICE_UNICAST_ID": 100 } }
(20995) 2021.05.28-18:45:55.70 - <info> (rsp)91 8f 8e 0 1 0 5 7 0 
(20995) 2021.05.28-18:45:55.77 - <info> (mqtt)Message_send:{ "CMD": "STATUS_ONLINE", "DATA": { "DEVICE_UNICAST_ID": 142 } }
(20995) 2021.05.28-18:45:55.90 - <info> (rsp)91 8f 82 0 1 0 5 7 0 
(20995) 2021.05.28-18:45:55.97 - <info> (mqtt)Message_send:{ "CMD": "STATUS_ONLINE", "DATA": { "DEVICE_UNICAST_ID": 130 } }
(20996) 2021.05.28-18:48:59.39 - <info> (mqtt)Message_receive: {"CMD":"HAVE A MESSAGE"}
(20996) 2021.05.28-18:48:59.40 - <info> (mqtt)Message_send: HAVE A RSP
(20996) 2021.05.28-18:52:59.42 - <info> (mqtt)Message_receive: {"CMD":"HAVE A MESSAGE"}
(20996) 2021.05.28-18:52:59.43 - <info> (mqtt)Message_send: HAVE A RSP
(20996) 2021.05.28-18:56:59.41 - <info> (mqtt)Message_receive: {"CMD":"HAVE A MESSAGE"}
(20996) 2021.05.28-18:56:59.42 - <info> (mqtt)Message_send: HAVE A RSP
(20996) 2021.05.28-19:00:59.42 - <info> (mqtt)Message_receive: {"CMD":"HAVE A MESSAGE"}
(20996) 2021.05.28-19:00:59.43 - <info> (mqtt)Message_send: HAVE A RSP
(20995) 2021.05.28-19:02:58.82 - <info> (rsp)91 8f 92 0 1 0 5 7 0 
(20995) 2021.05.28-19:02:58.82 - <info> (mqtt)Message_send:{ "CMD": "STATUS_ONLINE", "DATA": { "DEVICE_UNICAST_ID": 146 } }
(20995) 2021.05.28-19:02:58.91 - <info> (rsp)91 8f 8c 0 1 0 5 7 0 
(20995) 2021.05.28-19:02:58.92 - <info> (mqtt)Message_send:{ "CMD": "STATUS_ONLINE", "DATA": { "DEVICE_UNICAST_ID": 140 } }
(20995) 2021.05.28-19:02:58.93 - <info> (rsp)91 8f 5d 0 1 0 5 7 0 
(20995) 2021.05.28-19:02:58.94 - <info> (mqtt)Message_send:{ "CMD": "STATUS_ONLINE", "DATA": { "DEVICE_UNICAST_ID": 93 } }
(20995) 2021.05.28-19:02:58.98 - <info> (rsp)91 8f 74 0 1 0 5 7 0 
(20995) 2021.05.28-19:02:58.99 - <info> (mqtt)Message_send:{ "CMD": "STATUS_ONLINE", "DATA": { "DEVICE_UNICAST_ID": 116 } }
(20995) 2021.05.28-19:02:58.00 - <info> (rsp)91 8f 6c 0 1 0 5 7 0 
(20995) 2021.05.28-19:02:59.01 - <info> (mqtt)Message_send:{ "CMD": "STATUS_ONLINE", "DATA": { "DEVICE_UNICAST_ID": 108 } }
(20995) 2021.05.28-19:02:59.02 - <info> (rsp)91 8f 94 0 1 0 5 7 0 
(20995) 2021.05.28-19:02:59.02 - <info> (mqtt)Message_send:{ "CMD": "STATUS_ONLINE", "DATA": { "DEVICE_UNICAST_ID": 148 } }
(20995) 2021.05.28-19:02:59.04 - <info> (rsp)91 8f 86 0 1 0 5 7 0 
(20995) 2021.05.28-19:02:59.05 - <info> (mqtt)Message_send:{ "CMD": "STATUS_ONLINE", "DATA": { "DEVICE_UNICAST_ID": 134 } }
(20995) 2021.05.28-19:02:59.07 - <info> (rsp)91 8f 90 0 1 0 5 7 0 
(20995) 2021.05.28-19:02:59.08 - <info> (mqtt)Message_send:{ "CMD": "STATUS_ONLINE", "DATA": { "DEVICE_UNICAST_ID": 144 } }
(20995) 2021.05.28-19:02:59.09 - <info> (rsp)91 8f 5a 0 1 0 5 7 0 
(20995) 2021.05.28-19:02:59.10 - <info> (mqtt)Message_send:{ "CMD": "STATUS_ONLINE", "DATA": { "DEVICE_UNICAST_ID": 90 } }
(20995) 2021.05.28-19:02:59.14 - <info> (rsp)91 8f 6a 0 1 0 5 7 0 
(20995) 2021.05.28-19:02:59.15 - <info> (mqtt)Message_send:{ "CMD": "STATUS_ONLINE", "DATA": { "DEVICE_UNICAST_ID": 106 } }
(20995) 2021.05.28-19:02:59.18 - <info> (rsp)91 8f 8a 0 1 0 5 7 0 
(20995) 2021.05.28-19:02:59.20 - <info> (mqtt)Message_send:{ "CMD": "STATUS_ONLINE", "DATA": { "DEVICE_UNICAST_ID": 138 } }
(20995) 2021.05.28-19:02:59.23 - <info> (rsp)91 8f 64 0 1 0 5 7 0 
(20995) 2021.05.28-19:02:59.24 - <info> (mqtt)Message_send:{ "CMD": "STATUS_ONLINE", "DATA": { "DEVICE_UNICAST_ID": 100 } }
(20995) 2021.05.28-19:02:59.30 - <info> (rsp)91 8f 84 0 1 0 5 7 0 
(20995) 2021.05.28-19:02:59.32 - <info> (mqtt)Message_send:{ "CMD": "STATUS_ONLINE", "DATA": { "DEVICE_UNICAST_ID": 132 } }
(20995) 2021.05.28-19:02:59.33 - <info> (rsp)91 8f 72 0 1 0 5 7 0 
(20995) 2021.05.28-19:02:59.34 - <info> (mqtt)Message_send:{ "CMD": "STATUS_ONLINE", "DATA": { "DEVICE_UNICAST_ID": 114 } }
(20995) 2021.05.28-19:02:59.40 - <info> (rsp)91 8f 8e 0 1 0 5 7 0 
(20995) 2021.05.28-19:02:59.40 - <info> (mqtt)Message_send:{ "CMD": "STATUS_ONLINE", "DATA": { "DEVICE_UNICAST_ID": 142 } }
(20995) 2021.05.28-19:02:59.61 - <info> (rsp)91 8f 82 0 1 0 5 7 0 
(20995) 2021.05.28-19:02:59.61 - <info> (mqtt)Message_send:{ "CMD": "STATUS_ONLINE", "DATA": { "DEVICE_UNICAST_ID": 130 } }
(20995) 2021.05.28-19:02:59.67 - <info> (rsp)91 8f 68 0 1 0 5 7 0 
(20995) 2021.05.28-19:02:59.69 - <info> (mqtt)Message_send:{ "CMD": "STATUS_ONLINE", "DATA": { "DEVICE_UNICAST_ID": 104 } }
(20996) 2021.05.28-19:04:59.41 - <info> (mqtt)Message_receive: {"CMD":"HAVE A MESSAGE"}
(20996) 2021.05.28-19:04:59.42 - <info> (mqtt)Message_send: HAVE A RSP
(20996) 2021.05.28-19:08:59.40 - <info> (mqtt)Message_receive: {"CMD":"HAVE A MESSAGE"}
(20996) 2021.05.28-19:08:59.42 - <info> (mqtt)Message_send: HAVE A RSP
(20996) 2021.05.28-19:12:59.40 - <info> (mqtt)Message_receive: {"CMD":"HAVE A MESSAGE"}
(20996) 2021.05.28-19:12:59.41 - <info> (mqtt)Message_send: HAVE A RSP
(20996) 2021.05.28-19:16:59.41 - <info> (mqtt)Message_receive: {"CMD":"HAVE A MESSAGE"}
(20996) 2021.05.28-19:16:59.42 - <info> (mqtt)Message_send: HAVE A RSP
(20995) 2021.05.28-19:20:02.88 - <info> (rsp)91 8f 92 0 1 0 5 7 0 
(20995) 2021.05.28-19:20:02.89 - <info> (mqtt)Message_send:{ "CMD": "STATUS_ONLINE", "DATA": { "DEVICE_UNICAST_ID": 146 } }
(20995) 2021.05.28-19:20:02.95 - <info> (rsp)91 8f 86 0 1 0 5 7 0 
(20995) 2021.05.28-19:20:02.98 - <info> (mqtt)Message_send:{ "CMD": "STATUS_ONLINE", "DATA": { "DEVICE_UNICAST_ID": 134 } }
(20995) 2021.05.28-19:20:02.99 - <info> (rsp)91 8f 8c 0 1 0 5 7 0 
(20995) 2021.05.28-19:20:03.00 - <info> (mqtt)Message_send:{ "CMD": "STATUS_ONLINE", "DATA": { "DEVICE_UNICAST_ID": 140 } }
(20995) 2021.05.28-19:20:03.14 - <info> (rsp)91 8f 82 0 1 0 5 7 0 
(20995) 2021.05.28-19:20:03.14 - <info> (mqtt)Message_send:{ "CMD": "STATUS_ONLINE", "DATA": { "DEVICE_UNICAST_ID": 130 } }
(20995) 2021.05.28-19:20:03.18 - <info> (rsp)91 8f 6c 0 1 0 5 7 0 
(20995) 2021.05.28-19:20:03.18 - <info> (mqtt)Message_send:{ "CMD": "STATUS_ONLINE", "DATA": { "DEVICE_UNICAST_ID": 108 } }
(20995) 2021.05.28-19:20:03.22 - <info> (rsp)91 8f 5d 0 1 0 5 7 0 
(20995) 2021.05.28-19:20:03.23 - <info> (mqtt)Message_send:{ "CMD": "STATUS_ONLINE", "DATA": { "DEVICE_UNICAST_ID": 93 } }
(20995) 2021.05.28-19:20:03.24 - <info> (rsp)91 8f 68 0 1 0 5 7 0 
(20995) 2021.05.28-19:20:03.25 - <info> (mqtt)Message_send:{ "CMD": "STATUS_ONLINE", "DATA": { "DEVICE_UNICAST_ID": 104 } }
(20995) 2021.05.28-19:20:03.26 - <info> (rsp)91 8f 5a 0 1 0 5 7 0 
(20995) 2021.05.28-19:20:03.27 - <info> (mqtt)Message_send:{ "CMD": "STATUS_ONLINE", "DATA": { "DEVICE_UNICAST_ID": 90 } }
(20995) 2021.05.28-19:20:03.28 - <info> (rsp)91 8f 64 0 1 0 5 7 0 
(20995) 2021.05.28-19:20:03.29 - <info> (mqtt)Message_send:{ "CMD": "STATUS_ONLINE", "DATA": { "DEVICE_UNICAST_ID": 100 } }
(20995) 2021.05.28-19:20:03.30 - <info> (rsp)91 8f 90 0 1 0 5 7 0 
(20995) 2021.05.28-19:20:03.30 - <info> (mqtt)Message_send:{ "CMD": "STATUS_ONLINE", "DATA": { "DEVICE_UNICAST_ID": 144 } }
(20995) 2021.05.28-19:20:03.32 - <info> (rsp)91 8f 6a 0 1 0 5 7 0 
(20995) 2021.05.28-19:20:03.32 - <info> (mqtt)Message_send:{ "CMD": "STATUS_ONLINE", "DATA": { "DEVICE_UNICAST_ID": 106 } }
(20995) 2021.05.28-19:20:03.34 - <info> (rsp)91 8f 94 0 1 0 5 7 0 
(20995) 2021.05.28-19:20:03.35 - <info> (mqtt)Message_send:{ "CMD": "STATUS_ONLINE", "DATA": { "DEVICE_UNICAST_ID": 148 } }
(20995) 2021.05.28-19:20:03.36 - <info> (rsp)91 8f 84 0 1 0 5 7 0 
(20995) 2021.05.28-19:20:03.37 - <info> (mqtt)Message_send:{ "CMD": "STATUS_ONLINE", "DATA": { "DEVICE_UNICAST_ID": 132 } }
(20995) 2021.05.28-19:20:03.37 - <info> (rsp)91 8f 8e 0 1 0 5 7 0 
(20995) 2021.05.28-19:20:03.38 - <info> (mqtt)Message_send:{ "CMD": "STATUS_ONLINE", "DATA": { "DEVICE_UNICAST_ID": 142 } }
(20995) 2021.05.28-19:20:03.39 - <info> (rsp)91 8f 72 0 1 0 5 7 0 
(20995) 2021.05.28-19:20:03.40 - <info> (mqtt)Message_send:{ "CMD": "STATUS_ONLINE", "DATA": { "DEVICE_UNICAST_ID": 114 } }
(20995) 2021.05.28-19:20:03.52 - <info> (rsp)91 8f 8a 0 1 0 5 7 0 
(20995) 2021.05.28-19:20:03.53 - <info> (mqtt)Message_send:{ "CMD": "STATUS_ONLINE", "DATA": { "DEVICE_UNICAST_ID": 138 } }
(20995) 2021.05.28-19:20:03.54 - <info> (rsp)91 8f 74 0 1 0 5 7 0 
(20995) 2021.05.28-19:20:03.55 - <info> (mqtt)Message_send:{ "CMD": "STATUS_ONLINE", "DATA": { "DEVICE_UNICAST_ID": 116 } }
(20996) 2021.05.28-19:20:59.39 - <info> (mqtt)Message_receive: {"CMD":"HAVE A MESSAGE"}
(20996) 2021.05.28-19:20:59.40 - <info> (mqtt)Message_send: HAVE A RSP
(20995) 2021.05.28-19:23:43.62 - <info> (rsp)91 81 8c 0 ff ff 82 4e 5 21 0 7f 8 
(20995) 2021.05.28-19:23:43.63 - <info> (mqtt)Message_send:{ "CMD": "DIM", "DATA": { "DEVICE_UNICAST_ID": 140, "VALUE_DIM": 49 } }
(20995) 2021.05.28-19:23:43.68 - <info> (rsp)91 81 68 0 ff ff 82 4e 7a 1e 0 7f 8 
(20995) 2021.05.28-19:23:43.68 - <info> (mqtt)Message_send:{ "CMD": "DIM", "DATA": { "DEVICE_UNICAST_ID": 104, "VALUE_DIM": 49 } }
(20995) 2021.05.28-19:23:43.79 - <info> (rsp)91 81 8a 0 ff ff 82 4e e1 37 0 7f 6 
(20995) 2021.05.28-19:23:43.81 - <info> (mqtt)Message_send:{ "CMD": "DIM", "DATA": { "DEVICE_UNICAST_ID": 138, "VALUE_DIM": 49 } }
(20995) 2021.05.28-19:23:43.83 - <info> (rsp)91 81 6a 0 ff ff 82 4e 7f 3f 0 7f 6 
(20995) 2021.05.28-19:23:43.84 - <info> (mqtt)Message_send:{ "CMD": "DIM", "DATA": { "DEVICE_UNICAST_ID": 106, "VALUE_DIM": 49 } }
(20995) 2021.05.28-19:23:44.12 - <info> (rsp)91 81 82 0 ff ff 82 4e f 63 0 7f 3 
(20995) 2021.05.28-19:23:44.12 - <info> (mqtt)Message_send:{ "CMD": "DIM", "DATA": { "DEVICE_UNICAST_ID": 130, "VALUE_DIM": 49 } }
(20995) 2021.05.28-19:23:44.42 - <info> (rsp)91 81 86 0 ff ff 82 4e 0 7f 
(20995) 2021.05.28-19:23:44.42 - <info> (mqtt)Message_send:{ "CMD": "DIM", "DATA": { "DEVICE_UNICAST_ID": 134, "VALUE_DIM": 49 } }
(20995) 2021.05.28-19:23:44.45 - <info> (rsp)91 81 84 0 ff ff 82 4e 0 7f 
(20995) 2021.05.28-19:23:44.46 - <info> (mqtt)Message_send:{ "CMD": "DIM", "DATA": { "DEVICE_UNICAST_ID": 132, "VALUE_DIM": 49 } }
(20995) 2021.05.28-19:23:44.47 - <info> (rsp)91 81 8e 0 ff ff 82 4e 0 7f 
(20995) 2021.05.28-19:23:44.48 - <info> (mqtt)Message_send:{ "CMD": "DIM", "DATA": { "DEVICE_UNICAST_ID": 142, "VALUE_DIM": 49 } }
(20995) 2021.05.28-19:23:44.61 - <info> (rsp)91 81 92 0 ff ff 82 4e 0 7f 
(20995) 2021.05.28-19:23:44.61 - <info> (mqtt)Message_send:{ "CMD": "DIM", "DATA": { "DEVICE_UNICAST_ID": 146, "VALUE_DIM": 49 } }
(20995) 2021.05.28-19:23:44.68 - <info> (rsp)91 81 94 0 ff ff 82 4e 0 7f 
(20995) 2021.05.28-19:23:44.69 - <info> (mqtt)Message_send:{ "CMD": "DIM", "DATA": { "DEVICE_UNICAST_ID": 148, "VALUE_DIM": 49 } }
(20995) 2021.05.28-19:23:44.75 - <info> (rsp)91 81 90 0 ff ff 82 4e 0 7f 
(20995) 2021.05.28-19:23:44.75 - <info> (mqtt)Message_send:{ "CMD": "DIM", "DATA": { "DEVICE_UNICAST_ID": 144, "VALUE_DIM": 49 } }
(20995) 2021.05.28-19:23:44.89 - <info> (rsp)91 81 74 0 ff ff 82 4e 0 7f 
(20995) 2021.05.28-19:23:44.91 - <info> (mqtt)Message_send:{ "CMD": "DIM", "DATA": { "DEVICE_UNICAST_ID": 116, "VALUE_DIM": 49 } }
(20995) 2021.05.28-19:23:44.95 - <info> (rsp)91 81 64 0 ff ff 82 4e 0 7f 
(20995) 2021.05.28-19:23:44.96 - <info> (mqtt)Message_send:{ "CMD": "DIM", "DATA": { "DEVICE_UNICAST_ID": 100, "VALUE_DIM": 49 } }
(20995) 2021.05.28-19:23:45.03 - <info> (rsp)91 81 5d 0 ff ff 82 4e 0 7f 
(20995) 2021.05.28-19:23:45.04 - <info> (mqtt)Message_send:{ "CMD": "DIM", "DATA": { "DEVICE_UNICAST_ID": 93, "VALUE_DIM": 49 } }
(20995) 2021.05.28-19:23:45.11 - <info> (rsp)91 81 72 0 ff ff 82 4e 0 7f 
(20995) 2021.05.28-19:23:45.12 - <info> (mqtt)Message_send:{ "CMD": "DIM", "DATA": { "DEVICE_UNICAST_ID": 114, "VALUE_DIM": 49 } }
(20995) 2021.05.28-19:23:45.34 - <info> (rsp)91 81 5a 0 ff ff 82 4e 0 7f 
(20995) 2021.05.28-19:23:45.35 - <info> (mqtt)Message_send:{ "CMD": "DIM", "DATA": { "DEVICE_UNICAST_ID": 90, "VALUE_DIM": 49 } }
(20995) 2021.05.28-19:23:45.39 - <info> (rsp)91 81 6c 0 ff ff 82 4e 0 7f 
(20995) 2021.05.28-19:23:45.40 - <info> (mqtt)Message_send:{ "CMD": "DIM", "DATA": { "DEVICE_UNICAST_ID": 108, "VALUE_DIM": 49 } }
(20996) 2021.05.28-19:24:59.39 - <info> (mqtt)Message_receive: {"CMD":"HAVE A MESSAGE"}
(20996) 2021.05.28-19:24:59.44 - <info> (mqtt)Message_send: HAVE A RSP
(20996) 2021.05.28-19:28:59.42 - <info> (mqtt)Message_receive: {"CMD":"HAVE A MESSAGE"}
(20996) 2021.05.28-19:28:59.42 - <info> (mqtt)Message_send: HAVE A RSP
(20996) 2021.05.28-19:33:00.06 - <info> (mqtt)Message_receive: {"CMD":"HAVE A MESSAGE"}
(20996) 2021.05.28-19:33:00.07 - <info> (mqtt)Message_send: HAVE A RSP
(20996) 2021.05.28-19:36:59.40 - <info> (mqtt)Message_receive: {"CMD":"HAVE A MESSAGE"}
(20996) 2021.05.28-19:36:59.41 - <info> (mqtt)Message_send: HAVE A RSP
