(1760) 2021.05.24-16:12:58.24 - <info> (rsp)91 8f 5a 0 1 0 5 7 0 
(1760) 2021.05.24-16:12:58.33 - <info> (mqtt)Message_send:{ "CMD": "STATUS_ONLINE", "DATA": { "DEVICE_UNICAST_ID": 90 } }
(1760) 2021.05.24-16:12:58.34 - <info> (rsp)91 8f 72 0 1 0 5 7 0 
(1760) 2021.05.24-16:12:58.34 - <info> (mqtt)Message_send:{ "CMD": "STATUS_ONLINE", "DATA": { "DEVICE_UNICAST_ID": 114 } }
(1760) 2021.05.24-16:12:58.35 - <info> (rsp)91 8f 6c 0 1 0 5 7 0 
(1760) 2021.05.24-16:12:58.36 - <info> (mqtt)Message_send:{ "CMD": "STATUS_ONLINE", "DATA": { "DEVICE_UNICAST_ID": 108 } }
(1760) 2021.05.24-16:12:58.76 - <info> (rsp)91 8f 8a 0 1 0 5 7 0 
(1760) 2021.05.24-16:12:58.76 - <info> (mqtt)Message_send:{ "CMD": "STATUS_ONLINE", "DATA": { "DEVICE_UNICAST_ID": 138 } }
(1760) 2021.05.24-16:12:58.77 - <info> (rsp)91 8f 94 0 1 0 5 7 0 
(1760) 2021.05.24-16:12:58.78 - <info> (mqtt)Message_send:{ "CMD": "STATUS_ONLINE", "DATA": { "DEVICE_UNICAST_ID": 148 } }
(1760) 2021.05.24-16:12:58.90 - <info> (rsp)91 8f 86 0 1 0 5 7 0 
(1760) 2021.05.24-16:12:58.92 - <info> (mqtt)Message_send:{ "CMD": "STATUS_ONLINE", "DATA": { "DEVICE_UNICAST_ID": 134 } }
(1760) 2021.05.24-16:12:58.92 - <info> (rsp)91 8f 92 0 1 0 5 7 0 
(1760) 2021.05.24-16:12:58.93 - <info> (mqtt)Message_send:{ "CMD": "STATUS_ONLINE", "DATA": { "DEVICE_UNICAST_ID": 146 } }
(1760) 2021.05.24-16:12:58.94 - <info> (rsp)91 8f 64 0 1 0 5 7 0 
(1760) 2021.05.24-16:12:58.95 - <info> (mqtt)Message_send:{ "CMD": "STATUS_ONLINE", "DATA": { "DEVICE_UNICAST_ID": 100 } }
(1760) 2021.05.24-16:12:58.98 - <info> (rsp)91 8f 68 0 1 0 5 7 0 
(1760) 2021.05.24-16:12:59.01 - <info> (mqtt)Message_send:{ "CMD": "STATUS_ONLINE", "DATA": { "DEVICE_UNICAST_ID": 104 } }
(1760) 2021.05.24-16:12:59.01 - <info> (rsp)91 8f 82 0 1 0 5 7 0 
(1760) 2021.05.24-16:12:59.02 - <info> (mqtt)Message_send:{ "CMD": "STATUS_ONLINE", "DATA": { "DEVICE_UNICAST_ID": 130 } }
(1760) 2021.05.24-16:12:59.03 - <info> (rsp)91 8f 5d 0 1 0 5 7 0 
(1760) 2021.05.24-16:12:59.04 - <info> (mqtt)Message_send:{ "CMD": "STATUS_ONLINE", "DATA": { "DEVICE_UNICAST_ID": 93 } }
(1760) 2021.05.24-16:12:59.08 - <info> (rsp)91 8f 84 0 1 0 5 7 0 
(1760) 2021.05.24-16:12:59.09 - <info> (mqtt)Message_send:{ "CMD": "STATUS_ONLINE", "DATA": { "DEVICE_UNICAST_ID": 132 } }
(1760) 2021.05.24-16:12:59.11 - <info> (rsp)91 8f 8c 0 1 0 5 7 0 
(1760) 2021.05.24-16:12:59.12 - <info> (mqtt)Message_send:{ "CMD": "STATUS_ONLINE", "DATA": { "DEVICE_UNICAST_ID": 140 } }
(1760) 2021.05.24-16:12:59.16 - <info> (rsp)91 8f 6a 0 1 0 5 7 0 
(1760) 2021.05.24-16:12:59.18 - <info> (mqtt)Message_send:{ "CMD": "STATUS_ONLINE", "DATA": { "DEVICE_UNICAST_ID": 106 } }
(1760) 2021.05.24-16:12:59.20 - <info> (rsp)91 8f 90 0 1 0 5 7 0 
(1760) 2021.05.24-16:12:59.21 - <info> (mqtt)Message_send:{ "CMD": "STATUS_ONLINE", "DATA": { "DEVICE_UNICAST_ID": 144 } }
(1760) 2021.05.24-16:12:59.42 - <info> (rsp)91 8f 8e 0 1 0 5 7 0 
(1760) 2021.05.24-16:12:59.43 - <info> (mqtt)Message_send:{ "CMD": "STATUS_ONLINE", "DATA": { "DEVICE_UNICAST_ID": 142 } }
(1760) 2021.05.24-16:12:59.70 - <info> (rsp)91 8f 74 0 1 0 5 7 0 
(1760) 2021.05.24-16:12:59.71 - <info> (mqtt)Message_send:{ "CMD": "STATUS_ONLINE", "DATA": { "DEVICE_UNICAST_ID": 116 } }
(1762) 2021.05.24-15:47:00.83 - <info> (mqtt)192.168.100.1: Connect callback, rc=0
(1762) 2021.05.24-15:47:01.12 - <info> (mqtt)Message_send: {"CMD":"CONNECTED"}
(1762) 2021.05.24-16:17:46.56 - <info> (mqtt)Message_receive: {"CMD":"HAVE A MESSAGE"}
(1762) 2021.05.24-16:21:46.55 - <info> (mqtt)Message_receive: {"CMD":"HAVE A MESSAGE"}
(1763) 2021.05.24-15:47:01.37 - <info> (mqtt)192.168.100.1: Connect callback, rc=0
(1763) 2021.05.24-15:47:02.06 - <info> (mqtt)Message_send: {"CMD":"CONNECTED"}
(1763) 2021.05.24-16:27:59.52 - <info> (mqtt)Message_receive: {"CMD":"HAVE A MESSAGE"}
(1762) 2021.05.24-16:29:14.57 - <info> (rsp)91 81 61 0 ff ff 82 4e 5b 8f ff ff 5 
(1762) 2021.05.24-16:29:14.66 - <info> (mqtt)Message_send:{ "CMD": "DIM", "DATA": { "DEVICE_UNICAST_ID": 97, "VALUE_DIM": 100 } }
(1762) 2021.05.24-16:29:17.23 - <info> (rsp)91 81 61 0 ff ff 82 4e 28 5c ff ff 7 
(1762) 2021.05.24-16:29:17.25 - <info> (mqtt)Message_send:{ "CMD": "DIM", "DATA": { "DEVICE_UNICAST_ID": 97, "VALUE_DIM": 100 } }
(1762) 2021.05.24-16:29:20.11 - <info> (rsp)91 81 61 0 ff ff 82 4e ff ff 
(1762) 2021.05.24-16:29:20.12 - <info> (mqtt)Message_send:{ "CMD": "DIM", "DATA": { "DEVICE_UNICAST_ID": 97, "VALUE_DIM": 100 } }
(1762) 2021.05.24-16:29:21.99 - <info> (rsp)91 81 61 0 ff ff 82 4e 84 eb ff ff 1 
(1762) 2021.05.24-16:29:22.00 - <info> (mqtt)Message_send:{ "CMD": "DIM", "DATA": { "DEVICE_UNICAST_ID": 97, "VALUE_DIM": 100 } }
(1762) 2021.05.24-16:29:24.56 - <info> (rsp)91 81 61 0 ff ff 82 4e ff ff 
(1762) 2021.05.24-16:29:24.57 - <info> (mqtt)Message_send:{ "CMD": "DIM", "DATA": { "DEVICE_UNICAST_ID": 97, "VALUE_DIM": 100 } }
(1762) 2021.05.24-16:29:36.66 - <info> (rsp)91 81 61 0 ff ff 82 4e 8e c2 ff ff 3 
(1762) 2021.05.24-16:29:36.67 - <info> (mqtt)Message_send:{ "CMD": "DIM", "DATA": { "DEVICE_UNICAST_ID": 97, "VALUE_DIM": 100 } }
(1762) 2021.05.24-16:29:38.66 - <info> (rsp)91 81 61 0 ff ff 82 4e 6f bd ff ff 3 
(1762) 2021.05.24-16:29:38.67 - <info> (mqtt)Message_send:{ "CMD": "DIM", "DATA": { "DEVICE_UNICAST_ID": 97, "VALUE_DIM": 100 } }
(1762) 2021.05.24-16:29:40.14 - <info> (rsp)91 81 61 0 ff ff 82 4e c2 75 ff ff 6 
(1762) 2021.05.24-16:29:40.15 - <info> (mqtt)Message_send:{ "CMD": "DIM", "DATA": { "DEVICE_UNICAST_ID": 97, "VALUE_DIM": 100 } }
(1762) 2021.05.24-16:29:42.53 - <info> (rsp)91 81 61 0 ff ff 82 4e ff ff 
(1762) 2021.05.24-16:29:42.54 - <info> (mqtt)Message_send:{ "CMD": "DIM", "DATA": { "DEVICE_UNICAST_ID": 97, "VALUE_DIM": 100 } }
(1762) 2021.05.24-16:29:44.92 - <info> (rsp)91 81 61 0 ff ff 82 4e ff ff 
(1762) 2021.05.24-16:29:44.93 - <info> (mqtt)Message_send:{ "CMD": "DIM", "DATA": { "DEVICE_UNICAST_ID": 97, "VALUE_DIM": 100 } }
(1762) 2021.05.24-16:29:54.80 - <info> (rsp)91 81 61 0 ff ff 82 4e ff ff 
(1762) 2021.05.24-16:29:54.81 - <info> (mqtt)Message_send:{ "CMD": "DIM", "DATA": { "DEVICE_UNICAST_ID": 97, "VALUE_DIM": 100 } }
(1762) 2021.05.24-16:30:02.34 - <info> (rsp)91 8f 6c 0 1 0 5 7 0 
(1762) 2021.05.24-16:30:02.35 - <info> (mqtt)Message_send:{ "CMD": "STATUS_ONLINE", "DATA": { "DEVICE_UNICAST_ID": 108 } }
(1762) 2021.05.24-16:30:02.37 - <info> (rsp)91 8f 72 0 1 0 5 7 0 
(1762) 2021.05.24-16:30:02.38 - <info> (mqtt)Message_send:{ "CMD": "STATUS_ONLINE", "DATA": { "DEVICE_UNICAST_ID": 114 } }
(1762) 2021.05.24-16:30:02.39 - <info> (rsp)91 8f 5a 0 1 0 5 7 0 
(1762) 2021.05.24-16:30:02.40 - <info> (mqtt)Message_send:{ "CMD": "STATUS_ONLINE", "DATA": { "DEVICE_UNICAST_ID": 90 } }
(1762) 2021.05.24-16:30:02.75 - <info> (rsp)91 8f 92 0 1 0 5 7 0 
(1762) 2021.05.24-16:30:02.76 - <info> (mqtt)Message_send:{ "CMD": "STATUS_ONLINE", "DATA": { "DEVICE_UNICAST_ID": 146 } }
(1762) 2021.05.24-16:30:02.80 - <info> (rsp)91 8f 5d 0 1 0 5 7 0 
(1762) 2021.05.24-16:30:02.82 - <info> (mqtt)Message_send:{ "CMD": "STATUS_ONLINE", "DATA": { "DEVICE_UNICAST_ID": 93 } }
(1762) 2021.05.24-16:30:02.83 - <info> (rsp)91 8f 94 0 1 0 5 7 0 
(1762) 2021.05.24-16:30:02.83 - <info> (mqtt)Message_send:{ "CMD": "STATUS_ONLINE", "DATA": { "DEVICE_UNICAST_ID": 148 } }
(1762) 2021.05.24-16:30:02.85 - <info> (rsp)91 8f 86 0 1 0 5 7 0 
(1762) 2021.05.24-16:30:02.86 - <info> (mqtt)Message_send:{ "CMD": "STATUS_ONLINE", "DATA": { "DEVICE_UNICAST_ID": 134 } }
(1762) 2021.05.24-16:30:02.89 - <info> (rsp)91 8f 8c 0 1 0 5 7 0 
(1762) 2021.05.24-16:30:02.90 - <info> (mqtt)Message_send:{ "CMD": "STATUS_ONLINE", "DATA": { "DEVICE_UNICAST_ID": 140 } }
(1762) 2021.05.24-16:30:02.91 - <info> (rsp)91 8f 90 0 1 0 5 7 0 
(1762) 2021.05.24-16:30:02.92 - <info> (mqtt)Message_send:{ "CMD": "STATUS_ONLINE", "DATA": { "DEVICE_UNICAST_ID": 144 } }
(1762) 2021.05.24-16:30:02.99 - <info> (rsp)91 8f 6a 0 1 0 5 7 0 
(1762) 2021.05.24-16:30:02.00 - <info> (mqtt)Message_send:{ "CMD": "STATUS_ONLINE", "DATA": { "DEVICE_UNICAST_ID": 106 } }
(1762) 2021.05.24-16:30:03.13 - <info> (rsp)91 8f 74 0 1 0 5 7 0 
(1762) 2021.05.24-16:30:03.13 - <info> (mqtt)Message_send:{ "CMD": "STATUS_ONLINE", "DATA": { "DEVICE_UNICAST_ID": 116 } }
(1762) 2021.05.24-16:30:03.14 - <info> (rsp)91 8f 64 0 1 0 5 7 0 
(1762) 2021.05.24-16:30:03.21 - <info> (mqtt)Message_send:{ "CMD": "STATUS_ONLINE", "DATA": { "DEVICE_UNICAST_ID": 100 } }
(1762) 2021.05.24-16:30:03.22 - <info> (rsp)91 8f 82 0 1 0 5 7 0 
(1762) 2021.05.24-16:30:03.23 - <info> (mqtt)Message_send:{ "CMD": "STATUS_ONLINE", "DATA": { "DEVICE_UNICAST_ID": 130 } }
(1762) 2021.05.24-16:30:03.24 - <info> (rsp)91 8f 8e 0 1 0 5 7 0 
(1762) 2021.05.24-16:30:03.25 - <info> (mqtt)Message_send:{ "CMD": "STATUS_ONLINE", "DATA": { "DEVICE_UNICAST_ID": 142 } }
(1762) 2021.05.24-16:30:03.41 - <info> (rsp)91 8f 68 0 1 0 5 7 0 
(1762) 2021.05.24-16:30:03.42 - <info> (mqtt)Message_send:{ "CMD": "STATUS_ONLINE", "DATA": { "DEVICE_UNICAST_ID": 104 } }
(1762) 2021.05.24-16:30:03.44 - <info> (rsp)91 8f 8a 0 1 0 5 7 0 
(1762) 2021.05.24-16:30:03.44 - <info> (mqtt)Message_send:{ "CMD": "STATUS_ONLINE", "DATA": { "DEVICE_UNICAST_ID": 138 } }
(1762) 2021.05.24-16:30:03.54 - <info> (rsp)91 8f 84 0 1 0 5 7 0 
(1762) 2021.05.24-16:30:03.55 - <info> (mqtt)Message_send:{ "CMD": "STATUS_ONLINE", "DATA": { "DEVICE_UNICAST_ID": 132 } }
(1763) 2021.05.24-16:31:58.42 - <info> (mqtt)Message_receive: {"CMD":"HAVE A MESSAGE"}
(1763) 2021.05.24-16:35:58.42 - <info> (mqtt)Message_receive: {"CMD":"HAVE A MESSAGE"}
(1763) 2021.05.24-16:39:59.12 - <info> (mqtt)Message_receive: {"CMD":"HAVE A MESSAGE"}
(1763) 2021.05.24-16:43:58.45 - <info> (mqtt)Message_receive: {"CMD":"HAVE A MESSAGE"}
(1762) 2021.05.24-16:47:06.43 - <info> (rsp)91 8f 6c 0 1 0 5 7 0 
(1762) 2021.05.24-16:47:06.44 - <info> (mqtt)Message_send:{ "CMD": "STATUS_ONLINE", "DATA": { "DEVICE_UNICAST_ID": 108 } }
(1762) 2021.05.24-16:47:06.45 - <info> (rsp)91 8f 72 0 1 0 5 7 0 
(1762) 2021.05.24-16:47:06.46 - <info> (mqtt)Message_send:{ "CMD": "STATUS_ONLINE", "DATA": { "DEVICE_UNICAST_ID": 114 } }
(1762) 2021.05.24-16:47:06.55 - <info> (rsp)91 8f 5a 0 1 0 5 7 0 
(1762) 2021.05.24-16:47:06.56 - <info> (mqtt)Message_send:{ "CMD": "STATUS_ONLINE", "DATA": { "DEVICE_UNICAST_ID": 90 } }
(1762) 2021.05.24-16:47:06.91 - <info> (rsp)91 8f 8c 0 1 0 5 7 0 
(1762) 2021.05.24-16:47:06.92 - <info> (mqtt)Message_send:{ "CMD": "STATUS_ONLINE", "DATA": { "DEVICE_UNICAST_ID": 140 } }
(1762) 2021.05.24-16:47:06.93 - <info> (rsp)91 8f 92 0 1 0 5 7 0 
(1762) 2021.05.24-16:47:06.94 - <info> (mqtt)Message_send:{ "CMD": "STATUS_ONLINE", "DATA": { "DEVICE_UNICAST_ID": 146 } }
(1762) 2021.05.24-16:47:07.01 - <info> (rsp)91 8f 90 0 1 0 5 7 0 
(1762) 2021.05.24-16:47:07.02 - <info> (mqtt)Message_send:{ "CMD": "STATUS_ONLINE", "DATA": { "DEVICE_UNICAST_ID": 144 } }
(1762) 2021.05.24-16:47:07.03 - <info> (rsp)91 8f 5d 0 1 0 5 7 0 
(1762) 2021.05.24-16:47:07.04 - <info> (mqtt)Message_send:{ "CMD": "STATUS_ONLINE", "DATA": { "DEVICE_UNICAST_ID": 93 } }
(1762) 2021.05.24-16:47:07.09 - <info> (rsp)91 8f 68 0 1 0 5 7 0 
(1762) 2021.05.24-16:47:07.10 - <info> (mqtt)Message_send:{ "CMD": "STATUS_ONLINE", "DATA": { "DEVICE_UNICAST_ID": 104 } }
(1762) 2021.05.24-16:47:07.17 - <info> (rsp)91 8f 86 0 1 0 5 7 0 
(1762) 2021.05.24-16:47:07.18 - <info> (mqtt)Message_send:{ "CMD": "STATUS_ONLINE", "DATA": { "DEVICE_UNICAST_ID": 134 } }
(1762) 2021.05.24-16:47:07.20 - <info> (rsp)91 8f 84 0 1 0 5 7 0 
(1762) 2021.05.24-16:47:07.21 - <info> (mqtt)Message_send:{ "CMD": "STATUS_ONLINE", "DATA": { "DEVICE_UNICAST_ID": 132 } }
(1762) 2021.05.24-16:47:07.28 - <info> (rsp)91 8f 8e 0 1 0 5 7 0 
(1762) 2021.05.24-16:47:07.29 - <info> (mqtt)Message_send:{ "CMD": "STATUS_ONLINE", "DATA": { "DEVICE_UNICAST_ID": 142 } }
(1762) 2021.05.24-16:47:07.32 - <info> (rsp)91 8f 74 0 1 0 5 7 0 
(1762) 2021.05.24-16:47:07.34 - <info> (mqtt)Message_send:{ "CMD": "STATUS_ONLINE", "DATA": { "DEVICE_UNICAST_ID": 116 } }
(1762) 2021.05.24-16:47:07.39 - <info> (rsp)91 8f 82 0 1 0 5 7 0 
(1762) 2021.05.24-16:47:07.40 - <info> (mqtt)Message_send:{ "CMD": "STATUS_ONLINE", "DATA": { "DEVICE_UNICAST_ID": 130 } }
(1762) 2021.05.24-16:47:07.47 - <info> (rsp)91 8f 64 0 1 0 5 7 0 
(1762) 2021.05.24-16:47:07.48 - <info> (mqtt)Message_send:{ "CMD": "STATUS_ONLINE", "DATA": { "DEVICE_UNICAST_ID": 100 } }
(1762) 2021.05.24-16:47:07.71 - <info> (rsp)91 8f 6a 0 1 0 5 7 0 
(1762) 2021.05.24-16:47:07.72 - <info> (mqtt)Message_send:{ "CMD": "STATUS_ONLINE", "DATA": { "DEVICE_UNICAST_ID": 106 } }
(1762) 2021.05.24-16:47:07.74 - <info> (rsp)91 8f 8a 0 1 0 5 7 0 
(1762) 2021.05.24-16:47:07.75 - <info> (mqtt)Message_send:{ "CMD": "STATUS_ONLINE", "DATA": { "DEVICE_UNICAST_ID": 138 } }
(1762) 2021.05.24-16:47:07.92 - <info> (rsp)91 8f 94 0 1 0 5 7 0 
(1762) 2021.05.24-16:47:07.93 - <info> (mqtt)Message_send:{ "CMD": "STATUS_ONLINE", "DATA": { "DEVICE_UNICAST_ID": 148 } }
(1763) 2021.05.24-16:47:58.44 - <info> (mqtt)Message_receive: {"CMD":"HAVE A MESSAGE"}
(1763) 2021.05.24-16:51:58.44 - <info> (mqtt)Message_receive: {"CMD":"HAVE A MESSAGE"}
(1763) 2021.05.24-16:55:58.45 - <info> (mqtt)Message_receive: {"CMD":"HAVE A MESSAGE"}
(1763) 2021.05.24-16:59:59.09 - <info> (mqtt)Message_receive: {"CMD":"HAVE A MESSAGE"}
(1763) 2021.05.24-17:03:58.48 - <info> (mqtt)Message_receive: {"CMD":"HAVE A MESSAGE"}
(1762) 2021.05.24-17:04:10.51 - <info> (rsp)91 8f 6c 0 1 0 5 7 0 
(1762) 2021.05.24-17:04:10.52 - <info> (mqtt)Message_send:{ "CMD": "STATUS_ONLINE", "DATA": { "DEVICE_UNICAST_ID": 108 } }
(1762) 2021.05.24-17:04:10.53 - <info> (rsp)91 8f 5a 0 1 0 5 7 0 
(1762) 2021.05.24-17:04:10.54 - <info> (mqtt)Message_send:{ "CMD": "STATUS_ONLINE", "DATA": { "DEVICE_UNICAST_ID": 90 } }
(1762) 2021.05.24-17:04:10.56 - <info> (rsp)91 8f 72 0 1 0 5 7 0 
(1762) 2021.05.24-17:04:10.57 - <info> (mqtt)Message_send:{ "CMD": "STATUS_ONLINE", "DATA": { "DEVICE_UNICAST_ID": 114 } }
(1762) 2021.05.24-17:04:10.99 - <info> (rsp)91 8f 86 0 1 0 5 7 0 
(1762) 2021.05.24-17:04:10.00 - <info> (mqtt)Message_send:{ "CMD": "STATUS_ONLINE", "DATA": { "DEVICE_UNICAST_ID": 134 } }
(1762) 2021.05.24-17:04:11.02 - <info> (rsp)91 8f 90 0 1 0 5 7 0 
(1762) 2021.05.24-17:04:11.03 - <info> (mqtt)Message_send:{ "CMD": "STATUS_ONLINE", "DATA": { "DEVICE_UNICAST_ID": 144 } }
(1762) 2021.05.24-17:04:11.04 - <info> (rsp)91 8f 92 0 1 0 5 7 0 
(1762) 2021.05.24-17:04:11.05 - <info> (mqtt)Message_send:{ "CMD": "STATUS_ONLINE", "DATA": { "DEVICE_UNICAST_ID": 146 } }
(1762) 2021.05.24-17:04:11.06 - <info> (rsp)91 8f 94 0 1 0 5 7 0 
(1762) 2021.05.24-17:04:11.07 - <info> (mqtt)Message_send:{ "CMD": "STATUS_ONLINE", "DATA": { "DEVICE_UNICAST_ID": 148 } }
(1762) 2021.05.24-17:04:11.07 - <info> (rsp)91 8f 5d 0 1 0 5 7 0 
(1762) 2021.05.24-17:04:11.08 - <info> (mqtt)Message_send:{ "CMD": "STATUS_ONLINE", "DATA": { "DEVICE_UNICAST_ID": 93 } }
(1762) 2021.05.24-17:04:11.23 - <info> (rsp)91 8f 6a 0 1 0 5 7 0 
(1762) 2021.05.24-17:04:11.24 - <info> (mqtt)Message_send:{ "CMD": "STATUS_ONLINE", "DATA": { "DEVICE_UNICAST_ID": 106 } }
(1762) 2021.05.24-17:04:11.28 - <info> (rsp)91 8f 8c 0 1 0 5 7 0 
(1762) 2021.05.24-17:04:11.29 - <info> (mqtt)Message_send:{ "CMD": "STATUS_ONLINE", "DATA": { "DEVICE_UNICAST_ID": 140 } }
(1762) 2021.05.24-17:04:11.30 - <info> (rsp)91 8f 68 0 1 0 5 7 0 
(1762) 2021.05.24-17:04:11.30 - <info> (mqtt)Message_send:{ "CMD": "STATUS_ONLINE", "DATA": { "DEVICE_UNICAST_ID": 104 } }
(1762) 2021.05.24-17:04:11.37 - <info> (rsp)91 8f 84 0 1 0 5 7 0 
(1762) 2021.05.24-17:04:11.40 - <info> (mqtt)Message_send:{ "CMD": "STATUS_ONLINE", "DATA": { "DEVICE_UNICAST_ID": 132 } }
(1762) 2021.05.24-17:04:11.41 - <info> (rsp)91 8f 8e 0 1 0 5 7 0 
(1762) 2021.05.24-17:04:11.41 - <info> (mqtt)Message_send:{ "CMD": "STATUS_ONLINE", "DATA": { "DEVICE_UNICAST_ID": 142 } }
(1762) 2021.05.24-17:04:11.44 - <info> (rsp)91 8f 74 0 1 0 5 7 0 
(1762) 2021.05.24-17:04:11.45 - <info> (mqtt)Message_send:{ "CMD": "STATUS_ONLINE", "DATA": { "DEVICE_UNICAST_ID": 116 } }
(1762) 2021.05.24-17:04:11.51 - <info> (rsp)91 8f 8a 0 1 0 5 7 0 
(1762) 2021.05.24-17:04:11.52 - <info> (mqtt)Message_send:{ "CMD": "STATUS_ONLINE", "DATA": { "DEVICE_UNICAST_ID": 138 } }
(1762) 2021.05.24-17:04:11.53 - <info> (rsp)91 8f 64 0 1 0 5 7 0 
(1762) 2021.05.24-17:04:11.54 - <info> (mqtt)Message_send:{ "CMD": "STATUS_ONLINE", "DATA": { "DEVICE_UNICAST_ID": 100 } }
(1762) 2021.05.24-17:04:11.55 - <info> (rsp)91 8f 82 0 1 0 5 7 0 
(1762) 2021.05.24-17:04:11.55 - <info> (mqtt)Message_send:{ "CMD": "STATUS_ONLINE", "DATA": { "DEVICE_UNICAST_ID": 130 } }
(1763) 2021.05.24-17:07:58.46 - <info> (mqtt)Message_receive: {"CMD":"HAVE A MESSAGE"}
(1763) 2021.05.24-17:11:59.10 - <info> (mqtt)Message_receive: {"CMD":"HAVE A MESSAGE"}
(1763) 2021.05.24-17:15:58.48 - <info> (mqtt)Message_receive: {"CMD":"HAVE A MESSAGE"}
(1763) 2021.05.24-17:19:58.49 - <info> (mqtt)Message_receive: {"CMD":"HAVE A MESSAGE"}
(1762) 2021.05.24-17:21:14.62 - <info> (rsp)91 8f 5a 0 1 0 5 7 0 
(1762) 2021.05.24-17:21:14.63 - <info> (mqtt)Message_send:{ "CMD": "STATUS_ONLINE", "DATA": { "DEVICE_UNICAST_ID": 90 } }
(1762) 2021.05.24-17:21:14.64 - <info> (rsp)91 8f 6c 0 1 0 5 7 0 
(1762) 2021.05.24-17:21:14.65 - <info> (mqtt)Message_send:{ "CMD": "STATUS_ONLINE", "DATA": { "DEVICE_UNICAST_ID": 108 } }
(1762) 2021.05.24-17:21:14.69 - <info> (rsp)91 8f 72 0 1 0 5 7 0 
(1762) 2021.05.24-17:21:14.70 - <info> (mqtt)Message_send:{ "CMD": "STATUS_ONLINE", "DATA": { "DEVICE_UNICAST_ID": 114 } }
(1762) 2021.05.24-17:21:15.02 - <info> (rsp)91 8f 92 0 1 0 5 7 0 
(1762) 2021.05.24-17:21:15.03 - <info> (mqtt)Message_send:{ "CMD": "STATUS_ONLINE", "DATA": { "DEVICE_UNICAST_ID": 146 } }
(1762) 2021.05.24-17:21:15.08 - <info> (rsp)91 8f 5d 0 1 0 5 7 0 
(1762) 2021.05.24-17:21:15.09 - <info> (mqtt)Message_send:{ "CMD": "STATUS_ONLINE", "DATA": { "DEVICE_UNICAST_ID": 93 } }
(1762) 2021.05.24-17:21:15.17 - <info> (rsp)91 8f 94 0 1 0 5 7 0 
(1762) 2021.05.24-17:21:15.17 - <info> (mqtt)Message_send:{ "CMD": "STATUS_ONLINE", "DATA": { "DEVICE_UNICAST_ID": 148 } }
(1762) 2021.05.24-17:21:15.18 - <info> (rsp)91 8f 86 0 1 0 5 7 0 
(1762) 2021.05.24-17:21:15.19 - <info> (mqtt)Message_send:{ "CMD": "STATUS_ONLINE", "DATA": { "DEVICE_UNICAST_ID": 134 } }
(1762) 2021.05.24-17:21:15.22 - <info> (rsp)91 8f 8c 0 1 0 5 7 0 
(1762) 2021.05.24-17:21:15.24 - <info> (mqtt)Message_send:{ "CMD": "STATUS_ONLINE", "DATA": { "DEVICE_UNICAST_ID": 140 } }
(1762) 2021.05.24-17:21:15.28 - <info> (rsp)91 8f 74 0 1 0 5 7 0 
(1762) 2021.05.24-17:21:15.29 - <info> (mqtt)Message_send:{ "CMD": "STATUS_ONLINE", "DATA": { "DEVICE_UNICAST_ID": 116 } }
(1762) 2021.05.24-17:21:15.30 - <info> (rsp)91 8f 82 0 1 0 5 7 0 
(1762) 2021.05.24-17:21:15.31 - <info> (mqtt)Message_send:{ "CMD": "STATUS_ONLINE", "DATA": { "DEVICE_UNICAST_ID": 130 } }
(1762) 2021.05.24-17:21:15.33 - <info> (rsp)91 8f 90 0 1 0 5 7 0 
(1762) 2021.05.24-17:21:15.34 - <info> (mqtt)Message_send:{ "CMD": "STATUS_ONLINE", "DATA": { "DEVICE_UNICAST_ID": 144 } }
(1762) 2021.05.24-17:21:15.49 - <info> (rsp)91 8f 6a 0 1 0 5 7 0 
(1762) 2021.05.24-17:21:15.50 - <info> (mqtt)Message_send:{ "CMD": "STATUS_ONLINE", "DATA": { "DEVICE_UNICAST_ID": 106 } }
(1762) 2021.05.24-17:21:15.62 - <info> (rsp)91 8f 84 0 1 0 5 7 0 
(1762) 2021.05.24-17:21:15.63 - <info> (mqtt)Message_send:{ "CMD": "STATUS_ONLINE", "DATA": { "DEVICE_UNICAST_ID": 132 } }
(1762) 2021.05.24-17:21:15.64 - <info> (rsp)91 8f 8a 0 1 0 5 7 0 
(1762) 2021.05.24-17:21:15.65 - <info> (mqtt)Message_send:{ "CMD": "STATUS_ONLINE", "DATA": { "DEVICE_UNICAST_ID": 138 } }
(1762) 2021.05.24-17:21:15.67 - <info> (rsp)91 8f 68 0 1 0 5 7 0 
(1762) 2021.05.24-17:21:15.69 - <info> (mqtt)Message_send:{ "CMD": "STATUS_ONLINE", "DATA": { "DEVICE_UNICAST_ID": 104 } }
(1762) 2021.05.24-17:21:15.87 - <info> (rsp)91 8f 64 0 1 0 5 7 0 
(1762) 2021.05.24-17:21:15.88 - <info> (mqtt)Message_send:{ "CMD": "STATUS_ONLINE", "DATA": { "DEVICE_UNICAST_ID": 100 } }
(1762) 2021.05.24-17:21:16.09 - <info> (rsp)91 8f 8e 0 1 0 5 7 0 
(1762) 2021.05.24-17:21:16.10 - <info> (mqtt)Message_send:{ "CMD": "STATUS_ONLINE", "DATA": { "DEVICE_UNICAST_ID": 142 } }
(1763) 2021.05.24-17:23:58.49 - <info> (mqtt)Message_receive: {"CMD":"HAVE A MESSAGE"}
(1763) 2021.05.24-17:27:58.49 - <info> (mqtt)Message_receive: {"CMD":"HAVE A MESSAGE"}
(1763) 2021.05.24-17:31:58.51 - <info> (mqtt)Message_receive: {"CMD":"HAVE A MESSAGE"}
(1763) 2021.05.24-17:35:58.53 - <info> (mqtt)Message_receive: {"CMD":"HAVE A MESSAGE"}
(1762) 2021.05.24-17:38:18.72 - <info> (rsp)91 8f 72 0 1 0 5 7 0 
(1762) 2021.05.24-17:38:18.73 - <info> (mqtt)Message_send:{ "CMD": "STATUS_ONLINE", "DATA": { "DEVICE_UNICAST_ID": 114 } }
(1762) 2021.05.24-17:38:18.78 - <info> (rsp)91 8f 6c 0 1 0 5 7 0 
(1762) 2021.05.24-17:38:18.79 - <info> (mqtt)Message_send:{ "CMD": "STATUS_ONLINE", "DATA": { "DEVICE_UNICAST_ID": 108 } }
(1762) 2021.05.24-17:38:18.83 - <info> (rsp)91 8f 5a 0 1 0 5 7 0 
(1762) 2021.05.24-17:38:18.83 - <info> (mqtt)Message_send:{ "CMD": "STATUS_ONLINE", "DATA": { "DEVICE_UNICAST_ID": 90 } }
(1762) 2021.05.24-17:38:19.11 - <info> (rsp)91 8f 92 0 1 0 5 7 0 
(1762) 2021.05.24-17:38:19.12 - <info> (mqtt)Message_send:{ "CMD": "STATUS_ONLINE", "DATA": { "DEVICE_UNICAST_ID": 146 } }
(1762) 2021.05.24-17:38:19.20 - <info> (rsp)91 8f 82 0 1 0 5 7 0 
(1762) 2021.05.24-17:38:19.21 - <info> (mqtt)Message_send:{ "CMD": "STATUS_ONLINE", "DATA": { "DEVICE_UNICAST_ID": 130 } }
(1762) 2021.05.24-17:38:19.27 - <info> (rsp)91 8f 68 0 1 0 5 7 0 
(1762) 2021.05.24-17:38:19.28 - <info> (mqtt)Message_send:{ "CMD": "STATUS_ONLINE", "DATA": { "DEVICE_UNICAST_ID": 104 } }
(1762) 2021.05.24-17:38:19.29 - <info> (rsp)91 8f 64 0 1 0 5 7 0 
(1762) 2021.05.24-17:38:19.30 - <info> (mqtt)Message_send:{ "CMD": "STATUS_ONLINE", "DATA": { "DEVICE_UNICAST_ID": 100 } }
(1762) 2021.05.24-17:38:19.30 - <info> (rsp)91 8f 94 0 1 0 5 7 0 
(1762) 2021.05.24-17:38:19.31 - <info> (mqtt)Message_send:{ "CMD": "STATUS_ONLINE", "DATA": { "DEVICE_UNICAST_ID": 148 } }
(1762) 2021.05.24-17:38:19.42 - <info> (rsp)91 8f 6a 0 1 0 5 7 0 
(1762) 2021.05.24-17:38:19.42 - <info> (mqtt)Message_send:{ "CMD": "STATUS_ONLINE", "DATA": { "DEVICE_UNICAST_ID": 106 } }
(1762) 2021.05.24-17:38:19.44 - <info> (rsp)91 8f 86 0 1 0 5 7 0 
(1762) 2021.05.24-17:38:19.45 - <info> (mqtt)Message_send:{ "CMD": "STATUS_ONLINE", "DATA": { "DEVICE_UNICAST_ID": 134 } }
(1762) 2021.05.24-17:38:19.50 - <info> (rsp)91 8f 84 0 1 0 5 7 0 
(1762) 2021.05.24-17:38:19.51 - <info> (mqtt)Message_send:{ "CMD": "STATUS_ONLINE", "DATA": { "DEVICE_UNICAST_ID": 132 } }
(1762) 2021.05.24-17:38:19.52 - <info> (rsp)91 8f 90 0 1 0 5 7 0 
(1762) 2021.05.24-17:38:19.53 - <info> (mqtt)Message_send:{ "CMD": "STATUS_ONLINE", "DATA": { "DEVICE_UNICAST_ID": 144 } }
(1762) 2021.05.24-17:38:19.80 - <info> (rsp)91 8f 8a 0 1 0 5 7 0 
(1762) 2021.05.24-17:38:19.81 - <info> (mqtt)Message_send:{ "CMD": "STATUS_ONLINE", "DATA": { "DEVICE_UNICAST_ID": 138 } }
(1762) 2021.05.24-17:38:19.84 - <info> (rsp)91 8f 8c 0 1 0 5 7 0 
(1762) 2021.05.24-17:38:19.84 - <info> (mqtt)Message_send:{ "CMD": "STATUS_ONLINE", "DATA": { "DEVICE_UNICAST_ID": 140 } }
(1762) 2021.05.24-17:38:19.95 - <info> (rsp)91 8f 8e 0 1 0 5 7 0 
(1762) 2021.05.24-17:38:19.96 - <info> (mqtt)Message_send:{ "CMD": "STATUS_ONLINE", "DATA": { "DEVICE_UNICAST_ID": 142 } }
(1762) 2021.05.24-17:38:20.02 - <info> (rsp)91 8f 74 0 1 0 5 7 0 
(1762) 2021.05.24-17:38:20.03 - <info> (mqtt)Message_send:{ "CMD": "STATUS_ONLINE", "DATA": { "DEVICE_UNICAST_ID": 116 } }
(1763) 2021.05.24-17:39:58.54 - <info> (mqtt)Message_receive: {"CMD":"HAVE A MESSAGE"}
(1763) 2021.05.24-17:43:59.13 - <info> (mqtt)Message_receive: {"CMD":"HAVE A MESSAGE"}
(1763) 2021.05.24-17:47:58.52 - <info> (mqtt)Message_receive: {"CMD":"HAVE A MESSAGE"}
(1763) 2021.05.24-17:51:58.53 - <info> (mqtt)Message_receive: {"CMD":"HAVE A MESSAGE"}
(1762) 2021.05.24-17:55:22.82 - <info> (rsp)91 8f 6c 0 1 0 5 7 0 
(1762) 2021.05.24-17:55:22.83 - <info> (mqtt)Message_send:{ "CMD": "STATUS_ONLINE", "DATA": { "DEVICE_UNICAST_ID": 108 } }
(1762) 2021.05.24-17:55:22.85 - <info> (rsp)91 8f 5a 0 1 0 5 7 0 
(1762) 2021.05.24-17:55:22.86 - <info> (mqtt)Message_send:{ "CMD": "STATUS_ONLINE", "DATA": { "DEVICE_UNICAST_ID": 90 } }
(1762) 2021.05.24-17:55:22.90 - <info> (rsp)91 8f 72 0 1 0 5 7 0 
(1762) 2021.05.24-17:55:22.91 - <info> (mqtt)Message_send:{ "CMD": "STATUS_ONLINE", "DATA": { "DEVICE_UNICAST_ID": 114 } }
(1762) 2021.05.24-17:55:23.23 - <info> (rsp)91 8f 92 0 1 0 5 7 0 
(1762) 2021.05.24-17:55:23.23 - <info> (mqtt)Message_send:{ "CMD": "STATUS_ONLINE", "DATA": { "DEVICE_UNICAST_ID": 146 } }
(1762) 2021.05.24-17:55:23.28 - <info> (rsp)91 8f 86 0 1 0 5 7 0 
(1762) 2021.05.24-17:55:23.34 - <info> (mqtt)Message_send:{ "CMD": "STATUS_ONLINE", "DATA": { "DEVICE_UNICAST_ID": 134 } }
(1762) 2021.05.24-17:55:23.35 - <info> (rsp)91 8f 94 0 1 0 5 7 0 
(1762) 2021.05.24-17:55:23.36 - <info> (mqtt)Message_send:{ "CMD": "STATUS_ONLINE", "DATA": { "DEVICE_UNICAST_ID": 148 } }
(1762) 2021.05.24-17:55:23.37 - <info> (rsp)91 8f 8c 0 1 0 5 7 0 
(1762) 2021.05.24-17:55:23.38 - <info> (mqtt)Message_send:{ "CMD": "STATUS_ONLINE", "DATA": { "DEVICE_UNICAST_ID": 140 } }
(1762) 2021.05.24-17:55:23.39 - <info> (rsp)91 8f 68 0 1 0 5 7 0 
(1762) 2021.05.24-17:55:23.40 - <info> (mqtt)Message_send:{ "CMD": "STATUS_ONLINE", "DATA": { "DEVICE_UNICAST_ID": 104 } }
(1762) 2021.05.24-17:55:23.48 - <info> (rsp)91 8f 64 0 1 0 5 7 0 
(1762) 2021.05.24-17:55:23.49 - <info> (mqtt)Message_send:{ "CMD": "STATUS_ONLINE", "DATA": { "DEVICE_UNICAST_ID": 100 } }
(1762) 2021.05.24-17:55:23.49 - <info> (rsp)91 8f 5d 0 1 0 5 7 0 
(1762) 2021.05.24-17:55:23.50 - <info> (mqtt)Message_send:{ "CMD": "STATUS_ONLINE", "DATA": { "DEVICE_UNICAST_ID": 93 } }
(1762) 2021.05.24-17:55:23.54 - <info> (rsp)91 8f 8a 0 1 0 5 7 0 
(1762) 2021.05.24-17:55:23.55 - <info> (mqtt)Message_send:{ "CMD": "STATUS_ONLINE", "DATA": { "DEVICE_UNICAST_ID": 138 } }
(1762) 2021.05.24-17:55:23.59 - <info> (rsp)91 8f 74 0 1 0 5 7 0 
(1762) 2021.05.24-17:55:23.60 - <info> (mqtt)Message_send:{ "CMD": "STATUS_ONLINE", "DATA": { "DEVICE_UNICAST_ID": 116 } }
(1762) 2021.05.24-17:55:23.65 - <info> (rsp)91 8f 90 0 1 0 5 7 0 
(1762) 2021.05.24-17:55:23.66 - <info> (mqtt)Message_send:{ "CMD": "STATUS_ONLINE", "DATA": { "DEVICE_UNICAST_ID": 144 } }
(1762) 2021.05.24-17:55:23.69 - <info> (rsp)91 8f 8e 0 1 0 5 7 0 
(1762) 2021.05.24-17:55:23.70 - <info> (mqtt)Message_send:{ "CMD": "STATUS_ONLINE", "DATA": { "DEVICE_UNICAST_ID": 142 } }
(1762) 2021.05.24-17:55:23.79 - <info> (rsp)91 8f 82 0 1 0 5 7 0 
(1762) 2021.05.24-17:55:23.80 - <info> (mqtt)Message_send:{ "CMD": "STATUS_ONLINE", "DATA": { "DEVICE_UNICAST_ID": 130 } }
(1762) 2021.05.24-17:55:23.91 - <info> (rsp)91 8f 84 0 1 0 5 7 0 
(1762) 2021.05.24-17:55:23.92 - <info> (mqtt)Message_send:{ "CMD": "STATUS_ONLINE", "DATA": { "DEVICE_UNICAST_ID": 132 } }
(1762) 2021.05.24-17:55:24.23 - <info> (rsp)91 8f 6a 0 1 0 5 7 0 
(1762) 2021.05.24-17:55:24.24 - <info> (mqtt)Message_send:{ "CMD": "STATUS_ONLINE", "DATA": { "DEVICE_UNICAST_ID": 106 } }
(1763) 2021.05.24-17:55:58.53 - <info> (mqtt)Message_receive: {"CMD":"HAVE A MESSAGE"}
(1763) 2021.05.24-17:59:58.53 - <info> (mqtt)Message_receive: {"CMD":"HAVE A MESSAGE"}
(1763) 2021.05.24-18:03:58.54 - <info> (mqtt)Message_receive: {"CMD":"HAVE A MESSAGE"}
(1763) 2021.05.24-18:07:58.54 - <info> (mqtt)Message_receive: {"CMD":"HAVE A MESSAGE"}
(1763) 2021.05.24-18:11:58.56 - <info> (mqtt)Message_receive: {"CMD":"HAVE A MESSAGE"}
(1762) 2021.05.24-18:12:26.92 - <info> (rsp)91 8f 6c 0 1 0 5 7 0 
(1762) 2021.05.24-18:12:26.93 - <info> (mqtt)Message_send:{ "CMD": "STATUS_ONLINE", "DATA": { "DEVICE_UNICAST_ID": 108 } }
(1762) 2021.05.24-18:12:26.97 - <info> (rsp)91 8f 5a 0 1 0 5 7 0 
(1762) 2021.05.24-18:12:26.98 - <info> (mqtt)Message_send:{ "CMD": "STATUS_ONLINE", "DATA": { "DEVICE_UNICAST_ID": 90 } }
(1762) 2021.05.24-18:12:26.99 - <info> (rsp)91 8f 72 0 1 0 5 7 0 
(1762) 2021.05.24-18:12:26.00 - <info> (mqtt)Message_send:{ "CMD": "STATUS_ONLINE", "DATA": { "DEVICE_UNICAST_ID": 114 } }
(1762) 2021.05.24-18:12:27.29 - <info> (rsp)91 8f 92 0 1 0 5 7 0 
(1762) 2021.05.24-18:12:27.30 - <info> (mqtt)Message_send:{ "CMD": "STATUS_ONLINE", "DATA": { "DEVICE_UNICAST_ID": 146 } }
(1762) 2021.05.24-18:12:27.37 - <info> (rsp)91 8f 8c 0 1 0 5 7 0 
(1762) 2021.05.24-18:12:27.38 - <info> (mqtt)Message_send:{ "CMD": "STATUS_ONLINE", "DATA": { "DEVICE_UNICAST_ID": 140 } }
(1762) 2021.05.24-18:12:27.39 - <info> (rsp)91 8f 94 0 1 0 5 7 0 
(1762) 2021.05.24-18:12:27.40 - <info> (mqtt)Message_send:{ "CMD": "STATUS_ONLINE", "DATA": { "DEVICE_UNICAST_ID": 148 } }
(1762) 2021.05.24-18:12:27.43 - <info> (rsp)91 8f 74 0 1 0 5 7 0 
(1762) 2021.05.24-18:12:27.45 - <info> (mqtt)Message_send:{ "CMD": "STATUS_ONLINE", "DATA": { "DEVICE_UNICAST_ID": 116 } }
(1762) 2021.05.24-18:12:27.50 - <info> (rsp)91 8f 5d 0 1 0 5 7 0 
(1762) 2021.05.24-18:12:27.51 - <info> (mqtt)Message_send:{ "CMD": "STATUS_ONLINE", "DATA": { "DEVICE_UNICAST_ID": 93 } }
(1762) 2021.05.24-18:12:27.54 - <info> (rsp)91 8f 90 0 1 0 5 7 0 
(1762) 2021.05.24-18:12:27.55 - <info> (mqtt)Message_send:{ "CMD": "STATUS_ONLINE", "DATA": { "DEVICE_UNICAST_ID": 144 } }
(1762) 2021.05.24-18:12:27.58 - <info> (rsp)91 8f 6a 0 1 0 5 7 0 
(1762) 2021.05.24-18:12:27.59 - <info> (mqtt)Message_send:{ "CMD": "STATUS_ONLINE", "DATA": { "DEVICE_UNICAST_ID": 106 } }
(1762) 2021.05.24-18:12:27.66 - <info> (rsp)91 8f 68 0 1 0 5 7 0 
(1762) 2021.05.24-18:12:27.67 - <info> (mqtt)Message_send:{ "CMD": "STATUS_ONLINE", "DATA": { "DEVICE_UNICAST_ID": 104 } }
(1762) 2021.05.24-18:12:27.68 - <info> (rsp)91 8f 86 0 1 0 5 7 0 
(1762) 2021.05.24-18:12:27.69 - <info> (mqtt)Message_send:{ "CMD": "STATUS_ONLINE", "DATA": { "DEVICE_UNICAST_ID": 134 } }
(1762) 2021.05.24-18:12:27.74 - <info> (rsp)91 8f 64 0 1 0 5 7 0 
(1762) 2021.05.24-18:12:27.75 - <info> (mqtt)Message_send:{ "CMD": "STATUS_ONLINE", "DATA": { "DEVICE_UNICAST_ID": 100 } }
(1762) 2021.05.24-18:12:27.83 - <info> (rsp)91 8f 84 0 1 0 5 7 0 
(1762) 2021.05.24-18:12:27.84 - <info> (mqtt)Message_send:{ "CMD": "STATUS_ONLINE", "DATA": { "DEVICE_UNICAST_ID": 132 } }
(1762) 2021.05.24-18:12:27.99 - <info> (rsp)91 8f 82 0 1 0 5 7 0 
(1762) 2021.05.24-18:12:27.00 - <info> (mqtt)Message_send:{ "CMD": "STATUS_ONLINE", "DATA": { "DEVICE_UNICAST_ID": 130 } }
(1762) 2021.05.24-18:12:28.22 - <info> (rsp)91 8f 8a 0 1 0 5 7 0 
(1762) 2021.05.24-18:12:28.23 - <info> (mqtt)Message_send:{ "CMD": "STATUS_ONLINE", "DATA": { "DEVICE_UNICAST_ID": 138 } }
(1762) 2021.05.24-18:12:28.39 - <info> (rsp)91 8f 8e 0 1 0 5 7 0 
(1762) 2021.05.24-18:12:28.40 - <info> (mqtt)Message_send:{ "CMD": "STATUS_ONLINE", "DATA": { "DEVICE_UNICAST_ID": 142 } }
(1763) 2021.05.24-18:15:58.56 - <info> (mqtt)Message_receive: {"CMD":"HAVE A MESSAGE"}
(1763) 2021.05.24-18:19:58.56 - <info> (mqtt)Message_receive: {"CMD":"HAVE A MESSAGE"}
(1763) 2021.05.24-18:23:58.56 - <info> (mqtt)Message_receive: {"CMD":"HAVE A MESSAGE"}
(1763) 2021.05.24-18:27:58.57 - <info> (mqtt)Message_receive: {"CMD":"HAVE A MESSAGE"}
(1762) 2021.05.24-18:29:31.02 - <info> (rsp)91 8f 72 0 1 0 5 7 0 
(1762) 2021.05.24-18:29:31.03 - <info> (mqtt)Message_send:{ "CMD": "STATUS_ONLINE", "DATA": { "DEVICE_UNICAST_ID": 114 } }
(1762) 2021.05.24-18:29:31.07 - <info> (rsp)91 8f 5a 0 1 0 5 7 0 
(1762) 2021.05.24-18:29:31.08 - <info> (mqtt)Message_send:{ "CMD": "STATUS_ONLINE", "DATA": { "DEVICE_UNICAST_ID": 90 } }
(1762) 2021.05.24-18:29:31.12 - <info> (rsp)91 8f 6c 0 1 0 5 7 0 
(1762) 2021.05.24-18:29:31.13 - <info> (mqtt)Message_send:{ "CMD": "STATUS_ONLINE", "DATA": { "DEVICE_UNICAST_ID": 108 } }
(1762) 2021.05.24-18:29:31.38 - <info> (rsp)91 8f 92 0 1 0 5 7 0 
(1762) 2021.05.24-18:29:31.39 - <info> (mqtt)Message_send:{ "CMD": "STATUS_ONLINE", "DATA": { "DEVICE_UNICAST_ID": 146 } }
(1762) 2021.05.24-18:29:31.44 - <info> (rsp)91 8f 86 0 1 0 5 7 0 
(1762) 2021.05.24-18:29:31.45 - <info> (mqtt)Message_send:{ "CMD": "STATUS_ONLINE", "DATA": { "DEVICE_UNICAST_ID": 134 } }
(1762) 2021.05.24-18:29:31.50 - <info> (rsp)91 8f 5d 0 1 0 5 7 0 
(1762) 2021.05.24-18:29:31.51 - <info> (mqtt)Message_send:{ "CMD": "STATUS_ONLINE", "DATA": { "DEVICE_UNICAST_ID": 93 } }
(1762) 2021.05.24-18:29:31.57 - <info> (rsp)91 8f 94 0 1 0 5 7 0 
(1762) 2021.05.24-18:29:31.58 - <info> (mqtt)Message_send:{ "CMD": "STATUS_ONLINE", "DATA": { "DEVICE_UNICAST_ID": 148 } }
(1762) 2021.05.24-18:29:31.63 - <info> (rsp)91 8f 8c 0 1 0 5 7 0 
(1762) 2021.05.24-18:29:31.65 - <info> (mqtt)Message_send:{ "CMD": "STATUS_ONLINE", "DATA": { "DEVICE_UNICAST_ID": 140 } }
(1762) 2021.05.24-18:29:31.66 - <info> (rsp)91 8f 74 0 1 0 5 7 0 
(1762) 2021.05.24-18:29:31.70 - <info> (mqtt)Message_send:{ "CMD": "STATUS_ONLINE", "DATA": { "DEVICE_UNICAST_ID": 116 } }
(1762) 2021.05.24-18:29:31.86 - <info> (rsp)91 8f 90 0 1 0 5 7 0 
(1762) 2021.05.24-18:29:31.95 - <info> (mqtt)Message_send:{ "CMD": "STATUS_ONLINE", "DATA": { "DEVICE_UNICAST_ID": 144 } }
(1762) 2021.05.24-18:29:32.11 - <info> (rsp)91 8f 84 0 1 0 5 7 0 
(1762) 2021.05.24-18:29:32.14 - <info> (mqtt)Message_send:{ "CMD": "STATUS_ONLINE", "DATA": { "DEVICE_UNICAST_ID": 132 } }
(1762) 2021.05.24-18:29:32.22 - <info> (rsp)91 8f 8a 0 1 0 5 7 0 
(1762) 2021.05.24-18:29:32.23 - <info> (mqtt)Message_send:{ "CMD": "STATUS_ONLINE", "DATA": { "DEVICE_UNICAST_ID": 138 } }
(1762) 2021.05.24-18:29:32.24 - <info> (rsp)91 8f 68 0 1 0 5 7 0 
(1762) 2021.05.24-18:29:32.26 - <info> (mqtt)Message_send:{ "CMD": "STATUS_ONLINE", "DATA": { "DEVICE_UNICAST_ID": 104 } }
(1762) 2021.05.24-18:29:32.28 - <info> (rsp)91 8f 8e 0 1 0 5 7 0 
(1762) 2021.05.24-18:29:32.28 - <info> (mqtt)Message_send:{ "CMD": "STATUS_ONLINE", "DATA": { "DEVICE_UNICAST_ID": 142 } }
(1762) 2021.05.24-18:29:32.29 - <info> (rsp)91 8f 64 0 1 0 5 7 0 
(1762) 2021.05.24-18:29:32.30 - <info> (mqtt)Message_send:{ "CMD": "STATUS_ONLINE", "DATA": { "DEVICE_UNICAST_ID": 100 } }
(1762) 2021.05.24-18:29:32.31 - <info> (rsp)91 8f 82 0 1 0 5 7 0 
(1762) 2021.05.24-18:29:32.32 - <info> (mqtt)Message_send:{ "CMD": "STATUS_ONLINE", "DATA": { "DEVICE_UNICAST_ID": 130 } }
(1763) 2021.05.24-18:31:58.57 - <info> (mqtt)Message_receive: {"CMD":"HAVE A MESSAGE"}
(1763) 2021.05.24-18:35:58.58 - <info> (mqtt)Message_receive: {"CMD":"HAVE A MESSAGE"}
(1763) 2021.05.24-18:39:58.58 - <info> (mqtt)Message_receive: {"CMD":"HAVE A MESSAGE"}
(1763) 2021.05.24-18:43:58.59 - <info> (mqtt)Message_receive: {"CMD":"HAVE A MESSAGE"}
(1762) 2021.05.24-18:46:35.11 - <info> (rsp)91 8f 72 0 1 0 5 7 0 
(1762) 2021.05.24-18:46:35.12 - <info> (mqtt)Message_send:{ "CMD": "STATUS_ONLINE", "DATA": { "DEVICE_UNICAST_ID": 114 } }
(1762) 2021.05.24-18:46:35.13 - <info> (rsp)91 8f 6c 0 1 0 5 7 0 
(1762) 2021.05.24-18:46:35.15 - <info> (mqtt)Message_send:{ "CMD": "STATUS_ONLINE", "DATA": { "DEVICE_UNICAST_ID": 108 } }
(1762) 2021.05.24-18:46:35.16 - <info> (rsp)91 8f 5a 0 1 0 5 7 0 
(1762) 2021.05.24-18:46:35.17 - <info> (mqtt)Message_send:{ "CMD": "STATUS_ONLINE", "DATA": { "DEVICE_UNICAST_ID": 90 } }
(1762) 2021.05.24-18:46:35.47 - <info> (rsp)91 8f 92 0 1 0 5 7 0 
(1762) 2021.05.24-18:46:35.48 - <info> (mqtt)Message_send:{ "CMD": "STATUS_ONLINE", "DATA": { "DEVICE_UNICAST_ID": 146 } }
(1762) 2021.05.24-18:46:35.54 - <info> (rsp)91 8f 86 0 1 0 5 7 0 
(1762) 2021.05.24-18:46:35.55 - <info> (mqtt)Message_send:{ "CMD": "STATUS_ONLINE", "DATA": { "DEVICE_UNICAST_ID": 134 } }
(1762) 2021.05.24-18:46:35.62 - <info> (rsp)91 8f 5d 0 1 0 5 7 0 
(1762) 2021.05.24-18:46:35.63 - <info> (mqtt)Message_send:{ "CMD": "STATUS_ONLINE", "DATA": { "DEVICE_UNICAST_ID": 93 } }
(1762) 2021.05.24-18:46:35.74 - <info> (rsp)91 8f 8e 0 1 0 5 7 0 
(1762) 2021.05.24-18:46:35.75 - <info> (mqtt)Message_send:{ "CMD": "STATUS_ONLINE", "DATA": { "DEVICE_UNICAST_ID": 142 } }
(1762) 2021.05.24-18:46:35.77 - <info> (rsp)91 8f 94 0 1 0 5 7 0 
(1762) 2021.05.24-18:46:35.78 - <info> (mqtt)Message_send:{ "CMD": "STATUS_ONLINE", "DATA": { "DEVICE_UNICAST_ID": 148 } }
(1762) 2021.05.24-18:46:35.79 - <info> (rsp)91 8f 82 0 1 0 5 7 0 
(1762) 2021.05.24-18:46:35.80 - <info> (mqtt)Message_send:{ "CMD": "STATUS_ONLINE", "DATA": { "DEVICE_UNICAST_ID": 130 } }
(1762) 2021.05.24-18:46:35.81 - <info> (rsp)91 8f 8c 0 1 0 5 7 0 
(1762) 2021.05.24-18:46:35.82 - <info> (mqtt)Message_send:{ "CMD": "STATUS_ONLINE", "DATA": { "DEVICE_UNICAST_ID": 140 } }
(1762) 2021.05.24-18:46:35.83 - <info> (rsp)91 8f 74 0 1 0 5 7 0 
(1762) 2021.05.24-18:46:35.84 - <info> (mqtt)Message_send:{ "CMD": "STATUS_ONLINE", "DATA": { "DEVICE_UNICAST_ID": 116 } }
(1762) 2021.05.24-18:46:35.97 - <info> (rsp)91 8f 84 0 1 0 5 7 0 
(1762) 2021.05.24-18:46:35.99 - <info> (mqtt)Message_send:{ "CMD": "STATUS_ONLINE", "DATA": { "DEVICE_UNICAST_ID": 132 } }
(1762) 2021.05.24-18:46:35.00 - <info> (rsp)91 8f 8a 0 1 0 5 7 0 
(1762) 2021.05.24-18:46:35.01 - <info> (mqtt)Message_send:{ "CMD": "STATUS_ONLINE", "DATA": { "DEVICE_UNICAST_ID": 138 } }
(1762) 2021.05.24-18:46:36.02 - <info> (rsp)91 8f 90 0 1 0 5 7 0 
(1762) 2021.05.24-18:46:36.08 - <info> (mqtt)Message_send:{ "CMD": "STATUS_ONLINE", "DATA": { "DEVICE_UNICAST_ID": 144 } }
(1762) 2021.05.24-18:46:36.11 - <info> (rsp)91 8f 64 0 1 0 5 7 0 
(1762) 2021.05.24-18:46:36.12 - <info> (mqtt)Message_send:{ "CMD": "STATUS_ONLINE", "DATA": { "DEVICE_UNICAST_ID": 100 } }
(1762) 2021.05.24-18:46:36.24 - <info> (rsp)91 8f 68 0 1 0 5 7 0 
(1762) 2021.05.24-18:46:36.25 - <info> (mqtt)Message_send:{ "CMD": "STATUS_ONLINE", "DATA": { "DEVICE_UNICAST_ID": 104 } }
(1762) 2021.05.24-18:46:36.44 - <info> (rsp)91 8f 6a 0 1 0 5 7 0 
(1762) 2021.05.24-18:46:36.46 - <info> (mqtt)Message_send:{ "CMD": "STATUS_ONLINE", "DATA": { "DEVICE_UNICAST_ID": 106 } }
(1763) 2021.05.24-18:47:58.59 - <info> (mqtt)Message_receive: {"CMD":"HAVE A MESSAGE"}
(1763) 2021.05.24-18:51:58.61 - <info> (mqtt)Message_receive: {"CMD":"HAVE A MESSAGE"}
(1684) 2021.05.24-15:47:01.26 - <info> (mqtt)192.168.100.1: Connect callback, rc=0
(1684) 2021.05.24-15:47:01.55 - <info> (mqtt)Message_send: {"CMD":"CONNECTED"}
(1683) 2021.05.24-15:48:26.58 - <info> (rsp)91 81 6c 0 ff ff 82 4e a3 28 0 7f 7 
(1683) 2021.05.24-15:48:26.67 - <info> (mqtt)Message_send:{ "CMD": "DIM", "DATA": { "DEVICE_UNICAST_ID": 108, "VALUE_DIM": 49 } }
(1683) 2021.05.24-15:48:26.84 - <info> (rsp)91 81 68 0 ff ff 82 4e 7a 1e 0 7f 8 
(1683) 2021.05.24-15:48:26.84 - <info> (mqtt)Message_send:{ "CMD": "DIM", "DATA": { "DEVICE_UNICAST_ID": 104, "VALUE_DIM": 49 } }
(1683) 2021.05.24-15:48:26.86 - <info> (rsp)91 81 5a 0 ff ff 82 4e bd 4e 0 7f 4 
(1683) 2021.05.24-15:48:26.86 - <info> (mqtt)Message_send:{ "CMD": "DIM", "DATA": { "DEVICE_UNICAST_ID": 90, "VALUE_DIM": 49 } }
(1683) 2021.05.24-15:48:26.93 - <info> (rsp)91 81 8a 0 ff ff 82 4e 5 21 0 7f 8 
(1683) 2021.05.24-15:48:26.94 - <info> (mqtt)Message_send:{ "CMD": "DIM", "DATA": { "DEVICE_UNICAST_ID": 138, "VALUE_DIM": 49 } }
(1683) 2021.05.24-15:48:27.10 - <info> (rsp)91 81 72 0 ff ff 82 4e 99 65 0 7f 3 
(1683) 2021.05.24-15:48:27.11 - <info> (mqtt)Message_send:{ "CMD": "DIM", "DATA": { "DEVICE_UNICAST_ID": 114, "VALUE_DIM": 49 } }
(1683) 2021.05.24-15:48:27.13 - <info> (rsp)91 81 64 0 ff ff 82 4e 42 30 0 7f 7 
(1683) 2021.05.24-15:48:27.13 - <info> (mqtt)Message_send:{ "CMD": "DIM", "DATA": { "DEVICE_UNICAST_ID": 100, "VALUE_DIM": 49 } }
(1683) 2021.05.24-15:48:27.20 - <info> (rsp)91 81 6a 0 ff ff 82 4e a8 49 0 7f 5 
(1683) 2021.05.24-15:48:27.20 - <info> (mqtt)Message_send:{ "CMD": "DIM", "DATA": { "DEVICE_UNICAST_ID": 106, "VALUE_DIM": 49 } }
(1683) 2021.05.24-15:48:27.47 - <info> (rsp)91 81 82 0 ff ff 82 4e 38 6d 0 7f 2 
(1683) 2021.05.24-15:48:27.47 - <info> (mqtt)Message_send:{ "CMD": "DIM", "DATA": { "DEVICE_UNICAST_ID": 130, "VALUE_DIM": 49 } }
(1683) 2021.05.24-15:48:27.65 - <info> (rsp)91 81 8e 0 ff ff 82 4e ff 7e 0 7f 1 
(1683) 2021.05.24-15:48:27.65 - <info> (mqtt)Message_send:{ "CMD": "DIM", "DATA": { "DEVICE_UNICAST_ID": 142, "VALUE_DIM": 49 } }
(1683) 2021.05.24-15:48:27.66 - <info> (rsp)91 81 90 0 ff ff 82 4e 0 7f 
(1683) 2021.05.24-15:48:27.67 - <info> (mqtt)Message_send:{ "CMD": "DIM", "DATA": { "DEVICE_UNICAST_ID": 144, "VALUE_DIM": 49 } }
(1683) 2021.05.24-15:48:27.77 - <info> (rsp)91 81 92 0 ff ff 82 4e 0 7f 
(1683) 2021.05.24-15:48:27.79 - <info> (mqtt)Message_send:{ "CMD": "DIM", "DATA": { "DEVICE_UNICAST_ID": 146, "VALUE_DIM": 49 } }
(1683) 2021.05.24-15:48:27.89 - <info> (rsp)91 81 8c 0 ff ff 82 4e 0 7f 
(1683) 2021.05.24-15:48:27.91 - <info> (mqtt)Message_send:{ "CMD": "DIM", "DATA": { "DEVICE_UNICAST_ID": 140, "VALUE_DIM": 49 } }
(1683) 2021.05.24-15:48:28.11 - <info> (rsp)91 81 94 0 ff ff 82 4e 0 7f 
(1683) 2021.05.24-15:48:28.15 - <info> (mqtt)Message_send:{ "CMD": "DIM", "DATA": { "DEVICE_UNICAST_ID": 148, "VALUE_DIM": 49 } }
(1683) 2021.05.24-15:48:28.15 - <info> (rsp)91 81 86 0 ff ff 82 4e 0 7f 
(1683) 2021.05.24-15:48:28.16 - <info> (mqtt)Message_send:{ "CMD": "DIM", "DATA": { "DEVICE_UNICAST_ID": 134, "VALUE_DIM": 49 } }
(1683) 2021.05.24-15:48:28.22 - <info> (rsp)91 81 5d 0 ff ff 82 4e 0 7f 
(1683) 2021.05.24-15:48:28.22 - <info> (mqtt)Message_send:{ "CMD": "DIM", "DATA": { "DEVICE_UNICAST_ID": 93, "VALUE_DIM": 49 } }
(1683) 2021.05.24-15:48:28.27 - <info> (rsp)91 81 84 0 ff ff 82 4e 0 7f 
(1683) 2021.05.24-15:48:28.29 - <info> (mqtt)Message_send:{ "CMD": "DIM", "DATA": { "DEVICE_UNICAST_ID": 132, "VALUE_DIM": 49 } }
(1683) 2021.05.24-15:48:28.36 - <info> (rsp)91 81 74 0 ff ff 82 4e 0 7f 
(1683) 2021.05.24-15:48:28.37 - <info> (mqtt)Message_send:{ "CMD": "DIM", "DATA": { "DEVICE_UNICAST_ID": 116, "VALUE_DIM": 49 } }
